-- The C compiler identification is GNU 11.3.0
-- The CXX compiler identification is GNU 11.3.0
-- Detecting C compiler ABI info
-- Detecting C compiler ABI info - done
-- Check for working C compiler: /usr/bin/cc - skipped
-- Detecting C compile features
-- Detecting C compile features - done
-- Detecting CXX compiler ABI info
-- Detecting CXX compiler ABI info - done
-- Check for working CXX compiler: /usr/bin/c++ - skipped
-- Detecting CXX compile features
-- Detecting CXX compile features - done
-- Found ament_cmake: 1.3.3 (/opt/ros/humble/share/ament_cmake/cmake)
-- Found Python3: /usr/bin/python3.10 (found version "3.10.6") found components: Interpreter 
-- Override CMake install command with custom implementation using symlinks instead of copying resources
-- Found ament_lint_auto: 0.12.5 (/opt/ros/humble/share/ament_lint_auto/cmake)
-- Added test 'lint_cmake' to check CMake code style
-- Added test 'xmllint' to check XML markup files
-- Configuring done
-- Generating done
-- Build files have been written to: /home/pan/Documents/Freelance/work01_ws/build/robot_navigation
-- Install configuration: ""
-- Execute custom install script
-- Symlinking: /home/pan/Documents/Freelance/work01_ws/install/robot_navigation/share/ament_index/resource_index/package_run_dependencies/robot_navigation
-- Symlinking: /home/pan/Documents/Freelance/work01_ws/install/robot_navigation/share/ament_index/resource_index/parent_prefix_path/robot_navigation
-- Symlinking: /home/pan/Documents/Freelance/work01_ws/install/robot_navigation/share/robot_navigation/environment/ament_prefix_path.sh
-- Symlinking: /home/pan/Documents/Freelance/work01_ws/install/robot_navigation/share/robot_navigation/environment/ament_prefix_path.dsv
-- Symlinking: /home/pan/Documents/Freelance/work01_ws/install/robot_navigation/share/robot_navigation/environment/path.sh
-- Symlinking: /home/pan/Documents/Freelance/work01_ws/install/robot_navigation/share/robot_navigation/environment/path.dsv
-- Symlinking: /home/pan/Documents/Freelance/work01_ws/install/robot_navigation/share/robot_navigation/local_setup.bash
-- Symlinking: /home/pan/Documents/Freelance/work01_ws/install/robot_navigation/share/robot_navigation/local_setup.sh
-- Symlinking: /home/pan/Documents/Freelance/work01_ws/install/robot_navigation/share/robot_navigation/local_setup.zsh
-- Symlinking: /home/pan/Documents/Freelance/work01_ws/install/robot_navigation/share/robot_navigation/local_setup.dsv
-- Symlinking: /home/pan/Documents/Freelance/work01_ws/install/robot_navigation/share/robot_navigation/package.dsv
-- Symlinking: /home/pan/Documents/Freelance/work01_ws/install/robot_navigation/share/ament_index/resource_index/packages/robot_navigation
-- Symlinking: /home/pan/Documents/Freelance/work01_ws/install/robot_navigation/share/robot_navigation/cmake/robot_navigationConfig.cmake
-- Symlinking: /home/pan/Documents/Freelance/work01_ws/install/robot_navigation/share/robot_navigation/cmake/robot_navigationConfig-version.cmake
-- Symlinking: /home/pan/Documents/Freelance/work01_ws/install/robot_navigation/share/robot_navigation/package.xml
