[0.241s] DEBUG:colcon:Command line arguments: ['/usr/bin/colcon', 'build', '--symlink-install']
[0.241s] DEBUG:colcon:Parsed command line arguments: Namespace(log_base=None, log_level=None, verb_name='build', build_base='build', install_base='install', merge_install=False, symlink_install=True, test_result_base=None, continue_on_error=False, executor='parallel', parallel_workers=12, event_handlers=None, ignore_user_meta=False, metas=['./colcon.meta'], base_paths=['.'], packages_ignore=None, packages_ignore_regex=None, paths=None, packages_up_to=None, packages_up_to_regex=None, packages_above=None, packages_above_and_dependencies=None, packages_above_depth=None, packages_select_by_dep=None, packages_skip_by_dep=None, packages_skip_up_to=None, packages_select_build_failed=False, packages_skip_build_finished=False, packages_select_test_failures=False, packages_skip_test_passed=False, packages_select=None, packages_skip=None, packages_select_regex=None, packages_skip_regex=None, packages_start=None, packages_end=None, allow_overriding=[], cmake_args=None, cmake_target=None, cmake_target_skip_unavailable=False, cmake_clean_cache=False, cmake_clean_first=False, cmake_force_configure=False, ament_cmake_args=None, catkin_cmake_args=None, catkin_skip_building_tests=False, verb_parser=<colcon_defaults.argument_parser.defaults.DefaultArgumentsDecorator object at 0x7f0fb53e9c00>, verb_extension=<colcon_core.verb.build.BuildVerb object at 0x7f0fb5307c70>, main=<bound method BuildVerb.main of <colcon_core.verb.build.BuildVerb object at 0x7f0fb5307c70>>)
[0.272s] Level 1:colcon.colcon_core.package_discovery:discover_packages(colcon_meta) check parameters
[0.272s] Level 1:colcon.colcon_core.package_discovery:discover_packages(recursive) check parameters
[0.272s] Level 1:colcon.colcon_core.package_discovery:discover_packages(ignore) check parameters
[0.272s] Level 1:colcon.colcon_core.package_discovery:discover_packages(path) check parameters
[0.272s] Level 1:colcon.colcon_core.package_discovery:discover_packages(colcon_meta) discover
[0.272s] Level 1:colcon.colcon_core.package_discovery:discover_packages(recursive) discover
[0.272s] INFO:colcon.colcon_core.package_discovery:Crawling recursively for packages in '/home/pan/Documents/Freelance/work01_ws'
[0.272s] Level 1:colcon.colcon_core.package_identification:_identify(.) by extensions ['ignore', 'ignore_ament_install']
[0.272s] Level 1:colcon.colcon_core.package_identification:_identify(.) by extension 'ignore'
[0.272s] Level 1:colcon.colcon_core.package_identification:_identify(.) by extension 'ignore_ament_install'
[0.272s] Level 1:colcon.colcon_core.package_identification:_identify(.) by extensions ['colcon_pkg']
[0.272s] Level 1:colcon.colcon_core.package_identification:_identify(.) by extension 'colcon_pkg'
[0.272s] Level 1:colcon.colcon_core.package_identification:_identify(.) by extensions ['colcon_meta']
[0.272s] Level 1:colcon.colcon_core.package_identification:_identify(.) by extension 'colcon_meta'
[0.272s] Level 1:colcon.colcon_core.package_identification:_identify(.) by extensions ['ros']
[0.272s] Level 1:colcon.colcon_core.package_identification:_identify(.) by extension 'ros'
[0.282s] Level 1:colcon.colcon_core.package_identification:_identify(.) by extensions ['cmake', 'python']
[0.282s] Level 1:colcon.colcon_core.package_identification:_identify(.) by extension 'cmake'
[0.282s] Level 1:colcon.colcon_core.package_identification:_identify(.) by extension 'python'
[0.282s] Level 1:colcon.colcon_core.package_identification:_identify(.) by extensions ['python_setup_py']
[0.282s] Level 1:colcon.colcon_core.package_identification:_identify(.) by extension 'python_setup_py'
[0.282s] Level 1:colcon.colcon_core.package_identification:_identify(build) by extensions ['ignore', 'ignore_ament_install']
[0.282s] Level 1:colcon.colcon_core.package_identification:_identify(build) by extension 'ignore'
[0.282s] Level 1:colcon.colcon_core.package_identification:_identify(build) ignored
[0.282s] Level 1:colcon.colcon_core.package_identification:_identify(install) by extensions ['ignore', 'ignore_ament_install']
[0.282s] Level 1:colcon.colcon_core.package_identification:_identify(install) by extension 'ignore'
[0.282s] Level 1:colcon.colcon_core.package_identification:_identify(install) ignored
[0.282s] Level 1:colcon.colcon_core.package_identification:_identify(log) by extensions ['ignore', 'ignore_ament_install']
[0.282s] Level 1:colcon.colcon_core.package_identification:_identify(log) by extension 'ignore'
[0.282s] Level 1:colcon.colcon_core.package_identification:_identify(log) ignored
[0.283s] Level 1:colcon.colcon_core.package_identification:_identify(src) by extensions ['ignore', 'ignore_ament_install']
[0.283s] Level 1:colcon.colcon_core.package_identification:_identify(src) by extension 'ignore'
[0.283s] Level 1:colcon.colcon_core.package_identification:_identify(src) by extension 'ignore_ament_install'
[0.283s] Level 1:colcon.colcon_core.package_identification:_identify(src) by extensions ['colcon_pkg']
[0.283s] Level 1:colcon.colcon_core.package_identification:_identify(src) by extension 'colcon_pkg'
[0.283s] Level 1:colcon.colcon_core.package_identification:_identify(src) by extensions ['colcon_meta']
[0.283s] Level 1:colcon.colcon_core.package_identification:_identify(src) by extension 'colcon_meta'
[0.283s] Level 1:colcon.colcon_core.package_identification:_identify(src) by extensions ['ros']
[0.283s] Level 1:colcon.colcon_core.package_identification:_identify(src) by extension 'ros'
[0.283s] Level 1:colcon.colcon_core.package_identification:_identify(src) by extensions ['cmake', 'python']
[0.283s] Level 1:colcon.colcon_core.package_identification:_identify(src) by extension 'cmake'
[0.283s] Level 1:colcon.colcon_core.package_identification:_identify(src) by extension 'python'
[0.283s] Level 1:colcon.colcon_core.package_identification:_identify(src) by extensions ['python_setup_py']
[0.283s] Level 1:colcon.colcon_core.package_identification:_identify(src) by extension 'python_setup_py'
[0.283s] Level 1:colcon.colcon_core.package_identification:_identify(src/robot_description) by extensions ['ignore', 'ignore_ament_install']
[0.283s] Level 1:colcon.colcon_core.package_identification:_identify(src/robot_description) by extension 'ignore'
[0.283s] Level 1:colcon.colcon_core.package_identification:_identify(src/robot_description) by extension 'ignore_ament_install'
[0.283s] Level 1:colcon.colcon_core.package_identification:_identify(src/robot_description) by extensions ['colcon_pkg']
[0.283s] Level 1:colcon.colcon_core.package_identification:_identify(src/robot_description) by extension 'colcon_pkg'
[0.283s] Level 1:colcon.colcon_core.package_identification:_identify(src/robot_description) by extensions ['colcon_meta']
[0.283s] Level 1:colcon.colcon_core.package_identification:_identify(src/robot_description) by extension 'colcon_meta'
[0.283s] Level 1:colcon.colcon_core.package_identification:_identify(src/robot_description) by extensions ['ros']
[0.283s] Level 1:colcon.colcon_core.package_identification:_identify(src/robot_description) by extension 'ros'
[0.286s] DEBUG:colcon.colcon_core.package_identification:Package 'src/robot_description' with type 'ros.ament_cmake' and name 'robot_description'
[0.286s] Level 1:colcon.colcon_core.package_identification:_identify(src/robot_navigation) by extensions ['ignore', 'ignore_ament_install']
[0.286s] Level 1:colcon.colcon_core.package_identification:_identify(src/robot_navigation) by extension 'ignore'
[0.286s] Level 1:colcon.colcon_core.package_identification:_identify(src/robot_navigation) by extension 'ignore_ament_install'
[0.286s] Level 1:colcon.colcon_core.package_identification:_identify(src/robot_navigation) by extensions ['colcon_pkg']
[0.286s] Level 1:colcon.colcon_core.package_identification:_identify(src/robot_navigation) by extension 'colcon_pkg'
[0.286s] Level 1:colcon.colcon_core.package_identification:_identify(src/robot_navigation) by extensions ['colcon_meta']
[0.286s] Level 1:colcon.colcon_core.package_identification:_identify(src/robot_navigation) by extension 'colcon_meta'
[0.286s] Level 1:colcon.colcon_core.package_identification:_identify(src/robot_navigation) by extensions ['ros']
[0.286s] Level 1:colcon.colcon_core.package_identification:_identify(src/robot_navigation) by extension 'ros'
[0.286s] DEBUG:colcon.colcon_core.package_identification:Package 'src/robot_navigation' with type 'ros.ament_cmake' and name 'robot_navigation'
[0.286s] Level 1:colcon.colcon_core.package_identification:_identify(src/robot_simulation) by extensions ['ignore', 'ignore_ament_install']
[0.286s] Level 1:colcon.colcon_core.package_identification:_identify(src/robot_simulation) by extension 'ignore'
[0.287s] Level 1:colcon.colcon_core.package_identification:_identify(src/robot_simulation) by extension 'ignore_ament_install'
[0.287s] Level 1:colcon.colcon_core.package_identification:_identify(src/robot_simulation) by extensions ['colcon_pkg']
[0.287s] Level 1:colcon.colcon_core.package_identification:_identify(src/robot_simulation) by extension 'colcon_pkg'
[0.287s] Level 1:colcon.colcon_core.package_identification:_identify(src/robot_simulation) by extensions ['colcon_meta']
[0.287s] Level 1:colcon.colcon_core.package_identification:_identify(src/robot_simulation) by extension 'colcon_meta'
[0.287s] Level 1:colcon.colcon_core.package_identification:_identify(src/robot_simulation) by extensions ['ros']
[0.287s] Level 1:colcon.colcon_core.package_identification:_identify(src/robot_simulation) by extension 'ros'
[0.287s] DEBUG:colcon.colcon_core.package_identification:Package 'src/robot_simulation' with type 'ros.ament_cmake' and name 'robot_simulation'
[0.288s] Level 1:colcon.colcon_core.package_identification:_identify(src/robot_slam) by extensions ['ignore', 'ignore_ament_install']
[0.288s] Level 1:colcon.colcon_core.package_identification:_identify(src/robot_slam) by extension 'ignore'
[0.288s] Level 1:colcon.colcon_core.package_identification:_identify(src/robot_slam) by extension 'ignore_ament_install'
[0.288s] Level 1:colcon.colcon_core.package_identification:_identify(src/robot_slam) by extensions ['colcon_pkg']
[0.288s] Level 1:colcon.colcon_core.package_identification:_identify(src/robot_slam) by extension 'colcon_pkg'
[0.288s] Level 1:colcon.colcon_core.package_identification:_identify(src/robot_slam) by extensions ['colcon_meta']
[0.288s] Level 1:colcon.colcon_core.package_identification:_identify(src/robot_slam) by extension 'colcon_meta'
[0.288s] Level 1:colcon.colcon_core.package_identification:_identify(src/robot_slam) by extensions ['ros']
[0.288s] Level 1:colcon.colcon_core.package_identification:_identify(src/robot_slam) by extension 'ros'
[0.288s] DEBUG:colcon.colcon_core.package_identification:Package 'src/robot_slam' with type 'ros.ament_cmake' and name 'robot_slam'
[0.288s] Level 1:colcon.colcon_core.package_discovery:discover_packages(recursive) using defaults
[0.288s] Level 1:colcon.colcon_core.package_discovery:discover_packages(ignore) discover
[0.288s] Level 1:colcon.colcon_core.package_discovery:discover_packages(ignore) using defaults
[0.288s] Level 1:colcon.colcon_core.package_discovery:discover_packages(path) discover
[0.288s] Level 1:colcon.colcon_core.package_discovery:discover_packages(path) using defaults
[0.308s] Level 1:colcon.colcon_core.package_discovery:discover_packages(prefix_path) check parameters
[0.308s] Level 1:colcon.colcon_core.package_discovery:discover_packages(prefix_path) discover
[0.310s] DEBUG:colcon.colcon_installed_package_information.package_discovery:Found 4 installed packages in /home/pan/Documents/Freelance/work01_ws/install
[0.311s] DEBUG:colcon.colcon_installed_package_information.package_discovery:Found 359 installed packages in /opt/ros/humble
[0.313s] Level 1:colcon.colcon_core.package_discovery:discover_packages(prefix_path) using defaults
[0.364s] Level 5:colcon.colcon_core.verb:set package 'robot_description' build argument 'cmake_args' from command line to 'None'
[0.364s] Level 5:colcon.colcon_core.verb:set package 'robot_description' build argument 'cmake_target' from command line to 'None'
[0.364s] Level 5:colcon.colcon_core.verb:set package 'robot_description' build argument 'cmake_target_skip_unavailable' from command line to 'False'
[0.364s] Level 5:colcon.colcon_core.verb:set package 'robot_description' build argument 'cmake_clean_cache' from command line to 'False'
[0.364s] Level 5:colcon.colcon_core.verb:set package 'robot_description' build argument 'cmake_clean_first' from command line to 'False'
[0.364s] Level 5:colcon.colcon_core.verb:set package 'robot_description' build argument 'cmake_force_configure' from command line to 'False'
[0.364s] Level 5:colcon.colcon_core.verb:set package 'robot_description' build argument 'ament_cmake_args' from command line to 'None'
[0.364s] Level 5:colcon.colcon_core.verb:set package 'robot_description' build argument 'catkin_cmake_args' from command line to 'None'
[0.364s] Level 5:colcon.colcon_core.verb:set package 'robot_description' build argument 'catkin_skip_building_tests' from command line to 'False'
[0.365s] DEBUG:colcon.colcon_core.verb:Building package 'robot_description' with the following arguments: {'ament_cmake_args': None, 'build_base': '/home/pan/Documents/Freelance/work01_ws/build/robot_description', 'catkin_cmake_args': None, 'catkin_skip_building_tests': False, 'cmake_args': None, 'cmake_clean_cache': False, 'cmake_clean_first': False, 'cmake_force_configure': False, 'cmake_target': None, 'cmake_target_skip_unavailable': False, 'install_base': '/home/pan/Documents/Freelance/work01_ws/install/robot_description', 'merge_install': False, 'path': '/home/pan/Documents/Freelance/work01_ws/src/robot_description', 'symlink_install': True, 'test_result_base': None}
[0.365s] Level 5:colcon.colcon_core.verb:set package 'robot_navigation' build argument 'cmake_args' from command line to 'None'
[0.365s] Level 5:colcon.colcon_core.verb:set package 'robot_navigation' build argument 'cmake_target' from command line to 'None'
[0.365s] Level 5:colcon.colcon_core.verb:set package 'robot_navigation' build argument 'cmake_target_skip_unavailable' from command line to 'False'
[0.365s] Level 5:colcon.colcon_core.verb:set package 'robot_navigation' build argument 'cmake_clean_cache' from command line to 'False'
[0.365s] Level 5:colcon.colcon_core.verb:set package 'robot_navigation' build argument 'cmake_clean_first' from command line to 'False'
[0.365s] Level 5:colcon.colcon_core.verb:set package 'robot_navigation' build argument 'cmake_force_configure' from command line to 'False'
[0.365s] Level 5:colcon.colcon_core.verb:set package 'robot_navigation' build argument 'ament_cmake_args' from command line to 'None'
[0.365s] Level 5:colcon.colcon_core.verb:set package 'robot_navigation' build argument 'catkin_cmake_args' from command line to 'None'
[0.365s] Level 5:colcon.colcon_core.verb:set package 'robot_navigation' build argument 'catkin_skip_building_tests' from command line to 'False'
[0.365s] DEBUG:colcon.colcon_core.verb:Building package 'robot_navigation' with the following arguments: {'ament_cmake_args': None, 'build_base': '/home/pan/Documents/Freelance/work01_ws/build/robot_navigation', 'catkin_cmake_args': None, 'catkin_skip_building_tests': False, 'cmake_args': None, 'cmake_clean_cache': False, 'cmake_clean_first': False, 'cmake_force_configure': False, 'cmake_target': None, 'cmake_target_skip_unavailable': False, 'install_base': '/home/pan/Documents/Freelance/work01_ws/install/robot_navigation', 'merge_install': False, 'path': '/home/pan/Documents/Freelance/work01_ws/src/robot_navigation', 'symlink_install': True, 'test_result_base': None}
[0.366s] Level 5:colcon.colcon_core.verb:set package 'robot_slam' build argument 'cmake_args' from command line to 'None'
[0.366s] Level 5:colcon.colcon_core.verb:set package 'robot_slam' build argument 'cmake_target' from command line to 'None'
[0.366s] Level 5:colcon.colcon_core.verb:set package 'robot_slam' build argument 'cmake_target_skip_unavailable' from command line to 'False'
[0.366s] Level 5:colcon.colcon_core.verb:set package 'robot_slam' build argument 'cmake_clean_cache' from command line to 'False'
[0.366s] Level 5:colcon.colcon_core.verb:set package 'robot_slam' build argument 'cmake_clean_first' from command line to 'False'
[0.366s] Level 5:colcon.colcon_core.verb:set package 'robot_slam' build argument 'cmake_force_configure' from command line to 'False'
[0.366s] Level 5:colcon.colcon_core.verb:set package 'robot_slam' build argument 'ament_cmake_args' from command line to 'None'
[0.366s] Level 5:colcon.colcon_core.verb:set package 'robot_slam' build argument 'catkin_cmake_args' from command line to 'None'
[0.366s] Level 5:colcon.colcon_core.verb:set package 'robot_slam' build argument 'catkin_skip_building_tests' from command line to 'False'
[0.366s] DEBUG:colcon.colcon_core.verb:Building package 'robot_slam' with the following arguments: {'ament_cmake_args': None, 'build_base': '/home/pan/Documents/Freelance/work01_ws/build/robot_slam', 'catkin_cmake_args': None, 'catkin_skip_building_tests': False, 'cmake_args': None, 'cmake_clean_cache': False, 'cmake_clean_first': False, 'cmake_force_configure': False, 'cmake_target': None, 'cmake_target_skip_unavailable': False, 'install_base': '/home/pan/Documents/Freelance/work01_ws/install/robot_slam', 'merge_install': False, 'path': '/home/pan/Documents/Freelance/work01_ws/src/robot_slam', 'symlink_install': True, 'test_result_base': None}
[0.367s] Level 5:colcon.colcon_core.verb:set package 'robot_simulation' build argument 'cmake_args' from command line to 'None'
[0.367s] Level 5:colcon.colcon_core.verb:set package 'robot_simulation' build argument 'cmake_target' from command line to 'None'
[0.367s] Level 5:colcon.colcon_core.verb:set package 'robot_simulation' build argument 'cmake_target_skip_unavailable' from command line to 'False'
[0.367s] Level 5:colcon.colcon_core.verb:set package 'robot_simulation' build argument 'cmake_clean_cache' from command line to 'False'
[0.367s] Level 5:colcon.colcon_core.verb:set package 'robot_simulation' build argument 'cmake_clean_first' from command line to 'False'
[0.367s] Level 5:colcon.colcon_core.verb:set package 'robot_simulation' build argument 'cmake_force_configure' from command line to 'False'
[0.367s] Level 5:colcon.colcon_core.verb:set package 'robot_simulation' build argument 'ament_cmake_args' from command line to 'None'
[0.367s] Level 5:colcon.colcon_core.verb:set package 'robot_simulation' build argument 'catkin_cmake_args' from command line to 'None'
[0.367s] Level 5:colcon.colcon_core.verb:set package 'robot_simulation' build argument 'catkin_skip_building_tests' from command line to 'False'
[0.367s] DEBUG:colcon.colcon_core.verb:Building package 'robot_simulation' with the following arguments: {'ament_cmake_args': None, 'build_base': '/home/pan/Documents/Freelance/work01_ws/build/robot_simulation', 'catkin_cmake_args': None, 'catkin_skip_building_tests': False, 'cmake_args': None, 'cmake_clean_cache': False, 'cmake_clean_first': False, 'cmake_force_configure': False, 'cmake_target': None, 'cmake_target_skip_unavailable': False, 'install_base': '/home/pan/Documents/Freelance/work01_ws/install/robot_simulation', 'merge_install': False, 'path': '/home/pan/Documents/Freelance/work01_ws/src/robot_simulation', 'symlink_install': True, 'test_result_base': None}
[0.368s] INFO:colcon.colcon_core.executor:Executing jobs using 'parallel' executor
[0.370s] DEBUG:colcon.colcon_parallel_executor.executor.parallel:run_until_complete
[0.371s] INFO:colcon.colcon_ros.task.ament_cmake.build:Building ROS package in '/home/pan/Documents/Freelance/work01_ws/src/robot_description' with build type 'ament_cmake'
[0.371s] INFO:colcon.colcon_cmake.task.cmake.build:Building CMake package in '/home/pan/Documents/Freelance/work01_ws/src/robot_description'
[0.374s] INFO:colcon.colcon_core.plugin_system:Skipping extension 'colcon_core.shell.bat': Not used on non-Windows systems
[0.374s] INFO:colcon.colcon_core.shell:Skip shell extension 'powershell' for command environment: Not usable outside of PowerShell
[0.374s] DEBUG:colcon.colcon_core.shell:Skip shell extension 'dsv' for command environment
[0.378s] INFO:colcon.colcon_ros.task.ament_cmake.build:Building ROS package in '/home/pan/Documents/Freelance/work01_ws/src/robot_navigation' with build type 'ament_cmake'
[0.378s] INFO:colcon.colcon_cmake.task.cmake.build:Building CMake package in '/home/pan/Documents/Freelance/work01_ws/src/robot_navigation'
[0.379s] INFO:colcon.colcon_core.shell:Skip shell extension 'powershell' for command environment: Not usable outside of PowerShell
[0.380s] DEBUG:colcon.colcon_core.shell:Skip shell extension 'dsv' for command environment
[0.384s] INFO:colcon.colcon_ros.task.ament_cmake.build:Building ROS package in '/home/pan/Documents/Freelance/work01_ws/src/robot_slam' with build type 'ament_cmake'
[0.384s] INFO:colcon.colcon_cmake.task.cmake.build:Building CMake package in '/home/pan/Documents/Freelance/work01_ws/src/robot_slam'
[0.385s] INFO:colcon.colcon_core.shell:Skip shell extension 'powershell' for command environment: Not usable outside of PowerShell
[0.385s] DEBUG:colcon.colcon_core.shell:Skip shell extension 'dsv' for command environment
[0.394s] DEBUG:colcon.colcon_core.event_handler.log_command:Invoking command in '/home/pan/Documents/Freelance/work01_ws/build/robot_description': CMAKE_PREFIX_PATH=${CMAKE_PREFIX_PATH}:/opt/ros/humble /usr/bin/cmake --build /home/pan/Documents/Freelance/work01_ws/build/robot_description -- -j12 -l12
[0.398s] DEBUG:colcon.colcon_core.event_handler.log_command:Invoking command in '/home/pan/Documents/Freelance/work01_ws/build/robot_navigation': CMAKE_PREFIX_PATH=${CMAKE_PREFIX_PATH}:/opt/ros/humble /usr/bin/cmake --build /home/pan/Documents/Freelance/work01_ws/build/robot_navigation -- -j12 -l12
[0.403s] DEBUG:colcon.colcon_core.event_handler.log_command:Invoking command in '/home/pan/Documents/Freelance/work01_ws/build/robot_slam': CMAKE_PREFIX_PATH=${CMAKE_PREFIX_PATH}:/opt/ros/humble /usr/bin/cmake --build /home/pan/Documents/Freelance/work01_ws/build/robot_slam -- -j12 -l12
[0.432s] DEBUG:colcon.colcon_core.event_handler.log_command:Invoked command in '/home/pan/Documents/Freelance/work01_ws/build/robot_navigation' returned '0': CMAKE_PREFIX_PATH=${CMAKE_PREFIX_PATH}:/opt/ros/humble /usr/bin/cmake --build /home/pan/Documents/Freelance/work01_ws/build/robot_navigation -- -j12 -l12
[0.433s] DEBUG:colcon.colcon_core.event_handler.log_command:Invoked command in '/home/pan/Documents/Freelance/work01_ws/build/robot_description' returned '0': CMAKE_PREFIX_PATH=${CMAKE_PREFIX_PATH}:/opt/ros/humble /usr/bin/cmake --build /home/pan/Documents/Freelance/work01_ws/build/robot_description -- -j12 -l12
[0.440s] DEBUG:colcon.colcon_core.event_handler.log_command:Invoked command in '/home/pan/Documents/Freelance/work01_ws/build/robot_slam' returned '0': CMAKE_PREFIX_PATH=${CMAKE_PREFIX_PATH}:/opt/ros/humble /usr/bin/cmake --build /home/pan/Documents/Freelance/work01_ws/build/robot_slam -- -j12 -l12
[0.458s] DEBUG:colcon.colcon_core.event_handler.log_command:Invoking command in '/home/pan/Documents/Freelance/work01_ws/build/robot_navigation': CMAKE_PREFIX_PATH=${CMAKE_PREFIX_PATH}:/opt/ros/humble /usr/bin/cmake --install /home/pan/Documents/Freelance/work01_ws/build/robot_navigation
[0.459s] DEBUG:colcon.colcon_core.event_handler.log_command:Invoking command in '/home/pan/Documents/Freelance/work01_ws/build/robot_description': CMAKE_PREFIX_PATH=${CMAKE_PREFIX_PATH}:/opt/ros/humble /usr/bin/cmake --install /home/pan/Documents/Freelance/work01_ws/build/robot_description
[0.462s] DEBUG:colcon.colcon_core.event_handler.log_command:Invoking command in '/home/pan/Documents/Freelance/work01_ws/build/robot_slam': CMAKE_PREFIX_PATH=${CMAKE_PREFIX_PATH}:/opt/ros/humble /usr/bin/cmake --install /home/pan/Documents/Freelance/work01_ws/build/robot_slam
[0.480s] Level 1:colcon.colcon_core.environment:create_environment_scripts_only(robot_description)
[0.481s] DEBUG:colcon.colcon_core.event_handler.log_command:Invoked command in '/home/pan/Documents/Freelance/work01_ws/build/robot_description' returned '0': CMAKE_PREFIX_PATH=${CMAKE_PREFIX_PATH}:/opt/ros/humble /usr/bin/cmake --install /home/pan/Documents/Freelance/work01_ws/build/robot_description
[0.487s] Level 1:colcon.colcon_core.environment:checking '/home/pan/Documents/Freelance/work01_ws/install/robot_description' for CMake module files
[0.488s] Level 1:colcon.colcon_core.environment:checking '/home/pan/Documents/Freelance/work01_ws/install/robot_description' for CMake config files
[0.488s] Level 1:colcon.colcon_core.shell:create_environment_hook('robot_description', 'cmake_prefix_path')
[0.489s] INFO:colcon.colcon_core.shell:Creating environment hook '/home/pan/Documents/Freelance/work01_ws/install/robot_description/share/robot_description/hook/cmake_prefix_path.ps1'
[0.490s] INFO:colcon.colcon_core.shell:Creating environment descriptor '/home/pan/Documents/Freelance/work01_ws/install/robot_description/share/robot_description/hook/cmake_prefix_path.dsv'
[0.490s] INFO:colcon.colcon_core.shell:Creating environment hook '/home/pan/Documents/Freelance/work01_ws/install/robot_description/share/robot_description/hook/cmake_prefix_path.sh'
[0.491s] Level 1:colcon.colcon_core.environment:checking '/home/pan/Documents/Freelance/work01_ws/install/robot_description/bin'
[0.491s] Level 1:colcon.colcon_core.environment:checking '/home/pan/Documents/Freelance/work01_ws/install/robot_description/lib/pkgconfig/robot_description.pc'
[0.492s] Level 1:colcon.colcon_core.environment:checking '/home/pan/Documents/Freelance/work01_ws/install/robot_description/lib/python3.10/site-packages'
[0.492s] Level 1:colcon.colcon_core.environment:checking '/home/pan/Documents/Freelance/work01_ws/install/robot_description/bin'
[0.493s] INFO:colcon.colcon_core.shell:Creating package script '/home/pan/Documents/Freelance/work01_ws/install/robot_description/share/robot_description/package.ps1'
[0.494s] INFO:colcon.colcon_core.shell:Creating package descriptor '/home/pan/Documents/Freelance/work01_ws/install/robot_description/share/robot_description/package.dsv'
[0.494s] INFO:colcon.colcon_core.shell:Creating package script '/home/pan/Documents/Freelance/work01_ws/install/robot_description/share/robot_description/package.sh'
[0.495s] INFO:colcon.colcon_core.shell:Creating package script '/home/pan/Documents/Freelance/work01_ws/install/robot_description/share/robot_description/package.bash'
[0.496s] INFO:colcon.colcon_core.shell:Creating package script '/home/pan/Documents/Freelance/work01_ws/install/robot_description/share/robot_description/package.zsh'
[0.498s] Level 1:colcon.colcon_core.environment:create_file_with_runtime_dependencies(/home/pan/Documents/Freelance/work01_ws/install/robot_description/share/colcon-core/packages/robot_description)
[0.501s] Level 1:colcon.colcon_core.environment:create_environment_scripts_only(robot_slam)
[0.502s] Level 1:colcon.colcon_core.environment:checking '/home/pan/Documents/Freelance/work01_ws/install/robot_slam' for CMake module files
[0.503s] DEBUG:colcon.colcon_core.event_handler.log_command:Invoked command in '/home/pan/Documents/Freelance/work01_ws/build/robot_slam' returned '0': CMAKE_PREFIX_PATH=${CMAKE_PREFIX_PATH}:/opt/ros/humble /usr/bin/cmake --install /home/pan/Documents/Freelance/work01_ws/build/robot_slam
[0.504s] Level 1:colcon.colcon_core.environment:checking '/home/pan/Documents/Freelance/work01_ws/install/robot_slam' for CMake config files
[0.504s] Level 1:colcon.colcon_core.shell:create_environment_hook('robot_slam', 'cmake_prefix_path')
[0.505s] INFO:colcon.colcon_core.shell:Creating environment hook '/home/pan/Documents/Freelance/work01_ws/install/robot_slam/share/robot_slam/hook/cmake_prefix_path.ps1'
[0.506s] INFO:colcon.colcon_core.shell:Creating environment descriptor '/home/pan/Documents/Freelance/work01_ws/install/robot_slam/share/robot_slam/hook/cmake_prefix_path.dsv'
[0.506s] INFO:colcon.colcon_core.shell:Creating environment hook '/home/pan/Documents/Freelance/work01_ws/install/robot_slam/share/robot_slam/hook/cmake_prefix_path.sh'
[0.507s] Level 1:colcon.colcon_core.environment:checking '/home/pan/Documents/Freelance/work01_ws/install/robot_slam/bin'
[0.507s] Level 1:colcon.colcon_core.environment:checking '/home/pan/Documents/Freelance/work01_ws/install/robot_slam/lib/pkgconfig/robot_slam.pc'
[0.507s] Level 1:colcon.colcon_core.environment:checking '/home/pan/Documents/Freelance/work01_ws/install/robot_slam/lib/python3.10/site-packages'
[0.508s] Level 1:colcon.colcon_core.environment:checking '/home/pan/Documents/Freelance/work01_ws/install/robot_slam/bin'
[0.509s] INFO:colcon.colcon_core.shell:Creating package script '/home/pan/Documents/Freelance/work01_ws/install/robot_slam/share/robot_slam/package.ps1'
[0.510s] INFO:colcon.colcon_core.shell:Creating package descriptor '/home/pan/Documents/Freelance/work01_ws/install/robot_slam/share/robot_slam/package.dsv'
[0.510s] INFO:colcon.colcon_core.shell:Creating package script '/home/pan/Documents/Freelance/work01_ws/install/robot_slam/share/robot_slam/package.sh'
[0.511s] INFO:colcon.colcon_core.shell:Creating package script '/home/pan/Documents/Freelance/work01_ws/install/robot_slam/share/robot_slam/package.bash'
[0.511s] INFO:colcon.colcon_core.shell:Creating package script '/home/pan/Documents/Freelance/work01_ws/install/robot_slam/share/robot_slam/package.zsh'
[0.511s] Level 1:colcon.colcon_core.environment:create_file_with_runtime_dependencies(/home/pan/Documents/Freelance/work01_ws/install/robot_slam/share/colcon-core/packages/robot_slam)
[0.513s] Level 1:colcon.colcon_core.environment:create_environment_scripts_only(robot_navigation)
[0.515s] Level 1:colcon.colcon_core.environment:checking '/home/pan/Documents/Freelance/work01_ws/install/robot_navigation' for CMake module files
[0.515s] DEBUG:colcon.colcon_core.event_handler.log_command:Invoked command in '/home/pan/Documents/Freelance/work01_ws/build/robot_navigation' returned '0': CMAKE_PREFIX_PATH=${CMAKE_PREFIX_PATH}:/opt/ros/humble /usr/bin/cmake --install /home/pan/Documents/Freelance/work01_ws/build/robot_navigation
[0.516s] Level 1:colcon.colcon_core.environment:checking '/home/pan/Documents/Freelance/work01_ws/install/robot_navigation' for CMake config files
[0.516s] Level 1:colcon.colcon_core.shell:create_environment_hook('robot_navigation', 'cmake_prefix_path')
[0.518s] INFO:colcon.colcon_core.shell:Creating environment hook '/home/pan/Documents/Freelance/work01_ws/install/robot_navigation/share/robot_navigation/hook/cmake_prefix_path.ps1'
[0.518s] INFO:colcon.colcon_core.shell:Creating environment descriptor '/home/pan/Documents/Freelance/work01_ws/install/robot_navigation/share/robot_navigation/hook/cmake_prefix_path.dsv'
[0.519s] INFO:colcon.colcon_core.shell:Creating environment hook '/home/pan/Documents/Freelance/work01_ws/install/robot_navigation/share/robot_navigation/hook/cmake_prefix_path.sh'
[0.519s] Level 1:colcon.colcon_core.environment:checking '/home/pan/Documents/Freelance/work01_ws/install/robot_navigation/bin'
[0.519s] Level 1:colcon.colcon_core.environment:checking '/home/pan/Documents/Freelance/work01_ws/install/robot_navigation/lib/pkgconfig/robot_navigation.pc'
[0.519s] Level 1:colcon.colcon_core.environment:checking '/home/pan/Documents/Freelance/work01_ws/install/robot_navigation/lib/python3.10/site-packages'
[0.520s] Level 1:colcon.colcon_core.environment:checking '/home/pan/Documents/Freelance/work01_ws/install/robot_navigation/bin'
[0.521s] INFO:colcon.colcon_core.shell:Creating package script '/home/pan/Documents/Freelance/work01_ws/install/robot_navigation/share/robot_navigation/package.ps1'
[0.521s] INFO:colcon.colcon_core.shell:Creating package descriptor '/home/pan/Documents/Freelance/work01_ws/install/robot_navigation/share/robot_navigation/package.dsv'
[0.522s] INFO:colcon.colcon_core.shell:Creating package script '/home/pan/Documents/Freelance/work01_ws/install/robot_navigation/share/robot_navigation/package.sh'
[0.522s] INFO:colcon.colcon_core.shell:Creating package script '/home/pan/Documents/Freelance/work01_ws/install/robot_navigation/share/robot_navigation/package.bash'
[0.522s] INFO:colcon.colcon_core.shell:Creating package script '/home/pan/Documents/Freelance/work01_ws/install/robot_navigation/share/robot_navigation/package.zsh'
[0.523s] Level 1:colcon.colcon_core.environment:create_file_with_runtime_dependencies(/home/pan/Documents/Freelance/work01_ws/install/robot_navigation/share/colcon-core/packages/robot_navigation)
[0.526s] Level 1:colcon.colcon_core.environment:create_environment_scripts_only(robot_description)
[0.528s] Level 1:colcon.colcon_core.environment:checking '/home/pan/Documents/Freelance/work01_ws/install/robot_description' for CMake module files
[0.528s] Level 1:colcon.colcon_core.environment:checking '/home/pan/Documents/Freelance/work01_ws/install/robot_description' for CMake config files
[0.528s] Level 1:colcon.colcon_core.shell:create_environment_hook('robot_description', 'cmake_prefix_path')
[0.530s] INFO:colcon.colcon_core.shell:Creating environment hook '/home/pan/Documents/Freelance/work01_ws/install/robot_description/share/robot_description/hook/cmake_prefix_path.ps1'
[0.530s] INFO:colcon.colcon_core.shell:Creating environment descriptor '/home/pan/Documents/Freelance/work01_ws/install/robot_description/share/robot_description/hook/cmake_prefix_path.dsv'
[0.531s] INFO:colcon.colcon_core.shell:Creating environment hook '/home/pan/Documents/Freelance/work01_ws/install/robot_description/share/robot_description/hook/cmake_prefix_path.sh'
[0.531s] Level 1:colcon.colcon_core.environment:checking '/home/pan/Documents/Freelance/work01_ws/install/robot_description/bin'
[0.531s] Level 1:colcon.colcon_core.environment:checking '/home/pan/Documents/Freelance/work01_ws/install/robot_description/lib/pkgconfig/robot_description.pc'
[0.532s] Level 1:colcon.colcon_core.environment:checking '/home/pan/Documents/Freelance/work01_ws/install/robot_description/lib/python3.10/site-packages'
[0.532s] Level 1:colcon.colcon_core.environment:checking '/home/pan/Documents/Freelance/work01_ws/install/robot_description/bin'
[0.533s] INFO:colcon.colcon_core.shell:Creating package script '/home/pan/Documents/Freelance/work01_ws/install/robot_description/share/robot_description/package.ps1'
[0.534s] INFO:colcon.colcon_core.shell:Creating package descriptor '/home/pan/Documents/Freelance/work01_ws/install/robot_description/share/robot_description/package.dsv'
[0.534s] INFO:colcon.colcon_core.shell:Creating package script '/home/pan/Documents/Freelance/work01_ws/install/robot_description/share/robot_description/package.sh'
[0.535s] INFO:colcon.colcon_core.shell:Creating package script '/home/pan/Documents/Freelance/work01_ws/install/robot_description/share/robot_description/package.bash'
[0.535s] INFO:colcon.colcon_core.shell:Creating package script '/home/pan/Documents/Freelance/work01_ws/install/robot_description/share/robot_description/package.zsh'
[0.535s] Level 1:colcon.colcon_core.environment:create_file_with_runtime_dependencies(/home/pan/Documents/Freelance/work01_ws/install/robot_description/share/colcon-core/packages/robot_description)
[0.536s] INFO:colcon.colcon_ros.task.ament_cmake.build:Building ROS package in '/home/pan/Documents/Freelance/work01_ws/src/robot_simulation' with build type 'ament_cmake'
[0.536s] INFO:colcon.colcon_cmake.task.cmake.build:Building CMake package in '/home/pan/Documents/Freelance/work01_ws/src/robot_simulation'
[0.537s] INFO:colcon.colcon_core.shell:Skip shell extension 'powershell' for command environment: Not usable outside of PowerShell
[0.538s] DEBUG:colcon.colcon_core.shell:Skip shell extension 'dsv' for command environment
[0.544s] Level 1:colcon.colcon_core.environment:create_environment_scripts_only(robot_slam)
[0.545s] Level 1:colcon.colcon_core.environment:checking '/home/pan/Documents/Freelance/work01_ws/install/robot_slam' for CMake module files
[0.546s] Level 1:colcon.colcon_core.environment:checking '/home/pan/Documents/Freelance/work01_ws/install/robot_slam' for CMake config files
[0.546s] Level 1:colcon.colcon_core.shell:create_environment_hook('robot_slam', 'cmake_prefix_path')
[0.547s] INFO:colcon.colcon_core.shell:Creating environment hook '/home/pan/Documents/Freelance/work01_ws/install/robot_slam/share/robot_slam/hook/cmake_prefix_path.ps1'
[0.548s] INFO:colcon.colcon_core.shell:Creating environment descriptor '/home/pan/Documents/Freelance/work01_ws/install/robot_slam/share/robot_slam/hook/cmake_prefix_path.dsv'
[0.548s] INFO:colcon.colcon_core.shell:Creating environment hook '/home/pan/Documents/Freelance/work01_ws/install/robot_slam/share/robot_slam/hook/cmake_prefix_path.sh'
[0.549s] Level 1:colcon.colcon_core.environment:checking '/home/pan/Documents/Freelance/work01_ws/install/robot_slam/bin'
[0.549s] Level 1:colcon.colcon_core.environment:checking '/home/pan/Documents/Freelance/work01_ws/install/robot_slam/lib/pkgconfig/robot_slam.pc'
[0.549s] Level 1:colcon.colcon_core.environment:checking '/home/pan/Documents/Freelance/work01_ws/install/robot_slam/lib/python3.10/site-packages'
[0.550s] Level 1:colcon.colcon_core.environment:checking '/home/pan/Documents/Freelance/work01_ws/install/robot_slam/bin'
[0.551s] INFO:colcon.colcon_core.shell:Creating package script '/home/pan/Documents/Freelance/work01_ws/install/robot_slam/share/robot_slam/package.ps1'
[0.552s] INFO:colcon.colcon_core.shell:Creating package descriptor '/home/pan/Documents/Freelance/work01_ws/install/robot_slam/share/robot_slam/package.dsv'
[0.552s] INFO:colcon.colcon_core.shell:Creating package script '/home/pan/Documents/Freelance/work01_ws/install/robot_slam/share/robot_slam/package.sh'
[0.553s] INFO:colcon.colcon_core.shell:Creating package script '/home/pan/Documents/Freelance/work01_ws/install/robot_slam/share/robot_slam/package.bash'
[0.553s] INFO:colcon.colcon_core.shell:Creating package script '/home/pan/Documents/Freelance/work01_ws/install/robot_slam/share/robot_slam/package.zsh'
[0.553s] Level 1:colcon.colcon_core.environment:create_file_with_runtime_dependencies(/home/pan/Documents/Freelance/work01_ws/install/robot_slam/share/colcon-core/packages/robot_slam)
[0.555s] Level 1:colcon.colcon_core.environment:create_environment_scripts_only(robot_navigation)
[0.556s] Level 1:colcon.colcon_core.environment:checking '/home/pan/Documents/Freelance/work01_ws/install/robot_navigation' for CMake module files
[0.557s] Level 1:colcon.colcon_core.environment:checking '/home/pan/Documents/Freelance/work01_ws/install/robot_navigation' for CMake config files
[0.557s] Level 1:colcon.colcon_core.shell:create_environment_hook('robot_navigation', 'cmake_prefix_path')
[0.558s] INFO:colcon.colcon_core.shell:Creating environment hook '/home/pan/Documents/Freelance/work01_ws/install/robot_navigation/share/robot_navigation/hook/cmake_prefix_path.ps1'
[0.558s] INFO:colcon.colcon_core.shell:Creating environment descriptor '/home/pan/Documents/Freelance/work01_ws/install/robot_navigation/share/robot_navigation/hook/cmake_prefix_path.dsv'
[0.559s] INFO:colcon.colcon_core.shell:Creating environment hook '/home/pan/Documents/Freelance/work01_ws/install/robot_navigation/share/robot_navigation/hook/cmake_prefix_path.sh'
[0.559s] Level 1:colcon.colcon_core.environment:checking '/home/pan/Documents/Freelance/work01_ws/install/robot_navigation/bin'
[0.559s] Level 1:colcon.colcon_core.environment:checking '/home/pan/Documents/Freelance/work01_ws/install/robot_navigation/lib/pkgconfig/robot_navigation.pc'
[0.559s] Level 1:colcon.colcon_core.environment:checking '/home/pan/Documents/Freelance/work01_ws/install/robot_navigation/lib/python3.10/site-packages'
[0.559s] Level 1:colcon.colcon_core.environment:checking '/home/pan/Documents/Freelance/work01_ws/install/robot_navigation/bin'
[0.560s] INFO:colcon.colcon_core.shell:Creating package script '/home/pan/Documents/Freelance/work01_ws/install/robot_navigation/share/robot_navigation/package.ps1'
[0.561s] INFO:colcon.colcon_core.shell:Creating package descriptor '/home/pan/Documents/Freelance/work01_ws/install/robot_navigation/share/robot_navigation/package.dsv'
[0.561s] INFO:colcon.colcon_core.shell:Creating package script '/home/pan/Documents/Freelance/work01_ws/install/robot_navigation/share/robot_navigation/package.sh'
[0.561s] INFO:colcon.colcon_core.shell:Creating package script '/home/pan/Documents/Freelance/work01_ws/install/robot_navigation/share/robot_navigation/package.bash'
[0.562s] INFO:colcon.colcon_core.shell:Creating package script '/home/pan/Documents/Freelance/work01_ws/install/robot_navigation/share/robot_navigation/package.zsh'
[0.562s] Level 1:colcon.colcon_core.environment:create_file_with_runtime_dependencies(/home/pan/Documents/Freelance/work01_ws/install/robot_navigation/share/colcon-core/packages/robot_navigation)
[0.567s] DEBUG:colcon.colcon_core.event_handler.log_command:Invoking command in '/home/pan/Documents/Freelance/work01_ws/build/robot_simulation': CMAKE_PREFIX_PATH=/home/pan/Documents/Freelance/work01_ws/install/robot_description:/home/pan/Documents/Freelance/work01_ws/install/robot_navigation:/home/pan/Documents/Freelance/work01_ws/install/robot_slam:/home/pan/Documents/Freelance/work01_ws/install/robot_simulation:/opt/ros/humble /usr/bin/cmake --build /home/pan/Documents/Freelance/work01_ws/build/robot_simulation -- -j12 -l12
[0.606s] DEBUG:colcon.colcon_core.event_handler.log_command:Invoked command in '/home/pan/Documents/Freelance/work01_ws/build/robot_simulation' returned '0': CMAKE_PREFIX_PATH=/home/pan/Documents/Freelance/work01_ws/install/robot_description:/home/pan/Documents/Freelance/work01_ws/install/robot_navigation:/home/pan/Documents/Freelance/work01_ws/install/robot_slam:/home/pan/Documents/Freelance/work01_ws/install/robot_simulation:/opt/ros/humble /usr/bin/cmake --build /home/pan/Documents/Freelance/work01_ws/build/robot_simulation -- -j12 -l12
[0.626s] DEBUG:colcon.colcon_core.event_handler.log_command:Invoking command in '/home/pan/Documents/Freelance/work01_ws/build/robot_simulation': CMAKE_PREFIX_PATH=/home/pan/Documents/Freelance/work01_ws/install/robot_description:/home/pan/Documents/Freelance/work01_ws/install/robot_navigation:/home/pan/Documents/Freelance/work01_ws/install/robot_slam:/home/pan/Documents/Freelance/work01_ws/install/robot_simulation:/opt/ros/humble /usr/bin/cmake --install /home/pan/Documents/Freelance/work01_ws/build/robot_simulation
[0.646s] Level 1:colcon.colcon_core.environment:create_environment_scripts_only(robot_simulation)
[0.648s] Level 1:colcon.colcon_core.environment:checking '/home/pan/Documents/Freelance/work01_ws/install/robot_simulation' for CMake module files
[0.648s] DEBUG:colcon.colcon_core.event_handler.log_command:Invoked command in '/home/pan/Documents/Freelance/work01_ws/build/robot_simulation' returned '0': CMAKE_PREFIX_PATH=/home/pan/Documents/Freelance/work01_ws/install/robot_description:/home/pan/Documents/Freelance/work01_ws/install/robot_navigation:/home/pan/Documents/Freelance/work01_ws/install/robot_slam:/home/pan/Documents/Freelance/work01_ws/install/robot_simulation:/opt/ros/humble /usr/bin/cmake --install /home/pan/Documents/Freelance/work01_ws/build/robot_simulation
[0.649s] Level 1:colcon.colcon_core.environment:checking '/home/pan/Documents/Freelance/work01_ws/install/robot_simulation' for CMake config files
[0.649s] Level 1:colcon.colcon_core.shell:create_environment_hook('robot_simulation', 'cmake_prefix_path')
[0.650s] INFO:colcon.colcon_core.shell:Creating environment hook '/home/pan/Documents/Freelance/work01_ws/install/robot_simulation/share/robot_simulation/hook/cmake_prefix_path.ps1'
[0.650s] INFO:colcon.colcon_core.shell:Creating environment descriptor '/home/pan/Documents/Freelance/work01_ws/install/robot_simulation/share/robot_simulation/hook/cmake_prefix_path.dsv'
[0.651s] INFO:colcon.colcon_core.shell:Creating environment hook '/home/pan/Documents/Freelance/work01_ws/install/robot_simulation/share/robot_simulation/hook/cmake_prefix_path.sh'
[0.651s] Level 1:colcon.colcon_core.environment:checking '/home/pan/Documents/Freelance/work01_ws/install/robot_simulation/bin'
[0.651s] Level 1:colcon.colcon_core.environment:checking '/home/pan/Documents/Freelance/work01_ws/install/robot_simulation/lib/pkgconfig/robot_simulation.pc'
[0.651s] Level 1:colcon.colcon_core.environment:checking '/home/pan/Documents/Freelance/work01_ws/install/robot_simulation/lib/python3.10/site-packages'
[0.651s] Level 1:colcon.colcon_core.environment:checking '/home/pan/Documents/Freelance/work01_ws/install/robot_simulation/bin'
[0.652s] INFO:colcon.colcon_core.shell:Creating package script '/home/pan/Documents/Freelance/work01_ws/install/robot_simulation/share/robot_simulation/package.ps1'
[0.653s] INFO:colcon.colcon_core.shell:Creating package descriptor '/home/pan/Documents/Freelance/work01_ws/install/robot_simulation/share/robot_simulation/package.dsv'
[0.653s] INFO:colcon.colcon_core.shell:Creating package script '/home/pan/Documents/Freelance/work01_ws/install/robot_simulation/share/robot_simulation/package.sh'
[0.653s] INFO:colcon.colcon_core.shell:Creating package script '/home/pan/Documents/Freelance/work01_ws/install/robot_simulation/share/robot_simulation/package.bash'
[0.654s] INFO:colcon.colcon_core.shell:Creating package script '/home/pan/Documents/Freelance/work01_ws/install/robot_simulation/share/robot_simulation/package.zsh'
[0.654s] Level 1:colcon.colcon_core.environment:create_file_with_runtime_dependencies(/home/pan/Documents/Freelance/work01_ws/install/robot_simulation/share/colcon-core/packages/robot_simulation)
[0.675s] Level 1:colcon.colcon_core.environment:create_environment_scripts_only(robot_simulation)
[0.677s] Level 1:colcon.colcon_core.environment:checking '/home/pan/Documents/Freelance/work01_ws/install/robot_simulation' for CMake module files
[0.677s] Level 1:colcon.colcon_core.environment:checking '/home/pan/Documents/Freelance/work01_ws/install/robot_simulation' for CMake config files
[0.677s] Level 1:colcon.colcon_core.shell:create_environment_hook('robot_simulation', 'cmake_prefix_path')
[0.679s] INFO:colcon.colcon_core.shell:Creating environment hook '/home/pan/Documents/Freelance/work01_ws/install/robot_simulation/share/robot_simulation/hook/cmake_prefix_path.ps1'
[0.679s] INFO:colcon.colcon_core.shell:Creating environment descriptor '/home/pan/Documents/Freelance/work01_ws/install/robot_simulation/share/robot_simulation/hook/cmake_prefix_path.dsv'
[0.679s] INFO:colcon.colcon_core.shell:Creating environment hook '/home/pan/Documents/Freelance/work01_ws/install/robot_simulation/share/robot_simulation/hook/cmake_prefix_path.sh'
[0.680s] Level 1:colcon.colcon_core.environment:checking '/home/pan/Documents/Freelance/work01_ws/install/robot_simulation/bin'
[0.680s] Level 1:colcon.colcon_core.environment:checking '/home/pan/Documents/Freelance/work01_ws/install/robot_simulation/lib/pkgconfig/robot_simulation.pc'
[0.680s] Level 1:colcon.colcon_core.environment:checking '/home/pan/Documents/Freelance/work01_ws/install/robot_simulation/lib/python3.10/site-packages'
[0.680s] Level 1:colcon.colcon_core.environment:checking '/home/pan/Documents/Freelance/work01_ws/install/robot_simulation/bin'
[0.681s] INFO:colcon.colcon_core.shell:Creating package script '/home/pan/Documents/Freelance/work01_ws/install/robot_simulation/share/robot_simulation/package.ps1'
[0.682s] INFO:colcon.colcon_core.shell:Creating package descriptor '/home/pan/Documents/Freelance/work01_ws/install/robot_simulation/share/robot_simulation/package.dsv'
[0.682s] INFO:colcon.colcon_core.shell:Creating package script '/home/pan/Documents/Freelance/work01_ws/install/robot_simulation/share/robot_simulation/package.sh'
[0.682s] INFO:colcon.colcon_core.shell:Creating package script '/home/pan/Documents/Freelance/work01_ws/install/robot_simulation/share/robot_simulation/package.bash'
[0.683s] INFO:colcon.colcon_core.shell:Creating package script '/home/pan/Documents/Freelance/work01_ws/install/robot_simulation/share/robot_simulation/package.zsh'
[0.683s] Level 1:colcon.colcon_core.environment:create_file_with_runtime_dependencies(/home/pan/Documents/Freelance/work01_ws/install/robot_simulation/share/colcon-core/packages/robot_simulation)
[0.683s] DEBUG:colcon.colcon_parallel_executor.executor.parallel:closing loop
[0.683s] DEBUG:colcon.colcon_parallel_executor.executor.parallel:loop closed
[0.683s] DEBUG:colcon.colcon_parallel_executor.executor.parallel:run_until_complete finished with '0'
[0.683s] DEBUG:colcon.colcon_core.event_reactor:joining thread
[0.688s] INFO:colcon.colcon_core.plugin_system:Skipping extension 'colcon_notification.desktop_notification.terminal_notifier': Not used on non-Darwin systems
[0.688s] INFO:colcon.colcon_core.plugin_system:Skipping extension 'colcon_notification.desktop_notification.win32': Not used on non-Windows systems
[0.688s] INFO:colcon.colcon_notification.desktop_notification:Sending desktop notification using 'notify2'
[0.701s] DEBUG:colcon.colcon_core.event_reactor:joined thread
[0.703s] INFO:colcon.colcon_core.shell:Creating prefix script '/home/pan/Documents/Freelance/work01_ws/install/local_setup.ps1'
[0.704s] INFO:colcon.colcon_core.shell:Creating prefix util module '/home/pan/Documents/Freelance/work01_ws/install/_local_setup_util_ps1.py'
[0.705s] INFO:colcon.colcon_core.shell:Creating prefix chain script '/home/pan/Documents/Freelance/work01_ws/install/setup.ps1'
[0.706s] INFO:colcon.colcon_core.shell:Creating prefix script '/home/pan/Documents/Freelance/work01_ws/install/local_setup.sh'
[0.706s] INFO:colcon.colcon_core.shell:Creating prefix util module '/home/pan/Documents/Freelance/work01_ws/install/_local_setup_util_sh.py'
[0.707s] INFO:colcon.colcon_core.shell:Creating prefix chain script '/home/pan/Documents/Freelance/work01_ws/install/setup.sh'
[0.709s] INFO:colcon.colcon_core.shell:Creating prefix script '/home/pan/Documents/Freelance/work01_ws/install/local_setup.bash'
[0.710s] INFO:colcon.colcon_core.shell:Creating prefix chain script '/home/pan/Documents/Freelance/work01_ws/install/setup.bash'
[0.711s] INFO:colcon.colcon_core.shell:Creating prefix script '/home/pan/Documents/Freelance/work01_ws/install/local_setup.zsh'
[0.712s] INFO:colcon.colcon_core.shell:Creating prefix chain script '/home/pan/Documents/Freelance/work01_ws/install/setup.zsh'
