-- Install configuration: ""
-- Execute custom install script
-- Up-to-date symlink: /home/pan/Documents/Freelance/work01_ws/install/robot_slam/share/robot_slam/config/mapper.yaml
-- Up-to-date symlink: /home/pan/Documents/Freelance/work01_ws/install/robot_slam/share/robot_slam/launch/online_async_launch.py
-- Symlinking: /home/pan/Documents/Freelance/work01_ws/install/robot_slam/share/robot_slam/maps/map.pgm
-- Symlinking: /home/pan/Documents/Freelance/work01_ws/install/robot_slam/share/robot_slam/maps/map.yaml
-- Up-to-date symlink: /home/pan/Documents/Freelance/work01_ws/install/robot_slam/share/robot_slam/maps/map_1686328902.pgm
-- Up-to-date symlink: /home/pan/Documents/Freelance/work01_ws/install/robot_slam/share/robot_slam/maps/map_1686328902.yaml
-- Up-to-date symlink: /home/pan/Documents/Freelance/work01_ws/install/robot_slam/share/robot_slam/rviz/mapping.rviz
-- Up-to-date symlink: /home/pan/Documents/Freelance/work01_ws/install/robot_slam/share/ament_index/resource_index/package_run_dependencies/robot_slam
-- Up-to-date symlink: /home/pan/Documents/Freelance/work01_ws/install/robot_slam/share/ament_index/resource_index/parent_prefix_path/robot_slam
-- Up-to-date symlink: /home/pan/Documents/Freelance/work01_ws/install/robot_slam/share/robot_slam/environment/ament_prefix_path.sh
-- Up-to-date symlink: /home/pan/Documents/Freelance/work01_ws/install/robot_slam/share/robot_slam/environment/ament_prefix_path.dsv
-- Up-to-date symlink: /home/pan/Documents/Freelance/work01_ws/install/robot_slam/share/robot_slam/environment/path.sh
-- Up-to-date symlink: /home/pan/Documents/Freelance/work01_ws/install/robot_slam/share/robot_slam/environment/path.dsv
-- Up-to-date symlink: /home/pan/Documents/Freelance/work01_ws/install/robot_slam/share/robot_slam/local_setup.bash
-- Up-to-date symlink: /home/pan/Documents/Freelance/work01_ws/install/robot_slam/share/robot_slam/local_setup.sh
-- Up-to-date symlink: /home/pan/Documents/Freelance/work01_ws/install/robot_slam/share/robot_slam/local_setup.zsh
-- Up-to-date symlink: /home/pan/Documents/Freelance/work01_ws/install/robot_slam/share/robot_slam/local_setup.dsv
-- Symlinking: /home/pan/Documents/Freelance/work01_ws/install/robot_slam/share/robot_slam/package.dsv
-- Up-to-date symlink: /home/pan/Documents/Freelance/work01_ws/install/robot_slam/share/ament_index/resource_index/packages/robot_slam
-- Up-to-date symlink: /home/pan/Documents/Freelance/work01_ws/install/robot_slam/share/robot_slam/cmake/robot_slamConfig.cmake
-- Up-to-date symlink: /home/pan/Documents/Freelance/work01_ws/install/robot_slam/share/robot_slam/cmake/robot_slamConfig-version.cmake
-- Up-to-date symlink: /home/pan/Documents/Freelance/work01_ws/install/robot_slam/share/robot_slam/package.xml
