[0.051s] Invoking command in '/home/pan/Documents/Freelance/work01_ws/build/robot_slam': CMAKE_PREFIX_PATH=${CMAKE_PREFIX_PATH}:/opt/ros/humble /usr/bin/cmake --build /home/pan/Documents/Freelance/work01_ws/build/robot_slam -- -j12 -l12
[0.164s] Invoked command in '/home/pan/Documents/Freelance/work01_ws/build/robot_slam' returned '0': CMAKE_PREFIX_PATH=${CMAKE_PREFIX_PATH}:/opt/ros/humble /usr/bin/cmake --build /home/pan/Documents/Freelance/work01_ws/build/robot_slam -- -j12 -l12
[0.266s] Invoking command in '/home/pan/Documents/Freelance/work01_ws/build/robot_slam': CMAKE_PREFIX_PATH=${CMAKE_PREFIX_PATH}:/opt/ros/humble /usr/bin/cmake --install /home/pan/Documents/Freelance/work01_ws/build/robot_slam
[0.298s] -- Install configuration: ""
[0.299s] -- Execute custom install script
[0.302s] -- Up-to-date symlink: /home/pan/Documents/Freelance/work01_ws/install/robot_slam/share/robot_slam/config/mapper.yaml
[0.303s] -- Up-to-date symlink: /home/pan/Documents/Freelance/work01_ws/install/robot_slam/share/robot_slam/launch/online_async_launch.py
[0.303s] -- Symlinking: /home/pan/Documents/Freelance/work01_ws/install/robot_slam/share/robot_slam/maps/map.pgm
[0.338s] -- Symlinking: /home/pan/Documents/Freelance/work01_ws/install/robot_slam/share/robot_slam/maps/map.yaml
[0.363s] -- Up-to-date symlink: /home/pan/Documents/Freelance/work01_ws/install/robot_slam/share/robot_slam/maps/map_1686328902.pgm
[0.365s] -- Up-to-date symlink: /home/pan/Documents/Freelance/work01_ws/install/robot_slam/share/robot_slam/maps/map_1686328902.yaml
[0.368s] -- Up-to-date symlink: /home/pan/Documents/Freelance/work01_ws/install/robot_slam/share/robot_slam/rviz/mapping.rviz
[0.368s] -- Up-to-date symlink: /home/pan/Documents/Freelance/work01_ws/install/robot_slam/share/ament_index/resource_index/package_run_dependencies/robot_slam
[0.374s] -- Up-to-date symlink: /home/pan/Documents/Freelance/work01_ws/install/robot_slam/share/ament_index/resource_index/parent_prefix_path/robot_slam
[0.377s] -- Up-to-date symlink: /home/pan/Documents/Freelance/work01_ws/install/robot_slam/share/robot_slam/environment/ament_prefix_path.sh
[0.379s] -- Up-to-date symlink: /home/pan/Documents/Freelance/work01_ws/install/robot_slam/share/robot_slam/environment/ament_prefix_path.dsv
[0.380s] -- Up-to-date symlink: /home/pan/Documents/Freelance/work01_ws/install/robot_slam/share/robot_slam/environment/path.sh
[0.380s] -- Up-to-date symlink: /home/pan/Documents/Freelance/work01_ws/install/robot_slam/share/robot_slam/environment/path.dsv
[0.380s] -- Up-to-date symlink: /home/pan/Documents/Freelance/work01_ws/install/robot_slam/share/robot_slam/local_setup.bash
[0.380s] -- Up-to-date symlink: /home/pan/Documents/Freelance/work01_ws/install/robot_slam/share/robot_slam/local_setup.sh
[0.381s] -- Up-to-date symlink: /home/pan/Documents/Freelance/work01_ws/install/robot_slam/share/robot_slam/local_setup.zsh
[0.381s] -- Up-to-date symlink: /home/pan/Documents/Freelance/work01_ws/install/robot_slam/share/robot_slam/local_setup.dsv
[0.381s] -- Symlinking: /home/pan/Documents/Freelance/work01_ws/install/robot_slam/share/robot_slam/package.dsv
[0.398s] -- Up-to-date symlink: /home/pan/Documents/Freelance/work01_ws/install/robot_slam/share/ament_index/resource_index/packages/robot_slam
[0.400s] -- Up-to-date symlink: /home/pan/Documents/Freelance/work01_ws/install/robot_slam/share/robot_slam/cmake/robot_slamConfig.cmake
[0.401s] -- Up-to-date symlink: /home/pan/Documents/Freelance/work01_ws/install/robot_slam/share/robot_slam/cmake/robot_slamConfig-version.cmake
[0.402s] -- Up-to-date symlink: /home/pan/Documents/Freelance/work01_ws/install/robot_slam/share/robot_slam/package.xml
[0.436s] Invoked command in '/home/pan/Documents/Freelance/work01_ws/build/robot_slam' returned '0': CMAKE_PREFIX_PATH=${CMAKE_PREFIX_PATH}:/opt/ros/humble /usr/bin/cmake --install /home/pan/Documents/Freelance/work01_ws/build/robot_slam
