-- The C compiler identification is GNU 11.3.0
-- The CXX compiler identification is GNU 11.3.0
-- Detecting C compiler ABI info
-- Detecting C compiler ABI info - done
-- Check for working C compiler: /usr/bin/cc - skipped
-- Detecting C compile features
-- Detecting C compile features - done
-- Detecting CXX compiler ABI info
-- Detecting CXX compiler ABI info - done
-- Check for working CXX compiler: /usr/bin/c++ - skipped
-- Detecting CXX compile features
-- Detecting CXX compile features - done
-- Found ament_cmake: 1.3.3 (/opt/ros/humble/share/ament_cmake/cmake)
-- Found Python3: /usr/bin/python3.10 (found version "3.10.6") found components: Interpreter 
-- Override CMake install command with custom implementation using symlinks instead of copying resources
-- Found rclcpp: 16.0.3 (/opt/ros/humble/share/rclcpp/cmake)
-- Found rosidl_generator_c: 3.1.4 (/opt/ros/humble/share/rosidl_generator_c/cmake)
-- Found rosidl_adapter: 3.1.4 (/opt/ros/humble/share/rosidl_adapter/cmake)
-- Found rosidl_generator_cpp: 3.1.4 (/opt/ros/humble/share/rosidl_generator_cpp/cmake)
-- Using all available rosidl_typesupport_c: rosidl_typesupport_fastrtps_c;rosidl_typesupport_introspection_c
-- Using all available rosidl_typesupport_cpp: rosidl_typesupport_fastrtps_cpp;rosidl_typesupport_introspection_cpp
-- Found rmw_implementation_cmake: 6.1.1 (/opt/ros/humble/share/rmw_implementation_cmake/cmake)
-- Found rmw_fastrtps_cpp: 6.2.2 (/opt/ros/humble/share/rmw_fastrtps_cpp/cmake)
-- Found OpenSSL: /usr/lib/x86_64-linux-gnu/libcrypto.so (found version "3.0.2")  
-- Found FastRTPS: /opt/ros/humble/include  
-- Using RMW implementation 'rmw_fastrtps_cpp' as default
-- Looking for pthread.h
-- Looking for pthread.h - found
-- Performing Test CMAKE_HAVE_LIBC_PTHREAD
-- Performing Test CMAKE_HAVE_LIBC_PTHREAD - Success
-- Found Threads: TRUE  
-- Found rclpy: 3.3.7 (/opt/ros/humble/share/rclpy/cmake)
-- Found gazebo_ros_pkgs: 3.7.0 (/opt/ros/humble/share/gazebo_ros_pkgs/cmake)
-- Found ament_lint_auto: 0.12.5 (/opt/ros/humble/share/ament_lint_auto/cmake)
-- Added test 'flake8' to check Python code syntax and style conventions
-- Added test 'lint_cmake' to check CMake code style
-- Added test 'pep257' to check Python code against some of the docstring style conventions in PEP 257
-- Added test 'xmllint' to check XML markup files
-- Configuring done
-- Generating done
-- Build files have been written to: /home/pan/Documents/Freelance/work01_ws/build/robot_description
-- Install configuration: ""
-- Execute custom install script
-- Symlinking: /home/pan/Documents/Freelance/work01_ws/install/robot_description/share/robot_description/launch/robot_state_publisher.launch.py
-- Symlinking: /home/pan/Documents/Freelance/work01_ws/install/robot_description/share/robot_description/launch/robot_with_empty_world.launch.py
-- Symlinking: /home/pan/Documents/Freelance/work01_ws/install/robot_description/share/robot_description/urdf/robot.urdf
-- Symlinking: /home/pan/Documents/Freelance/work01_ws/install/robot_description/share/ament_index/resource_index/package_run_dependencies/robot_description
-- Symlinking: /home/pan/Documents/Freelance/work01_ws/install/robot_description/share/ament_index/resource_index/parent_prefix_path/robot_description
-- Symlinking: /home/pan/Documents/Freelance/work01_ws/install/robot_description/share/robot_description/environment/ament_prefix_path.sh
-- Symlinking: /home/pan/Documents/Freelance/work01_ws/install/robot_description/share/robot_description/environment/ament_prefix_path.dsv
-- Symlinking: /home/pan/Documents/Freelance/work01_ws/install/robot_description/share/robot_description/environment/path.sh
-- Symlinking: /home/pan/Documents/Freelance/work01_ws/install/robot_description/share/robot_description/environment/path.dsv
-- Symlinking: /home/pan/Documents/Freelance/work01_ws/install/robot_description/share/robot_description/local_setup.bash
-- Symlinking: /home/pan/Documents/Freelance/work01_ws/install/robot_description/share/robot_description/local_setup.sh
-- Symlinking: /home/pan/Documents/Freelance/work01_ws/install/robot_description/share/robot_description/local_setup.zsh
-- Symlinking: /home/pan/Documents/Freelance/work01_ws/install/robot_description/share/robot_description/local_setup.dsv
-- Symlinking: /home/pan/Documents/Freelance/work01_ws/install/robot_description/share/robot_description/package.dsv
-- Symlinking: /home/pan/Documents/Freelance/work01_ws/install/robot_description/share/ament_index/resource_index/packages/robot_description
-- Symlinking: /home/pan/Documents/Freelance/work01_ws/install/robot_description/share/robot_description/cmake/robot_descriptionConfig.cmake
-- Symlinking: /home/pan/Documents/Freelance/work01_ws/install/robot_description/share/robot_description/cmake/robot_descriptionConfig-version.cmake
-- Symlinking: /home/pan/Documents/Freelance/work01_ws/install/robot_description/share/robot_description/package.xml
