[0.015s] Invoking command in '/home/pan/Documents/Freelance/work01_ws/build/robot_description': CMAKE_PREFIX_PATH=${CMAKE_PREFIX_PATH}:/opt/ros/humble /usr/bin/cmake /home/pan/Documents/Freelance/work01_ws/src/robot_description -DAMENT_CMAKE_SYMLINK_INSTALL=1 -DCMAKE_INSTALL_PREFIX=/home/pan/Documents/Freelance/work01_ws/install/robot_description
[0.071s] -- The C compiler identification is GNU 11.3.0
[0.134s] -- The CXX compiler identification is GNU 11.3.0
[0.141s] -- Detecting C compiler ABI info
[0.202s] -- Detecting C compiler ABI info - done
[0.209s] -- Check for working C compiler: /usr/bin/cc - skipped
[0.210s] -- Detecting C compile features
[0.210s] -- Detecting C compile features - done
[0.213s] -- Detecting CXX compiler ABI info
[0.285s] -- Detecting CXX compiler ABI info - done
[0.291s] -- Check for working CXX compiler: /usr/bin/c++ - skipped
[0.291s] -- Detecting CXX compile features
[0.292s] -- Detecting CXX compile features - done
[0.295s] -- Found ament_cmake: 1.3.3 (/opt/ros/humble/share/ament_cmake/cmake)
[0.435s] -- Found Python3: /usr/bin/python3.10 (found version "3.10.6") found components: Interpreter 
[0.485s] -- Override CMake install command with custom implementation using symlinks instead of copying resources
[0.519s] -- Found rclcpp: 16.0.3 (/opt/ros/humble/share/rclcpp/cmake)
[0.555s] -- Found rosidl_generator_c: 3.1.4 (/opt/ros/humble/share/rosidl_generator_c/cmake)
[0.559s] -- Found rosidl_adapter: 3.1.4 (/opt/ros/humble/share/rosidl_adapter/cmake)
[0.567s] -- Found rosidl_generator_cpp: 3.1.4 (/opt/ros/humble/share/rosidl_generator_cpp/cmake)
[0.580s] -- Using all available rosidl_typesupport_c: rosidl_typesupport_fastrtps_c;rosidl_typesupport_introspection_c
[0.600s] -- Using all available rosidl_typesupport_cpp: rosidl_typesupport_fastrtps_cpp;rosidl_typesupport_introspection_cpp
[0.662s] -- Found rmw_implementation_cmake: 6.1.1 (/opt/ros/humble/share/rmw_implementation_cmake/cmake)
[0.664s] -- Found rmw_fastrtps_cpp: 6.2.2 (/opt/ros/humble/share/rmw_fastrtps_cpp/cmake)
[0.763s] -- Found OpenSSL: /usr/lib/x86_64-linux-gnu/libcrypto.so (found version "3.0.2")  
[0.788s] -- Found FastRTPS: /opt/ros/humble/include  
[0.833s] -- Using RMW implementation 'rmw_fastrtps_cpp' as default
[0.842s] -- Looking for pthread.h
[0.909s] -- Looking for pthread.h - found
[0.909s] -- Performing Test CMAKE_HAVE_LIBC_PTHREAD
[0.978s] -- Performing Test CMAKE_HAVE_LIBC_PTHREAD - Success
[0.979s] -- Found Threads: TRUE  
[1.136s] -- Found rclpy: 3.3.7 (/opt/ros/humble/share/rclpy/cmake)
[1.137s] -- Found gazebo_ros_pkgs: 3.7.0 (/opt/ros/humble/share/gazebo_ros_pkgs/cmake)
[1.139s] -- Found ament_lint_auto: 0.12.5 (/opt/ros/humble/share/ament_lint_auto/cmake)
[1.212s] -- Added test 'flake8' to check Python code syntax and style conventions
[1.213s] -- Added test 'lint_cmake' to check CMake code style
[1.216s] -- Added test 'pep257' to check Python code against some of the docstring style conventions in PEP 257
[1.216s] -- Added test 'xmllint' to check XML markup files
[1.216s] -- Configuring done
[1.221s] -- Generating done
[1.222s] -- Build files have been written to: /home/pan/Documents/Freelance/work01_ws/build/robot_description
[1.230s] Invoked command in '/home/pan/Documents/Freelance/work01_ws/build/robot_description' returned '0': CMAKE_PREFIX_PATH=${CMAKE_PREFIX_PATH}:/opt/ros/humble /usr/bin/cmake /home/pan/Documents/Freelance/work01_ws/src/robot_description -DAMENT_CMAKE_SYMLINK_INSTALL=1 -DCMAKE_INSTALL_PREFIX=/home/pan/Documents/Freelance/work01_ws/install/robot_description
[1.232s] Invoking command in '/home/pan/Documents/Freelance/work01_ws/build/robot_description': CMAKE_PREFIX_PATH=${CMAKE_PREFIX_PATH}:/opt/ros/humble /usr/bin/cmake --build /home/pan/Documents/Freelance/work01_ws/build/robot_description -- -j12 -l12
[1.266s] Invoked command in '/home/pan/Documents/Freelance/work01_ws/build/robot_description' returned '0': CMAKE_PREFIX_PATH=${CMAKE_PREFIX_PATH}:/opt/ros/humble /usr/bin/cmake --build /home/pan/Documents/Freelance/work01_ws/build/robot_description -- -j12 -l12
[1.286s] Invoking command in '/home/pan/Documents/Freelance/work01_ws/build/robot_description': CMAKE_PREFIX_PATH=${CMAKE_PREFIX_PATH}:/opt/ros/humble /usr/bin/cmake --install /home/pan/Documents/Freelance/work01_ws/build/robot_description
[1.292s] -- Install configuration: ""
[1.292s] -- Execute custom install script
[1.293s] -- Symlinking: /home/pan/Documents/Freelance/work01_ws/install/robot_description/share/robot_description/launch/robot_state_publisher.launch.py
[1.300s] -- Symlinking: /home/pan/Documents/Freelance/work01_ws/install/robot_description/share/robot_description/launch/robot_with_empty_world.launch.py
[1.308s] -- Symlinking: /home/pan/Documents/Freelance/work01_ws/install/robot_description/share/robot_description/urdf/robot.urdf
[1.319s] -- Symlinking: /home/pan/Documents/Freelance/work01_ws/install/robot_description/share/ament_index/resource_index/package_run_dependencies/robot_description
[1.327s] -- Symlinking: /home/pan/Documents/Freelance/work01_ws/install/robot_description/share/ament_index/resource_index/parent_prefix_path/robot_description
[1.335s] -- Symlinking: /home/pan/Documents/Freelance/work01_ws/install/robot_description/share/robot_description/environment/ament_prefix_path.sh
[1.343s] -- Symlinking: /home/pan/Documents/Freelance/work01_ws/install/robot_description/share/robot_description/environment/ament_prefix_path.dsv
[1.350s] -- Symlinking: /home/pan/Documents/Freelance/work01_ws/install/robot_description/share/robot_description/environment/path.sh
[1.357s] -- Symlinking: /home/pan/Documents/Freelance/work01_ws/install/robot_description/share/robot_description/environment/path.dsv
[1.366s] -- Symlinking: /home/pan/Documents/Freelance/work01_ws/install/robot_description/share/robot_description/local_setup.bash
[1.374s] -- Symlinking: /home/pan/Documents/Freelance/work01_ws/install/robot_description/share/robot_description/local_setup.sh
[1.382s] -- Symlinking: /home/pan/Documents/Freelance/work01_ws/install/robot_description/share/robot_description/local_setup.zsh
[1.391s] -- Symlinking: /home/pan/Documents/Freelance/work01_ws/install/robot_description/share/robot_description/local_setup.dsv
[1.399s] -- Symlinking: /home/pan/Documents/Freelance/work01_ws/install/robot_description/share/robot_description/package.dsv
[1.406s] -- Symlinking: /home/pan/Documents/Freelance/work01_ws/install/robot_description/share/ament_index/resource_index/packages/robot_description
[1.414s] -- Symlinking: /home/pan/Documents/Freelance/work01_ws/install/robot_description/share/robot_description/cmake/robot_descriptionConfig.cmake
[1.421s] -- Symlinking: /home/pan/Documents/Freelance/work01_ws/install/robot_description/share/robot_description/cmake/robot_descriptionConfig-version.cmake
[1.430s] -- Symlinking: /home/pan/Documents/Freelance/work01_ws/install/robot_description/share/robot_description/package.xml
[1.441s] Invoked command in '/home/pan/Documents/Freelance/work01_ws/build/robot_description' returned '0': CMAKE_PREFIX_PATH=${CMAKE_PREFIX_PATH}:/opt/ros/humble /usr/bin/cmake --install /home/pan/Documents/Freelance/work01_ws/build/robot_description
