[0.243s] DEBUG:colcon:Command line arguments: ['/usr/bin/colcon', 'build', '--symlink-install']
[0.243s] DEBUG:colcon:Parsed command line arguments: Namespace(log_base=None, log_level=None, verb_name='build', build_base='build', install_base='install', merge_install=False, symlink_install=True, test_result_base=None, continue_on_error=False, executor='parallel', parallel_workers=12, event_handlers=None, ignore_user_meta=False, metas=['./colcon.meta'], base_paths=['.'], packages_ignore=None, packages_ignore_regex=None, paths=None, packages_up_to=None, packages_up_to_regex=None, packages_above=None, packages_above_and_dependencies=None, packages_above_depth=None, packages_select_by_dep=None, packages_skip_by_dep=None, packages_skip_up_to=None, packages_select_build_failed=False, packages_skip_build_finished=False, packages_select_test_failures=False, packages_skip_test_passed=False, packages_select=None, packages_skip=None, packages_select_regex=None, packages_skip_regex=None, packages_start=None, packages_end=None, allow_overriding=[], cmake_args=None, cmake_target=None, cmake_target_skip_unavailable=False, cmake_clean_cache=False, cmake_clean_first=False, cmake_force_configure=False, ament_cmake_args=None, catkin_cmake_args=None, catkin_skip_building_tests=False, verb_parser=<colcon_defaults.argument_parser.defaults.DefaultArgumentsDecorator object at 0x7eff58bd9c00>, verb_extension=<colcon_core.verb.build.BuildVerb object at 0x7eff591c7c40>, main=<bound method BuildVerb.main of <colcon_core.verb.build.BuildVerb object at 0x7eff591c7c40>>)
[0.277s] Level 1:colcon.colcon_core.package_discovery:discover_packages(colcon_meta) check parameters
[0.278s] Level 1:colcon.colcon_core.package_discovery:discover_packages(recursive) check parameters
[0.278s] Level 1:colcon.colcon_core.package_discovery:discover_packages(ignore) check parameters
[0.278s] Level 1:colcon.colcon_core.package_discovery:discover_packages(path) check parameters
[0.278s] Level 1:colcon.colcon_core.package_discovery:discover_packages(colcon_meta) discover
[0.278s] Level 1:colcon.colcon_core.package_discovery:discover_packages(recursive) discover
[0.278s] INFO:colcon.colcon_core.package_discovery:Crawling recursively for packages in '/home/pan/Documents/Freelance/work01_ws'
[0.278s] Level 1:colcon.colcon_core.package_identification:_identify(.) by extensions ['ignore', 'ignore_ament_install']
[0.278s] Level 1:colcon.colcon_core.package_identification:_identify(.) by extension 'ignore'
[0.278s] Level 1:colcon.colcon_core.package_identification:_identify(.) by extension 'ignore_ament_install'
[0.278s] Level 1:colcon.colcon_core.package_identification:_identify(.) by extensions ['colcon_pkg']
[0.278s] Level 1:colcon.colcon_core.package_identification:_identify(.) by extension 'colcon_pkg'
[0.278s] Level 1:colcon.colcon_core.package_identification:_identify(.) by extensions ['colcon_meta']
[0.278s] Level 1:colcon.colcon_core.package_identification:_identify(.) by extension 'colcon_meta'
[0.278s] Level 1:colcon.colcon_core.package_identification:_identify(.) by extensions ['ros']
[0.278s] Level 1:colcon.colcon_core.package_identification:_identify(.) by extension 'ros'
[0.288s] Level 1:colcon.colcon_core.package_identification:_identify(.) by extensions ['cmake', 'python']
[0.288s] Level 1:colcon.colcon_core.package_identification:_identify(.) by extension 'cmake'
[0.288s] Level 1:colcon.colcon_core.package_identification:_identify(.) by extension 'python'
[0.288s] Level 1:colcon.colcon_core.package_identification:_identify(.) by extensions ['python_setup_py']
[0.288s] Level 1:colcon.colcon_core.package_identification:_identify(.) by extension 'python_setup_py'
[0.288s] Level 1:colcon.colcon_core.package_identification:_identify(build) by extensions ['ignore', 'ignore_ament_install']
[0.288s] Level 1:colcon.colcon_core.package_identification:_identify(build) by extension 'ignore'
[0.288s] Level 1:colcon.colcon_core.package_identification:_identify(build) ignored
[0.288s] Level 1:colcon.colcon_core.package_identification:_identify(install) by extensions ['ignore', 'ignore_ament_install']
[0.288s] Level 1:colcon.colcon_core.package_identification:_identify(install) by extension 'ignore'
[0.288s] Level 1:colcon.colcon_core.package_identification:_identify(install) ignored
[0.288s] Level 1:colcon.colcon_core.package_identification:_identify(log) by extensions ['ignore', 'ignore_ament_install']
[0.289s] Level 1:colcon.colcon_core.package_identification:_identify(log) by extension 'ignore'
[0.289s] Level 1:colcon.colcon_core.package_identification:_identify(log) ignored
[0.289s] Level 1:colcon.colcon_core.package_identification:_identify(src) by extensions ['ignore', 'ignore_ament_install']
[0.289s] Level 1:colcon.colcon_core.package_identification:_identify(src) by extension 'ignore'
[0.289s] Level 1:colcon.colcon_core.package_identification:_identify(src) by extension 'ignore_ament_install'
[0.289s] Level 1:colcon.colcon_core.package_identification:_identify(src) by extensions ['colcon_pkg']
[0.289s] Level 1:colcon.colcon_core.package_identification:_identify(src) by extension 'colcon_pkg'
[0.289s] Level 1:colcon.colcon_core.package_identification:_identify(src) by extensions ['colcon_meta']
[0.289s] Level 1:colcon.colcon_core.package_identification:_identify(src) by extension 'colcon_meta'
[0.289s] Level 1:colcon.colcon_core.package_identification:_identify(src) by extensions ['ros']
[0.289s] Level 1:colcon.colcon_core.package_identification:_identify(src) by extension 'ros'
[0.289s] Level 1:colcon.colcon_core.package_identification:_identify(src) by extensions ['cmake', 'python']
[0.289s] Level 1:colcon.colcon_core.package_identification:_identify(src) by extension 'cmake'
[0.289s] Level 1:colcon.colcon_core.package_identification:_identify(src) by extension 'python'
[0.289s] Level 1:colcon.colcon_core.package_identification:_identify(src) by extensions ['python_setup_py']
[0.289s] Level 1:colcon.colcon_core.package_identification:_identify(src) by extension 'python_setup_py'
[0.289s] Level 1:colcon.colcon_core.package_identification:_identify(src/robot_description) by extensions ['ignore', 'ignore_ament_install']
[0.289s] Level 1:colcon.colcon_core.package_identification:_identify(src/robot_description) by extension 'ignore'
[0.289s] Level 1:colcon.colcon_core.package_identification:_identify(src/robot_description) by extension 'ignore_ament_install'
[0.289s] Level 1:colcon.colcon_core.package_identification:_identify(src/robot_description) by extensions ['colcon_pkg']
[0.289s] Level 1:colcon.colcon_core.package_identification:_identify(src/robot_description) by extension 'colcon_pkg'
[0.289s] Level 1:colcon.colcon_core.package_identification:_identify(src/robot_description) by extensions ['colcon_meta']
[0.289s] Level 1:colcon.colcon_core.package_identification:_identify(src/robot_description) by extension 'colcon_meta'
[0.289s] Level 1:colcon.colcon_core.package_identification:_identify(src/robot_description) by extensions ['ros']
[0.290s] Level 1:colcon.colcon_core.package_identification:_identify(src/robot_description) by extension 'ros'
[0.293s] DEBUG:colcon.colcon_core.package_identification:Package 'src/robot_description' with type 'ros.ament_cmake' and name 'robot_description'
[0.293s] Level 1:colcon.colcon_core.package_identification:_identify(src/robot_simulation) by extensions ['ignore', 'ignore_ament_install']
[0.293s] Level 1:colcon.colcon_core.package_identification:_identify(src/robot_simulation) by extension 'ignore'
[0.293s] Level 1:colcon.colcon_core.package_identification:_identify(src/robot_simulation) by extension 'ignore_ament_install'
[0.293s] Level 1:colcon.colcon_core.package_identification:_identify(src/robot_simulation) by extensions ['colcon_pkg']
[0.293s] Level 1:colcon.colcon_core.package_identification:_identify(src/robot_simulation) by extension 'colcon_pkg'
[0.293s] Level 1:colcon.colcon_core.package_identification:_identify(src/robot_simulation) by extensions ['colcon_meta']
[0.293s] Level 1:colcon.colcon_core.package_identification:_identify(src/robot_simulation) by extension 'colcon_meta'
[0.293s] Level 1:colcon.colcon_core.package_identification:_identify(src/robot_simulation) by extensions ['ros']
[0.293s] Level 1:colcon.colcon_core.package_identification:_identify(src/robot_simulation) by extension 'ros'
[0.294s] DEBUG:colcon.colcon_core.package_identification:Package 'src/robot_simulation' with type 'ros.ament_cmake' and name 'robot_simulation'
[0.295s] Level 1:colcon.colcon_core.package_identification:_identify(src/robot_slam) by extensions ['ignore', 'ignore_ament_install']
[0.295s] Level 1:colcon.colcon_core.package_identification:_identify(src/robot_slam) by extension 'ignore'
[0.295s] Level 1:colcon.colcon_core.package_identification:_identify(src/robot_slam) by extension 'ignore_ament_install'
[0.295s] Level 1:colcon.colcon_core.package_identification:_identify(src/robot_slam) by extensions ['colcon_pkg']
[0.295s] Level 1:colcon.colcon_core.package_identification:_identify(src/robot_slam) by extension 'colcon_pkg'
[0.295s] Level 1:colcon.colcon_core.package_identification:_identify(src/robot_slam) by extensions ['colcon_meta']
[0.295s] Level 1:colcon.colcon_core.package_identification:_identify(src/robot_slam) by extension 'colcon_meta'
[0.295s] Level 1:colcon.colcon_core.package_identification:_identify(src/robot_slam) by extensions ['ros']
[0.295s] Level 1:colcon.colcon_core.package_identification:_identify(src/robot_slam) by extension 'ros'
[0.296s] DEBUG:colcon.colcon_core.package_identification:Package 'src/robot_slam' with type 'ros.ament_cmake' and name 'robot_slam'
[0.296s] Level 1:colcon.colcon_core.package_discovery:discover_packages(recursive) using defaults
[0.296s] Level 1:colcon.colcon_core.package_discovery:discover_packages(ignore) discover
[0.296s] Level 1:colcon.colcon_core.package_discovery:discover_packages(ignore) using defaults
[0.296s] Level 1:colcon.colcon_core.package_discovery:discover_packages(path) discover
[0.296s] Level 1:colcon.colcon_core.package_discovery:discover_packages(path) using defaults
[0.318s] Level 1:colcon.colcon_core.package_discovery:discover_packages(prefix_path) check parameters
[0.318s] Level 1:colcon.colcon_core.package_discovery:discover_packages(prefix_path) discover
[0.320s] WARNING:colcon.colcon_ros.prefix_path.ament:The path '/home/pan/Documents/Freelance/work01_ws/install/robot_slam' in the environment variable AMENT_PREFIX_PATH doesn't exist
[0.320s] WARNING:colcon.colcon_ros.prefix_path.ament:The path '/home/pan/Documents/Freelance/work01_ws/install/robot_simulation' in the environment variable AMENT_PREFIX_PATH doesn't exist
[0.320s] WARNING:colcon.colcon_ros.prefix_path.ament:The path '/home/pan/Documents/Freelance/work01_ws/install/robot_description' in the environment variable AMENT_PREFIX_PATH doesn't exist
[0.320s] WARNING:colcon.colcon_ros.prefix_path.catkin:The path '/home/pan/Documents/Freelance/work01_ws/install/robot_slam' in the environment variable CMAKE_PREFIX_PATH doesn't exist
[0.320s] WARNING:colcon.colcon_ros.prefix_path.catkin:The path '/home/pan/Documents/Freelance/work01_ws/install/robot_simulation' in the environment variable CMAKE_PREFIX_PATH doesn't exist
[0.320s] WARNING:colcon.colcon_ros.prefix_path.catkin:The path '/home/pan/Documents/Freelance/work01_ws/install/robot_description' in the environment variable CMAKE_PREFIX_PATH doesn't exist
[0.321s] DEBUG:colcon.colcon_installed_package_information.package_discovery:Found 0 installed packages in /home/pan/Documents/Freelance/work01_ws/install
[0.323s] DEBUG:colcon.colcon_installed_package_information.package_discovery:Found 359 installed packages in /opt/ros/humble
[0.324s] Level 1:colcon.colcon_core.package_discovery:discover_packages(prefix_path) using defaults
[0.386s] Level 5:colcon.colcon_core.verb:set package 'robot_description' build argument 'cmake_args' from command line to 'None'
[0.386s] Level 5:colcon.colcon_core.verb:set package 'robot_description' build argument 'cmake_target' from command line to 'None'
[0.386s] Level 5:colcon.colcon_core.verb:set package 'robot_description' build argument 'cmake_target_skip_unavailable' from command line to 'False'
[0.386s] Level 5:colcon.colcon_core.verb:set package 'robot_description' build argument 'cmake_clean_cache' from command line to 'False'
[0.386s] Level 5:colcon.colcon_core.verb:set package 'robot_description' build argument 'cmake_clean_first' from command line to 'False'
[0.386s] Level 5:colcon.colcon_core.verb:set package 'robot_description' build argument 'cmake_force_configure' from command line to 'False'
[0.386s] Level 5:colcon.colcon_core.verb:set package 'robot_description' build argument 'ament_cmake_args' from command line to 'None'
[0.386s] Level 5:colcon.colcon_core.verb:set package 'robot_description' build argument 'catkin_cmake_args' from command line to 'None'
[0.386s] Level 5:colcon.colcon_core.verb:set package 'robot_description' build argument 'catkin_skip_building_tests' from command line to 'False'
[0.386s] DEBUG:colcon.colcon_core.verb:Building package 'robot_description' with the following arguments: {'ament_cmake_args': None, 'build_base': '/home/pan/Documents/Freelance/work01_ws/build/robot_description', 'catkin_cmake_args': None, 'catkin_skip_building_tests': False, 'cmake_args': None, 'cmake_clean_cache': False, 'cmake_clean_first': False, 'cmake_force_configure': False, 'cmake_target': None, 'cmake_target_skip_unavailable': False, 'install_base': '/home/pan/Documents/Freelance/work01_ws/install/robot_description', 'merge_install': False, 'path': '/home/pan/Documents/Freelance/work01_ws/src/robot_description', 'symlink_install': True, 'test_result_base': None}
[0.387s] Level 5:colcon.colcon_core.verb:set package 'robot_slam' build argument 'cmake_args' from command line to 'None'
[0.387s] Level 5:colcon.colcon_core.verb:set package 'robot_slam' build argument 'cmake_target' from command line to 'None'
[0.387s] Level 5:colcon.colcon_core.verb:set package 'robot_slam' build argument 'cmake_target_skip_unavailable' from command line to 'False'
[0.387s] Level 5:colcon.colcon_core.verb:set package 'robot_slam' build argument 'cmake_clean_cache' from command line to 'False'
[0.387s] Level 5:colcon.colcon_core.verb:set package 'robot_slam' build argument 'cmake_clean_first' from command line to 'False'
[0.387s] Level 5:colcon.colcon_core.verb:set package 'robot_slam' build argument 'cmake_force_configure' from command line to 'False'
[0.387s] Level 5:colcon.colcon_core.verb:set package 'robot_slam' build argument 'ament_cmake_args' from command line to 'None'
[0.387s] Level 5:colcon.colcon_core.verb:set package 'robot_slam' build argument 'catkin_cmake_args' from command line to 'None'
[0.387s] Level 5:colcon.colcon_core.verb:set package 'robot_slam' build argument 'catkin_skip_building_tests' from command line to 'False'
[0.387s] DEBUG:colcon.colcon_core.verb:Building package 'robot_slam' with the following arguments: {'ament_cmake_args': None, 'build_base': '/home/pan/Documents/Freelance/work01_ws/build/robot_slam', 'catkin_cmake_args': None, 'catkin_skip_building_tests': False, 'cmake_args': None, 'cmake_clean_cache': False, 'cmake_clean_first': False, 'cmake_force_configure': False, 'cmake_target': None, 'cmake_target_skip_unavailable': False, 'install_base': '/home/pan/Documents/Freelance/work01_ws/install/robot_slam', 'merge_install': False, 'path': '/home/pan/Documents/Freelance/work01_ws/src/robot_slam', 'symlink_install': True, 'test_result_base': None}
[0.388s] Level 5:colcon.colcon_core.verb:set package 'robot_simulation' build argument 'cmake_args' from command line to 'None'
[0.388s] Level 5:colcon.colcon_core.verb:set package 'robot_simulation' build argument 'cmake_target' from command line to 'None'
[0.388s] Level 5:colcon.colcon_core.verb:set package 'robot_simulation' build argument 'cmake_target_skip_unavailable' from command line to 'False'
[0.388s] Level 5:colcon.colcon_core.verb:set package 'robot_simulation' build argument 'cmake_clean_cache' from command line to 'False'
[0.388s] Level 5:colcon.colcon_core.verb:set package 'robot_simulation' build argument 'cmake_clean_first' from command line to 'False'
[0.388s] Level 5:colcon.colcon_core.verb:set package 'robot_simulation' build argument 'cmake_force_configure' from command line to 'False'
[0.388s] Level 5:colcon.colcon_core.verb:set package 'robot_simulation' build argument 'ament_cmake_args' from command line to 'None'
[0.388s] Level 5:colcon.colcon_core.verb:set package 'robot_simulation' build argument 'catkin_cmake_args' from command line to 'None'
[0.388s] Level 5:colcon.colcon_core.verb:set package 'robot_simulation' build argument 'catkin_skip_building_tests' from command line to 'False'
[0.388s] DEBUG:colcon.colcon_core.verb:Building package 'robot_simulation' with the following arguments: {'ament_cmake_args': None, 'build_base': '/home/pan/Documents/Freelance/work01_ws/build/robot_simulation', 'catkin_cmake_args': None, 'catkin_skip_building_tests': False, 'cmake_args': None, 'cmake_clean_cache': False, 'cmake_clean_first': False, 'cmake_force_configure': False, 'cmake_target': None, 'cmake_target_skip_unavailable': False, 'install_base': '/home/pan/Documents/Freelance/work01_ws/install/robot_simulation', 'merge_install': False, 'path': '/home/pan/Documents/Freelance/work01_ws/src/robot_simulation', 'symlink_install': True, 'test_result_base': None}
[0.389s] INFO:colcon.colcon_core.executor:Executing jobs using 'parallel' executor
[0.391s] DEBUG:colcon.colcon_parallel_executor.executor.parallel:run_until_complete
[0.391s] INFO:colcon.colcon_ros.task.ament_cmake.build:Building ROS package in '/home/pan/Documents/Freelance/work01_ws/src/robot_description' with build type 'ament_cmake'
[0.391s] INFO:colcon.colcon_cmake.task.cmake.build:Building CMake package in '/home/pan/Documents/Freelance/work01_ws/src/robot_description'
[0.395s] INFO:colcon.colcon_core.plugin_system:Skipping extension 'colcon_core.shell.bat': Not used on non-Windows systems
[0.395s] INFO:colcon.colcon_core.shell:Skip shell extension 'powershell' for command environment: Not usable outside of PowerShell
[0.396s] DEBUG:colcon.colcon_core.shell:Skip shell extension 'dsv' for command environment
[0.399s] INFO:colcon.colcon_ros.task.ament_cmake.build:Building ROS package in '/home/pan/Documents/Freelance/work01_ws/src/robot_slam' with build type 'ament_cmake'
[0.400s] INFO:colcon.colcon_cmake.task.cmake.build:Building CMake package in '/home/pan/Documents/Freelance/work01_ws/src/robot_slam'
[0.401s] INFO:colcon.colcon_core.shell:Skip shell extension 'powershell' for command environment: Not usable outside of PowerShell
[0.401s] DEBUG:colcon.colcon_core.shell:Skip shell extension 'dsv' for command environment
[0.409s] DEBUG:colcon.colcon_core.event_handler.log_command:Invoking command in '/home/pan/Documents/Freelance/work01_ws/build/robot_description': CMAKE_PREFIX_PATH=${CMAKE_PREFIX_PATH}:/opt/ros/humble /usr/bin/cmake /home/pan/Documents/Freelance/work01_ws/src/robot_description -DAMENT_CMAKE_SYMLINK_INSTALL=1 -DCMAKE_INSTALL_PREFIX=/home/pan/Documents/Freelance/work01_ws/install/robot_description
[0.412s] DEBUG:colcon.colcon_core.event_handler.log_command:Invoking command in '/home/pan/Documents/Freelance/work01_ws/build/robot_slam': CMAKE_PREFIX_PATH=${CMAKE_PREFIX_PATH}:/opt/ros/humble /usr/bin/cmake /home/pan/Documents/Freelance/work01_ws/src/robot_slam -DAMENT_CMAKE_SYMLINK_INSTALL=1 -DCMAKE_INSTALL_PREFIX=/home/pan/Documents/Freelance/work01_ws/install/robot_slam
[1.278s] DEBUG:colcon.colcon_core.event_handler.log_command:Invoked command in '/home/pan/Documents/Freelance/work01_ws/build/robot_slam' returned '0': CMAKE_PREFIX_PATH=${CMAKE_PREFIX_PATH}:/opt/ros/humble /usr/bin/cmake /home/pan/Documents/Freelance/work01_ws/src/robot_slam -DAMENT_CMAKE_SYMLINK_INSTALL=1 -DCMAKE_INSTALL_PREFIX=/home/pan/Documents/Freelance/work01_ws/install/robot_slam
[1.281s] DEBUG:colcon.colcon_core.event_handler.log_command:Invoking command in '/home/pan/Documents/Freelance/work01_ws/build/robot_slam': CMAKE_PREFIX_PATH=${CMAKE_PREFIX_PATH}:/opt/ros/humble /usr/bin/cmake --build /home/pan/Documents/Freelance/work01_ws/build/robot_slam -- -j12 -l12
[1.317s] DEBUG:colcon.colcon_core.event_handler.log_command:Invoked command in '/home/pan/Documents/Freelance/work01_ws/build/robot_slam' returned '0': CMAKE_PREFIX_PATH=${CMAKE_PREFIX_PATH}:/opt/ros/humble /usr/bin/cmake --build /home/pan/Documents/Freelance/work01_ws/build/robot_slam -- -j12 -l12
[1.349s] DEBUG:colcon.colcon_core.event_handler.log_command:Invoking command in '/home/pan/Documents/Freelance/work01_ws/build/robot_slam': CMAKE_PREFIX_PATH=${CMAKE_PREFIX_PATH}:/opt/ros/humble /usr/bin/cmake --install /home/pan/Documents/Freelance/work01_ws/build/robot_slam
[1.577s] Level 1:colcon.colcon_core.environment:create_environment_scripts_only(robot_slam)
[1.578s] DEBUG:colcon.colcon_core.event_handler.log_command:Invoked command in '/home/pan/Documents/Freelance/work01_ws/build/robot_slam' returned '0': CMAKE_PREFIX_PATH=${CMAKE_PREFIX_PATH}:/opt/ros/humble /usr/bin/cmake --install /home/pan/Documents/Freelance/work01_ws/build/robot_slam
[1.581s] Level 1:colcon.colcon_core.environment:checking '/home/pan/Documents/Freelance/work01_ws/install/robot_slam' for CMake module files
[1.582s] Level 1:colcon.colcon_core.environment:checking '/home/pan/Documents/Freelance/work01_ws/install/robot_slam' for CMake config files
[1.582s] Level 1:colcon.colcon_core.shell:create_environment_hook('robot_slam', 'cmake_prefix_path')
[1.583s] INFO:colcon.colcon_core.shell:Creating environment hook '/home/pan/Documents/Freelance/work01_ws/install/robot_slam/share/robot_slam/hook/cmake_prefix_path.ps1'
[1.584s] INFO:colcon.colcon_core.shell:Creating environment descriptor '/home/pan/Documents/Freelance/work01_ws/install/robot_slam/share/robot_slam/hook/cmake_prefix_path.dsv'
[1.584s] INFO:colcon.colcon_core.shell:Creating environment hook '/home/pan/Documents/Freelance/work01_ws/install/robot_slam/share/robot_slam/hook/cmake_prefix_path.sh'
[1.585s] Level 1:colcon.colcon_core.environment:checking '/home/pan/Documents/Freelance/work01_ws/install/robot_slam/bin'
[1.585s] Level 1:colcon.colcon_core.environment:checking '/home/pan/Documents/Freelance/work01_ws/install/robot_slam/lib/pkgconfig/robot_slam.pc'
[1.585s] Level 1:colcon.colcon_core.environment:checking '/home/pan/Documents/Freelance/work01_ws/install/robot_slam/lib/python3.10/site-packages'
[1.585s] Level 1:colcon.colcon_core.environment:checking '/home/pan/Documents/Freelance/work01_ws/install/robot_slam/bin'
[1.586s] INFO:colcon.colcon_core.shell:Creating package script '/home/pan/Documents/Freelance/work01_ws/install/robot_slam/share/robot_slam/package.ps1'
[1.587s] INFO:colcon.colcon_core.shell:Creating package descriptor '/home/pan/Documents/Freelance/work01_ws/install/robot_slam/share/robot_slam/package.dsv'
[1.587s] INFO:colcon.colcon_core.shell:Creating package script '/home/pan/Documents/Freelance/work01_ws/install/robot_slam/share/robot_slam/package.sh'
[1.588s] INFO:colcon.colcon_core.shell:Creating package script '/home/pan/Documents/Freelance/work01_ws/install/robot_slam/share/robot_slam/package.bash'
[1.588s] INFO:colcon.colcon_core.shell:Creating package script '/home/pan/Documents/Freelance/work01_ws/install/robot_slam/share/robot_slam/package.zsh'
[1.589s] Level 1:colcon.colcon_core.environment:create_file_with_runtime_dependencies(/home/pan/Documents/Freelance/work01_ws/install/robot_slam/share/colcon-core/packages/robot_slam)
[1.607s] Level 1:colcon.colcon_core.environment:create_environment_scripts_only(robot_slam)
[1.609s] Level 1:colcon.colcon_core.environment:checking '/home/pan/Documents/Freelance/work01_ws/install/robot_slam' for CMake module files
[1.609s] Level 1:colcon.colcon_core.environment:checking '/home/pan/Documents/Freelance/work01_ws/install/robot_slam' for CMake config files
[1.610s] Level 1:colcon.colcon_core.shell:create_environment_hook('robot_slam', 'cmake_prefix_path')
[1.611s] INFO:colcon.colcon_core.shell:Creating environment hook '/home/pan/Documents/Freelance/work01_ws/install/robot_slam/share/robot_slam/hook/cmake_prefix_path.ps1'
[1.611s] INFO:colcon.colcon_core.shell:Creating environment descriptor '/home/pan/Documents/Freelance/work01_ws/install/robot_slam/share/robot_slam/hook/cmake_prefix_path.dsv'
[1.611s] INFO:colcon.colcon_core.shell:Creating environment hook '/home/pan/Documents/Freelance/work01_ws/install/robot_slam/share/robot_slam/hook/cmake_prefix_path.sh'
[1.612s] Level 1:colcon.colcon_core.environment:checking '/home/pan/Documents/Freelance/work01_ws/install/robot_slam/bin'
[1.612s] Level 1:colcon.colcon_core.environment:checking '/home/pan/Documents/Freelance/work01_ws/install/robot_slam/lib/pkgconfig/robot_slam.pc'
[1.612s] Level 1:colcon.colcon_core.environment:checking '/home/pan/Documents/Freelance/work01_ws/install/robot_slam/lib/python3.10/site-packages'
[1.612s] Level 1:colcon.colcon_core.environment:checking '/home/pan/Documents/Freelance/work01_ws/install/robot_slam/bin'
[1.614s] INFO:colcon.colcon_core.shell:Creating package script '/home/pan/Documents/Freelance/work01_ws/install/robot_slam/share/robot_slam/package.ps1'
[1.614s] INFO:colcon.colcon_core.shell:Creating package descriptor '/home/pan/Documents/Freelance/work01_ws/install/robot_slam/share/robot_slam/package.dsv'
[1.615s] INFO:colcon.colcon_core.shell:Creating package script '/home/pan/Documents/Freelance/work01_ws/install/robot_slam/share/robot_slam/package.sh'
[1.615s] INFO:colcon.colcon_core.shell:Creating package script '/home/pan/Documents/Freelance/work01_ws/install/robot_slam/share/robot_slam/package.bash'
[1.616s] INFO:colcon.colcon_core.shell:Creating package script '/home/pan/Documents/Freelance/work01_ws/install/robot_slam/share/robot_slam/package.zsh'
[1.616s] Level 1:colcon.colcon_core.environment:create_file_with_runtime_dependencies(/home/pan/Documents/Freelance/work01_ws/install/robot_slam/share/colcon-core/packages/robot_slam)
[1.624s] DEBUG:colcon.colcon_core.event_handler.log_command:Invoked command in '/home/pan/Documents/Freelance/work01_ws/build/robot_description' returned '0': CMAKE_PREFIX_PATH=${CMAKE_PREFIX_PATH}:/opt/ros/humble /usr/bin/cmake /home/pan/Documents/Freelance/work01_ws/src/robot_description -DAMENT_CMAKE_SYMLINK_INSTALL=1 -DCMAKE_INSTALL_PREFIX=/home/pan/Documents/Freelance/work01_ws/install/robot_description
[1.625s] DEBUG:colcon.colcon_core.event_handler.log_command:Invoking command in '/home/pan/Documents/Freelance/work01_ws/build/robot_description': CMAKE_PREFIX_PATH=${CMAKE_PREFIX_PATH}:/opt/ros/humble /usr/bin/cmake --build /home/pan/Documents/Freelance/work01_ws/build/robot_description -- -j12 -l12
[1.659s] DEBUG:colcon.colcon_core.event_handler.log_command:Invoked command in '/home/pan/Documents/Freelance/work01_ws/build/robot_description' returned '0': CMAKE_PREFIX_PATH=${CMAKE_PREFIX_PATH}:/opt/ros/humble /usr/bin/cmake --build /home/pan/Documents/Freelance/work01_ws/build/robot_description -- -j12 -l12
[1.680s] DEBUG:colcon.colcon_core.event_handler.log_command:Invoking command in '/home/pan/Documents/Freelance/work01_ws/build/robot_description': CMAKE_PREFIX_PATH=${CMAKE_PREFIX_PATH}:/opt/ros/humble /usr/bin/cmake --install /home/pan/Documents/Freelance/work01_ws/build/robot_description
[1.832s] Level 1:colcon.colcon_core.environment:create_environment_scripts_only(robot_description)
[1.834s] Level 1:colcon.colcon_core.environment:checking '/home/pan/Documents/Freelance/work01_ws/install/robot_description' for CMake module files
[1.834s] DEBUG:colcon.colcon_core.event_handler.log_command:Invoked command in '/home/pan/Documents/Freelance/work01_ws/build/robot_description' returned '0': CMAKE_PREFIX_PATH=${CMAKE_PREFIX_PATH}:/opt/ros/humble /usr/bin/cmake --install /home/pan/Documents/Freelance/work01_ws/build/robot_description
[1.835s] Level 1:colcon.colcon_core.environment:checking '/home/pan/Documents/Freelance/work01_ws/install/robot_description' for CMake config files
[1.835s] Level 1:colcon.colcon_core.shell:create_environment_hook('robot_description', 'cmake_prefix_path')
[1.836s] INFO:colcon.colcon_core.shell:Creating environment hook '/home/pan/Documents/Freelance/work01_ws/install/robot_description/share/robot_description/hook/cmake_prefix_path.ps1'
[1.836s] INFO:colcon.colcon_core.shell:Creating environment descriptor '/home/pan/Documents/Freelance/work01_ws/install/robot_description/share/robot_description/hook/cmake_prefix_path.dsv'
[1.837s] INFO:colcon.colcon_core.shell:Creating environment hook '/home/pan/Documents/Freelance/work01_ws/install/robot_description/share/robot_description/hook/cmake_prefix_path.sh'
[1.837s] Level 1:colcon.colcon_core.environment:checking '/home/pan/Documents/Freelance/work01_ws/install/robot_description/bin'
[1.837s] Level 1:colcon.colcon_core.environment:checking '/home/pan/Documents/Freelance/work01_ws/install/robot_description/lib/pkgconfig/robot_description.pc'
[1.837s] Level 1:colcon.colcon_core.environment:checking '/home/pan/Documents/Freelance/work01_ws/install/robot_description/lib/python3.10/site-packages'
[1.837s] Level 1:colcon.colcon_core.environment:checking '/home/pan/Documents/Freelance/work01_ws/install/robot_description/bin'
[1.839s] INFO:colcon.colcon_core.shell:Creating package script '/home/pan/Documents/Freelance/work01_ws/install/robot_description/share/robot_description/package.ps1'
[1.839s] INFO:colcon.colcon_core.shell:Creating package descriptor '/home/pan/Documents/Freelance/work01_ws/install/robot_description/share/robot_description/package.dsv'
[1.839s] INFO:colcon.colcon_core.shell:Creating package script '/home/pan/Documents/Freelance/work01_ws/install/robot_description/share/robot_description/package.sh'
[1.840s] INFO:colcon.colcon_core.shell:Creating package script '/home/pan/Documents/Freelance/work01_ws/install/robot_description/share/robot_description/package.bash'
[1.840s] INFO:colcon.colcon_core.shell:Creating package script '/home/pan/Documents/Freelance/work01_ws/install/robot_description/share/robot_description/package.zsh'
[1.840s] Level 1:colcon.colcon_core.environment:create_file_with_runtime_dependencies(/home/pan/Documents/Freelance/work01_ws/install/robot_description/share/colcon-core/packages/robot_description)
[1.859s] Level 1:colcon.colcon_core.environment:create_environment_scripts_only(robot_description)
[1.861s] Level 1:colcon.colcon_core.environment:checking '/home/pan/Documents/Freelance/work01_ws/install/robot_description' for CMake module files
[1.861s] Level 1:colcon.colcon_core.environment:checking '/home/pan/Documents/Freelance/work01_ws/install/robot_description' for CMake config files
[1.861s] Level 1:colcon.colcon_core.shell:create_environment_hook('robot_description', 'cmake_prefix_path')
[1.863s] INFO:colcon.colcon_core.shell:Creating environment hook '/home/pan/Documents/Freelance/work01_ws/install/robot_description/share/robot_description/hook/cmake_prefix_path.ps1'
[1.863s] INFO:colcon.colcon_core.shell:Creating environment descriptor '/home/pan/Documents/Freelance/work01_ws/install/robot_description/share/robot_description/hook/cmake_prefix_path.dsv'
[1.863s] INFO:colcon.colcon_core.shell:Creating environment hook '/home/pan/Documents/Freelance/work01_ws/install/robot_description/share/robot_description/hook/cmake_prefix_path.sh'
[1.864s] Level 1:colcon.colcon_core.environment:checking '/home/pan/Documents/Freelance/work01_ws/install/robot_description/bin'
[1.864s] Level 1:colcon.colcon_core.environment:checking '/home/pan/Documents/Freelance/work01_ws/install/robot_description/lib/pkgconfig/robot_description.pc'
[1.864s] Level 1:colcon.colcon_core.environment:checking '/home/pan/Documents/Freelance/work01_ws/install/robot_description/lib/python3.10/site-packages'
[1.864s] Level 1:colcon.colcon_core.environment:checking '/home/pan/Documents/Freelance/work01_ws/install/robot_description/bin'
[1.865s] INFO:colcon.colcon_core.shell:Creating package script '/home/pan/Documents/Freelance/work01_ws/install/robot_description/share/robot_description/package.ps1'
[1.866s] INFO:colcon.colcon_core.shell:Creating package descriptor '/home/pan/Documents/Freelance/work01_ws/install/robot_description/share/robot_description/package.dsv'
[1.866s] INFO:colcon.colcon_core.shell:Creating package script '/home/pan/Documents/Freelance/work01_ws/install/robot_description/share/robot_description/package.sh'
[1.866s] INFO:colcon.colcon_core.shell:Creating package script '/home/pan/Documents/Freelance/work01_ws/install/robot_description/share/robot_description/package.bash'
[1.867s] INFO:colcon.colcon_core.shell:Creating package script '/home/pan/Documents/Freelance/work01_ws/install/robot_description/share/robot_description/package.zsh'
[1.867s] Level 1:colcon.colcon_core.environment:create_file_with_runtime_dependencies(/home/pan/Documents/Freelance/work01_ws/install/robot_description/share/colcon-core/packages/robot_description)
[1.867s] INFO:colcon.colcon_ros.task.ament_cmake.build:Building ROS package in '/home/pan/Documents/Freelance/work01_ws/src/robot_simulation' with build type 'ament_cmake'
[1.867s] INFO:colcon.colcon_cmake.task.cmake.build:Building CMake package in '/home/pan/Documents/Freelance/work01_ws/src/robot_simulation'
[1.869s] INFO:colcon.colcon_core.shell:Skip shell extension 'powershell' for command environment: Not usable outside of PowerShell
[1.869s] DEBUG:colcon.colcon_core.shell:Skip shell extension 'dsv' for command environment
[1.879s] DEBUG:colcon.colcon_core.event_handler.log_command:Invoking command in '/home/pan/Documents/Freelance/work01_ws/build/robot_simulation': CMAKE_PREFIX_PATH=/home/pan/Documents/Freelance/work01_ws/install/robot_description:/home/pan/Documents/Freelance/work01_ws/install/robot_slam:/home/pan/Documents/Freelance/work01_ws/install/robot_simulation:/opt/ros/humble /usr/bin/cmake /home/pan/Documents/Freelance/work01_ws/src/robot_simulation -DAMENT_CMAKE_SYMLINK_INSTALL=1 -DCMAKE_INSTALL_PREFIX=/home/pan/Documents/Freelance/work01_ws/install/robot_simulation
[4.175s] DEBUG:colcon.colcon_core.event_handler.log_command:Invoked command in '/home/pan/Documents/Freelance/work01_ws/build/robot_simulation' returned '0': CMAKE_PREFIX_PATH=/home/pan/Documents/Freelance/work01_ws/install/robot_description:/home/pan/Documents/Freelance/work01_ws/install/robot_slam:/home/pan/Documents/Freelance/work01_ws/install/robot_simulation:/opt/ros/humble /usr/bin/cmake /home/pan/Documents/Freelance/work01_ws/src/robot_simulation -DAMENT_CMAKE_SYMLINK_INSTALL=1 -DCMAKE_INSTALL_PREFIX=/home/pan/Documents/Freelance/work01_ws/install/robot_simulation
[4.179s] DEBUG:colcon.colcon_core.event_handler.log_command:Invoking command in '/home/pan/Documents/Freelance/work01_ws/build/robot_simulation': CMAKE_PREFIX_PATH=/home/pan/Documents/Freelance/work01_ws/install/robot_description:/home/pan/Documents/Freelance/work01_ws/install/robot_slam:/home/pan/Documents/Freelance/work01_ws/install/robot_simulation:/opt/ros/humble /usr/bin/cmake --build /home/pan/Documents/Freelance/work01_ws/build/robot_simulation -- -j12 -l12
[4.218s] DEBUG:colcon.colcon_core.event_handler.log_command:Invoked command in '/home/pan/Documents/Freelance/work01_ws/build/robot_simulation' returned '0': CMAKE_PREFIX_PATH=/home/pan/Documents/Freelance/work01_ws/install/robot_description:/home/pan/Documents/Freelance/work01_ws/install/robot_slam:/home/pan/Documents/Freelance/work01_ws/install/robot_simulation:/opt/ros/humble /usr/bin/cmake --build /home/pan/Documents/Freelance/work01_ws/build/robot_simulation -- -j12 -l12
[4.238s] DEBUG:colcon.colcon_core.event_handler.log_command:Invoking command in '/home/pan/Documents/Freelance/work01_ws/build/robot_simulation': CMAKE_PREFIX_PATH=/home/pan/Documents/Freelance/work01_ws/install/robot_description:/home/pan/Documents/Freelance/work01_ws/install/robot_slam:/home/pan/Documents/Freelance/work01_ws/install/robot_simulation:/opt/ros/humble /usr/bin/cmake --install /home/pan/Documents/Freelance/work01_ws/build/robot_simulation
[4.448s] Level 1:colcon.colcon_core.environment:create_environment_scripts_only(robot_simulation)
[4.450s] Level 1:colcon.colcon_core.environment:checking '/home/pan/Documents/Freelance/work01_ws/install/robot_simulation' for CMake module files
[4.450s] DEBUG:colcon.colcon_core.event_handler.log_command:Invoked command in '/home/pan/Documents/Freelance/work01_ws/build/robot_simulation' returned '0': CMAKE_PREFIX_PATH=/home/pan/Documents/Freelance/work01_ws/install/robot_description:/home/pan/Documents/Freelance/work01_ws/install/robot_slam:/home/pan/Documents/Freelance/work01_ws/install/robot_simulation:/opt/ros/humble /usr/bin/cmake --install /home/pan/Documents/Freelance/work01_ws/build/robot_simulation
[4.450s] Level 1:colcon.colcon_core.environment:checking '/home/pan/Documents/Freelance/work01_ws/install/robot_simulation' for CMake config files
[4.451s] Level 1:colcon.colcon_core.shell:create_environment_hook('robot_simulation', 'cmake_prefix_path')
[4.452s] INFO:colcon.colcon_core.shell:Creating environment hook '/home/pan/Documents/Freelance/work01_ws/install/robot_simulation/share/robot_simulation/hook/cmake_prefix_path.ps1'
[4.452s] INFO:colcon.colcon_core.shell:Creating environment descriptor '/home/pan/Documents/Freelance/work01_ws/install/robot_simulation/share/robot_simulation/hook/cmake_prefix_path.dsv'
[4.452s] INFO:colcon.colcon_core.shell:Creating environment hook '/home/pan/Documents/Freelance/work01_ws/install/robot_simulation/share/robot_simulation/hook/cmake_prefix_path.sh'
[4.452s] Level 1:colcon.colcon_core.environment:checking '/home/pan/Documents/Freelance/work01_ws/install/robot_simulation/bin'
[4.452s] Level 1:colcon.colcon_core.environment:checking '/home/pan/Documents/Freelance/work01_ws/install/robot_simulation/lib/pkgconfig/robot_simulation.pc'
[4.453s] Level 1:colcon.colcon_core.environment:checking '/home/pan/Documents/Freelance/work01_ws/install/robot_simulation/lib/python3.10/site-packages'
[4.453s] Level 1:colcon.colcon_core.environment:checking '/home/pan/Documents/Freelance/work01_ws/install/robot_simulation/bin'
[4.454s] INFO:colcon.colcon_core.shell:Creating package script '/home/pan/Documents/Freelance/work01_ws/install/robot_simulation/share/robot_simulation/package.ps1'
[4.454s] INFO:colcon.colcon_core.shell:Creating package descriptor '/home/pan/Documents/Freelance/work01_ws/install/robot_simulation/share/robot_simulation/package.dsv'
[4.454s] INFO:colcon.colcon_core.shell:Creating package script '/home/pan/Documents/Freelance/work01_ws/install/robot_simulation/share/robot_simulation/package.sh'
[4.455s] INFO:colcon.colcon_core.shell:Creating package script '/home/pan/Documents/Freelance/work01_ws/install/robot_simulation/share/robot_simulation/package.bash'
[4.455s] INFO:colcon.colcon_core.shell:Creating package script '/home/pan/Documents/Freelance/work01_ws/install/robot_simulation/share/robot_simulation/package.zsh'
[4.455s] Level 1:colcon.colcon_core.environment:create_file_with_runtime_dependencies(/home/pan/Documents/Freelance/work01_ws/install/robot_simulation/share/colcon-core/packages/robot_simulation)
[4.473s] Level 1:colcon.colcon_core.environment:create_environment_scripts_only(robot_simulation)
[4.475s] Level 1:colcon.colcon_core.environment:checking '/home/pan/Documents/Freelance/work01_ws/install/robot_simulation' for CMake module files
[4.476s] Level 1:colcon.colcon_core.environment:checking '/home/pan/Documents/Freelance/work01_ws/install/robot_simulation' for CMake config files
[4.476s] Level 1:colcon.colcon_core.shell:create_environment_hook('robot_simulation', 'cmake_prefix_path')
[4.477s] INFO:colcon.colcon_core.shell:Creating environment hook '/home/pan/Documents/Freelance/work01_ws/install/robot_simulation/share/robot_simulation/hook/cmake_prefix_path.ps1'
[4.477s] INFO:colcon.colcon_core.shell:Creating environment descriptor '/home/pan/Documents/Freelance/work01_ws/install/robot_simulation/share/robot_simulation/hook/cmake_prefix_path.dsv'
[4.477s] INFO:colcon.colcon_core.shell:Creating environment hook '/home/pan/Documents/Freelance/work01_ws/install/robot_simulation/share/robot_simulation/hook/cmake_prefix_path.sh'
[4.478s] Level 1:colcon.colcon_core.environment:checking '/home/pan/Documents/Freelance/work01_ws/install/robot_simulation/bin'
[4.478s] Level 1:colcon.colcon_core.environment:checking '/home/pan/Documents/Freelance/work01_ws/install/robot_simulation/lib/pkgconfig/robot_simulation.pc'
[4.478s] Level 1:colcon.colcon_core.environment:checking '/home/pan/Documents/Freelance/work01_ws/install/robot_simulation/lib/python3.10/site-packages'
[4.478s] Level 1:colcon.colcon_core.environment:checking '/home/pan/Documents/Freelance/work01_ws/install/robot_simulation/bin'
[4.479s] INFO:colcon.colcon_core.shell:Creating package script '/home/pan/Documents/Freelance/work01_ws/install/robot_simulation/share/robot_simulation/package.ps1'
[4.480s] INFO:colcon.colcon_core.shell:Creating package descriptor '/home/pan/Documents/Freelance/work01_ws/install/robot_simulation/share/robot_simulation/package.dsv'
[4.480s] INFO:colcon.colcon_core.shell:Creating package script '/home/pan/Documents/Freelance/work01_ws/install/robot_simulation/share/robot_simulation/package.sh'
[4.481s] INFO:colcon.colcon_core.shell:Creating package script '/home/pan/Documents/Freelance/work01_ws/install/robot_simulation/share/robot_simulation/package.bash'
[4.481s] INFO:colcon.colcon_core.shell:Creating package script '/home/pan/Documents/Freelance/work01_ws/install/robot_simulation/share/robot_simulation/package.zsh'
[4.481s] Level 1:colcon.colcon_core.environment:create_file_with_runtime_dependencies(/home/pan/Documents/Freelance/work01_ws/install/robot_simulation/share/colcon-core/packages/robot_simulation)
[4.482s] DEBUG:colcon.colcon_parallel_executor.executor.parallel:closing loop
[4.482s] DEBUG:colcon.colcon_parallel_executor.executor.parallel:loop closed
[4.482s] DEBUG:colcon.colcon_parallel_executor.executor.parallel:run_until_complete finished with '0'
[4.482s] DEBUG:colcon.colcon_core.event_reactor:joining thread
[4.491s] INFO:colcon.colcon_core.plugin_system:Skipping extension 'colcon_notification.desktop_notification.terminal_notifier': Not used on non-Darwin systems
[4.491s] INFO:colcon.colcon_core.plugin_system:Skipping extension 'colcon_notification.desktop_notification.win32': Not used on non-Windows systems
[4.491s] INFO:colcon.colcon_notification.desktop_notification:Sending desktop notification using 'notify2'
[4.504s] DEBUG:colcon.colcon_core.event_reactor:joined thread
[4.505s] INFO:colcon.colcon_core.shell:Creating prefix script '/home/pan/Documents/Freelance/work01_ws/install/local_setup.ps1'
[4.507s] INFO:colcon.colcon_core.shell:Creating prefix util module '/home/pan/Documents/Freelance/work01_ws/install/_local_setup_util_ps1.py'
[4.509s] INFO:colcon.colcon_core.shell:Creating prefix chain script '/home/pan/Documents/Freelance/work01_ws/install/setup.ps1'
[4.512s] INFO:colcon.colcon_core.shell:Creating prefix script '/home/pan/Documents/Freelance/work01_ws/install/local_setup.sh'
[4.512s] INFO:colcon.colcon_core.shell:Creating prefix util module '/home/pan/Documents/Freelance/work01_ws/install/_local_setup_util_sh.py'
[4.513s] INFO:colcon.colcon_core.shell:Creating prefix chain script '/home/pan/Documents/Freelance/work01_ws/install/setup.sh'
[4.515s] INFO:colcon.colcon_core.shell:Creating prefix script '/home/pan/Documents/Freelance/work01_ws/install/local_setup.bash'
[4.516s] INFO:colcon.colcon_core.shell:Creating prefix chain script '/home/pan/Documents/Freelance/work01_ws/install/setup.bash'
[4.517s] INFO:colcon.colcon_core.shell:Creating prefix script '/home/pan/Documents/Freelance/work01_ws/install/local_setup.zsh'
[4.518s] INFO:colcon.colcon_core.shell:Creating prefix chain script '/home/pan/Documents/Freelance/work01_ws/install/setup.zsh'
