[0.283s] DEBUG:colcon:Command line arguments: ['/usr/bin/colcon', 'build', '--symlink-install']
[0.284s] DEBUG:colcon:Parsed command line arguments: Namespace(log_base=None, log_level=None, verb_name='build', build_base='build', install_base='install', merge_install=False, symlink_install=True, test_result_base=None, continue_on_error=False, executor='parallel', parallel_workers=12, event_handlers=None, ignore_user_meta=False, metas=['./colcon.meta'], base_paths=['.'], packages_ignore=None, packages_ignore_regex=None, paths=None, packages_up_to=None, packages_up_to_regex=None, packages_above=None, packages_above_and_dependencies=None, packages_above_depth=None, packages_select_by_dep=None, packages_skip_by_dep=None, packages_skip_up_to=None, packages_select_build_failed=False, packages_skip_build_finished=False, packages_select_test_failures=False, packages_skip_test_passed=False, packages_select=None, packages_skip=None, packages_select_regex=None, packages_skip_regex=None, packages_start=None, packages_end=None, allow_overriding=[], cmake_args=None, cmake_target=None, cmake_target_skip_unavailable=False, cmake_clean_cache=False, cmake_clean_first=False, cmake_force_configure=False, ament_cmake_args=None, catkin_cmake_args=None, catkin_skip_building_tests=False, verb_parser=<colcon_defaults.argument_parser.defaults.DefaultArgumentsDecorator object at 0x7fde0a7e1840>, verb_extension=<colcon_core.verb.build.BuildVerb object at 0x7fde0adeb940>, main=<bound method BuildVerb.main of <colcon_core.verb.build.BuildVerb object at 0x7fde0adeb940>>)
[0.326s] Level 1:colcon.colcon_core.package_discovery:discover_packages(colcon_meta) check parameters
[0.326s] Level 1:colcon.colcon_core.package_discovery:discover_packages(recursive) check parameters
[0.326s] Level 1:colcon.colcon_core.package_discovery:discover_packages(ignore) check parameters
[0.326s] Level 1:colcon.colcon_core.package_discovery:discover_packages(path) check parameters
[0.326s] Level 1:colcon.colcon_core.package_discovery:discover_packages(colcon_meta) discover
[0.326s] Level 1:colcon.colcon_core.package_discovery:discover_packages(recursive) discover
[0.326s] INFO:colcon.colcon_core.package_discovery:Crawling recursively for packages in '/home/pan/Documents/Freelance/work01_ws'
[0.326s] Level 1:colcon.colcon_core.package_identification:_identify(.) by extensions ['ignore', 'ignore_ament_install']
[0.326s] Level 1:colcon.colcon_core.package_identification:_identify(.) by extension 'ignore'
[0.326s] Level 1:colcon.colcon_core.package_identification:_identify(.) by extension 'ignore_ament_install'
[0.326s] Level 1:colcon.colcon_core.package_identification:_identify(.) by extensions ['colcon_pkg']
[0.326s] Level 1:colcon.colcon_core.package_identification:_identify(.) by extension 'colcon_pkg'
[0.326s] Level 1:colcon.colcon_core.package_identification:_identify(.) by extensions ['colcon_meta']
[0.326s] Level 1:colcon.colcon_core.package_identification:_identify(.) by extension 'colcon_meta'
[0.326s] Level 1:colcon.colcon_core.package_identification:_identify(.) by extensions ['ros']
[0.326s] Level 1:colcon.colcon_core.package_identification:_identify(.) by extension 'ros'
[0.338s] Level 1:colcon.colcon_core.package_identification:_identify(.) by extensions ['cmake', 'python']
[0.338s] Level 1:colcon.colcon_core.package_identification:_identify(.) by extension 'cmake'
[0.338s] Level 1:colcon.colcon_core.package_identification:_identify(.) by extension 'python'
[0.338s] Level 1:colcon.colcon_core.package_identification:_identify(.) by extensions ['python_setup_py']
[0.338s] Level 1:colcon.colcon_core.package_identification:_identify(.) by extension 'python_setup_py'
[0.338s] Level 1:colcon.colcon_core.package_identification:_identify(build) by extensions ['ignore', 'ignore_ament_install']
[0.338s] Level 1:colcon.colcon_core.package_identification:_identify(build) by extension 'ignore'
[0.338s] Level 1:colcon.colcon_core.package_identification:_identify(build) ignored
[0.338s] Level 1:colcon.colcon_core.package_identification:_identify(install) by extensions ['ignore', 'ignore_ament_install']
[0.338s] Level 1:colcon.colcon_core.package_identification:_identify(install) by extension 'ignore'
[0.338s] Level 1:colcon.colcon_core.package_identification:_identify(install) ignored
[0.338s] Level 1:colcon.colcon_core.package_identification:_identify(log) by extensions ['ignore', 'ignore_ament_install']
[0.338s] Level 1:colcon.colcon_core.package_identification:_identify(log) by extension 'ignore'
[0.339s] Level 1:colcon.colcon_core.package_identification:_identify(log) ignored
[0.339s] Level 1:colcon.colcon_core.package_identification:_identify(src) by extensions ['ignore', 'ignore_ament_install']
[0.339s] Level 1:colcon.colcon_core.package_identification:_identify(src) by extension 'ignore'
[0.339s] Level 1:colcon.colcon_core.package_identification:_identify(src) by extension 'ignore_ament_install'
[0.339s] Level 1:colcon.colcon_core.package_identification:_identify(src) by extensions ['colcon_pkg']
[0.339s] Level 1:colcon.colcon_core.package_identification:_identify(src) by extension 'colcon_pkg'
[0.339s] Level 1:colcon.colcon_core.package_identification:_identify(src) by extensions ['colcon_meta']
[0.339s] Level 1:colcon.colcon_core.package_identification:_identify(src) by extension 'colcon_meta'
[0.339s] Level 1:colcon.colcon_core.package_identification:_identify(src) by extensions ['ros']
[0.339s] Level 1:colcon.colcon_core.package_identification:_identify(src) by extension 'ros'
[0.339s] Level 1:colcon.colcon_core.package_identification:_identify(src) by extensions ['cmake', 'python']
[0.339s] Level 1:colcon.colcon_core.package_identification:_identify(src) by extension 'cmake'
[0.339s] Level 1:colcon.colcon_core.package_identification:_identify(src) by extension 'python'
[0.339s] Level 1:colcon.colcon_core.package_identification:_identify(src) by extensions ['python_setup_py']
[0.339s] Level 1:colcon.colcon_core.package_identification:_identify(src) by extension 'python_setup_py'
[0.339s] Level 1:colcon.colcon_core.package_identification:_identify(src/robot_description) by extensions ['ignore', 'ignore_ament_install']
[0.339s] Level 1:colcon.colcon_core.package_identification:_identify(src/robot_description) by extension 'ignore'
[0.339s] Level 1:colcon.colcon_core.package_identification:_identify(src/robot_description) by extension 'ignore_ament_install'
[0.339s] Level 1:colcon.colcon_core.package_identification:_identify(src/robot_description) by extensions ['colcon_pkg']
[0.339s] Level 1:colcon.colcon_core.package_identification:_identify(src/robot_description) by extension 'colcon_pkg'
[0.339s] Level 1:colcon.colcon_core.package_identification:_identify(src/robot_description) by extensions ['colcon_meta']
[0.339s] Level 1:colcon.colcon_core.package_identification:_identify(src/robot_description) by extension 'colcon_meta'
[0.339s] Level 1:colcon.colcon_core.package_identification:_identify(src/robot_description) by extensions ['ros']
[0.340s] Level 1:colcon.colcon_core.package_identification:_identify(src/robot_description) by extension 'ros'
[0.342s] DEBUG:colcon.colcon_core.package_identification:Package 'src/robot_description' with type 'ros.ament_cmake' and name 'robot_description'
[0.343s] Level 1:colcon.colcon_core.package_identification:_identify(src/robot_navigation) by extensions ['ignore', 'ignore_ament_install']
[0.343s] Level 1:colcon.colcon_core.package_identification:_identify(src/robot_navigation) by extension 'ignore'
[0.343s] Level 1:colcon.colcon_core.package_identification:_identify(src/robot_navigation) by extension 'ignore_ament_install'
[0.343s] Level 1:colcon.colcon_core.package_identification:_identify(src/robot_navigation) by extensions ['colcon_pkg']
[0.343s] Level 1:colcon.colcon_core.package_identification:_identify(src/robot_navigation) by extension 'colcon_pkg'
[0.343s] Level 1:colcon.colcon_core.package_identification:_identify(src/robot_navigation) by extensions ['colcon_meta']
[0.343s] Level 1:colcon.colcon_core.package_identification:_identify(src/robot_navigation) by extension 'colcon_meta'
[0.343s] Level 1:colcon.colcon_core.package_identification:_identify(src/robot_navigation) by extensions ['ros']
[0.343s] Level 1:colcon.colcon_core.package_identification:_identify(src/robot_navigation) by extension 'ros'
[0.343s] DEBUG:colcon.colcon_core.package_identification:Package 'src/robot_navigation' with type 'ros.ament_cmake' and name 'robot_navigation'
[0.344s] Level 1:colcon.colcon_core.package_identification:_identify(src/robot_simulation) by extensions ['ignore', 'ignore_ament_install']
[0.344s] Level 1:colcon.colcon_core.package_identification:_identify(src/robot_simulation) by extension 'ignore'
[0.344s] Level 1:colcon.colcon_core.package_identification:_identify(src/robot_simulation) by extension 'ignore_ament_install'
[0.344s] Level 1:colcon.colcon_core.package_identification:_identify(src/robot_simulation) by extensions ['colcon_pkg']
[0.344s] Level 1:colcon.colcon_core.package_identification:_identify(src/robot_simulation) by extension 'colcon_pkg'
[0.344s] Level 1:colcon.colcon_core.package_identification:_identify(src/robot_simulation) by extensions ['colcon_meta']
[0.344s] Level 1:colcon.colcon_core.package_identification:_identify(src/robot_simulation) by extension 'colcon_meta'
[0.344s] Level 1:colcon.colcon_core.package_identification:_identify(src/robot_simulation) by extensions ['ros']
[0.344s] Level 1:colcon.colcon_core.package_identification:_identify(src/robot_simulation) by extension 'ros'
[0.345s] DEBUG:colcon.colcon_core.package_identification:Package 'src/robot_simulation' with type 'ros.ament_cmake' and name 'robot_simulation'
[0.345s] Level 1:colcon.colcon_core.package_identification:_identify(src/robot_slam) by extensions ['ignore', 'ignore_ament_install']
[0.345s] Level 1:colcon.colcon_core.package_identification:_identify(src/robot_slam) by extension 'ignore'
[0.345s] Level 1:colcon.colcon_core.package_identification:_identify(src/robot_slam) by extension 'ignore_ament_install'
[0.345s] Level 1:colcon.colcon_core.package_identification:_identify(src/robot_slam) by extensions ['colcon_pkg']
[0.345s] Level 1:colcon.colcon_core.package_identification:_identify(src/robot_slam) by extension 'colcon_pkg'
[0.345s] Level 1:colcon.colcon_core.package_identification:_identify(src/robot_slam) by extensions ['colcon_meta']
[0.345s] Level 1:colcon.colcon_core.package_identification:_identify(src/robot_slam) by extension 'colcon_meta'
[0.345s] Level 1:colcon.colcon_core.package_identification:_identify(src/robot_slam) by extensions ['ros']
[0.345s] Level 1:colcon.colcon_core.package_identification:_identify(src/robot_slam) by extension 'ros'
[0.346s] DEBUG:colcon.colcon_core.package_identification:Package 'src/robot_slam' with type 'ros.ament_cmake' and name 'robot_slam'
[0.346s] Level 1:colcon.colcon_core.package_discovery:discover_packages(recursive) using defaults
[0.346s] Level 1:colcon.colcon_core.package_discovery:discover_packages(ignore) discover
[0.346s] Level 1:colcon.colcon_core.package_discovery:discover_packages(ignore) using defaults
[0.346s] Level 1:colcon.colcon_core.package_discovery:discover_packages(path) discover
[0.346s] Level 1:colcon.colcon_core.package_discovery:discover_packages(path) using defaults
[0.373s] Level 1:colcon.colcon_core.package_discovery:discover_packages(prefix_path) check parameters
[0.373s] Level 1:colcon.colcon_core.package_discovery:discover_packages(prefix_path) discover
[0.376s] DEBUG:colcon.colcon_installed_package_information.package_discovery:Found 4 installed packages in /home/pan/Documents/Freelance/work01_ws/install
[0.377s] DEBUG:colcon.colcon_installed_package_information.package_discovery:Found 359 installed packages in /opt/ros/humble
[0.379s] Level 1:colcon.colcon_core.package_discovery:discover_packages(prefix_path) using defaults
[0.436s] Level 5:colcon.colcon_core.verb:set package 'robot_description' build argument 'cmake_args' from command line to 'None'
[0.436s] Level 5:colcon.colcon_core.verb:set package 'robot_description' build argument 'cmake_target' from command line to 'None'
[0.437s] Level 5:colcon.colcon_core.verb:set package 'robot_description' build argument 'cmake_target_skip_unavailable' from command line to 'False'
[0.437s] Level 5:colcon.colcon_core.verb:set package 'robot_description' build argument 'cmake_clean_cache' from command line to 'False'
[0.437s] Level 5:colcon.colcon_core.verb:set package 'robot_description' build argument 'cmake_clean_first' from command line to 'False'
[0.437s] Level 5:colcon.colcon_core.verb:set package 'robot_description' build argument 'cmake_force_configure' from command line to 'False'
[0.437s] Level 5:colcon.colcon_core.verb:set package 'robot_description' build argument 'ament_cmake_args' from command line to 'None'
[0.437s] Level 5:colcon.colcon_core.verb:set package 'robot_description' build argument 'catkin_cmake_args' from command line to 'None'
[0.437s] Level 5:colcon.colcon_core.verb:set package 'robot_description' build argument 'catkin_skip_building_tests' from command line to 'False'
[0.437s] DEBUG:colcon.colcon_core.verb:Building package 'robot_description' with the following arguments: {'ament_cmake_args': None, 'build_base': '/home/pan/Documents/Freelance/work01_ws/build/robot_description', 'catkin_cmake_args': None, 'catkin_skip_building_tests': False, 'cmake_args': None, 'cmake_clean_cache': False, 'cmake_clean_first': False, 'cmake_force_configure': False, 'cmake_target': None, 'cmake_target_skip_unavailable': False, 'install_base': '/home/pan/Documents/Freelance/work01_ws/install/robot_description', 'merge_install': False, 'path': '/home/pan/Documents/Freelance/work01_ws/src/robot_description', 'symlink_install': True, 'test_result_base': None}
[0.438s] Level 5:colcon.colcon_core.verb:set package 'robot_navigation' build argument 'cmake_args' from command line to 'None'
[0.438s] Level 5:colcon.colcon_core.verb:set package 'robot_navigation' build argument 'cmake_target' from command line to 'None'
[0.438s] Level 5:colcon.colcon_core.verb:set package 'robot_navigation' build argument 'cmake_target_skip_unavailable' from command line to 'False'
[0.438s] Level 5:colcon.colcon_core.verb:set package 'robot_navigation' build argument 'cmake_clean_cache' from command line to 'False'
[0.438s] Level 5:colcon.colcon_core.verb:set package 'robot_navigation' build argument 'cmake_clean_first' from command line to 'False'
[0.438s] Level 5:colcon.colcon_core.verb:set package 'robot_navigation' build argument 'cmake_force_configure' from command line to 'False'
[0.438s] Level 5:colcon.colcon_core.verb:set package 'robot_navigation' build argument 'ament_cmake_args' from command line to 'None'
[0.438s] Level 5:colcon.colcon_core.verb:set package 'robot_navigation' build argument 'catkin_cmake_args' from command line to 'None'
[0.438s] Level 5:colcon.colcon_core.verb:set package 'robot_navigation' build argument 'catkin_skip_building_tests' from command line to 'False'
[0.438s] DEBUG:colcon.colcon_core.verb:Building package 'robot_navigation' with the following arguments: {'ament_cmake_args': None, 'build_base': '/home/pan/Documents/Freelance/work01_ws/build/robot_navigation', 'catkin_cmake_args': None, 'catkin_skip_building_tests': False, 'cmake_args': None, 'cmake_clean_cache': False, 'cmake_clean_first': False, 'cmake_force_configure': False, 'cmake_target': None, 'cmake_target_skip_unavailable': False, 'install_base': '/home/pan/Documents/Freelance/work01_ws/install/robot_navigation', 'merge_install': False, 'path': '/home/pan/Documents/Freelance/work01_ws/src/robot_navigation', 'symlink_install': True, 'test_result_base': None}
[0.439s] Level 5:colcon.colcon_core.verb:set package 'robot_slam' build argument 'cmake_args' from command line to 'None'
[0.439s] Level 5:colcon.colcon_core.verb:set package 'robot_slam' build argument 'cmake_target' from command line to 'None'
[0.439s] Level 5:colcon.colcon_core.verb:set package 'robot_slam' build argument 'cmake_target_skip_unavailable' from command line to 'False'
[0.439s] Level 5:colcon.colcon_core.verb:set package 'robot_slam' build argument 'cmake_clean_cache' from command line to 'False'
[0.439s] Level 5:colcon.colcon_core.verb:set package 'robot_slam' build argument 'cmake_clean_first' from command line to 'False'
[0.439s] Level 5:colcon.colcon_core.verb:set package 'robot_slam' build argument 'cmake_force_configure' from command line to 'False'
[0.439s] Level 5:colcon.colcon_core.verb:set package 'robot_slam' build argument 'ament_cmake_args' from command line to 'None'
[0.439s] Level 5:colcon.colcon_core.verb:set package 'robot_slam' build argument 'catkin_cmake_args' from command line to 'None'
[0.439s] Level 5:colcon.colcon_core.verb:set package 'robot_slam' build argument 'catkin_skip_building_tests' from command line to 'False'
[0.439s] DEBUG:colcon.colcon_core.verb:Building package 'robot_slam' with the following arguments: {'ament_cmake_args': None, 'build_base': '/home/pan/Documents/Freelance/work01_ws/build/robot_slam', 'catkin_cmake_args': None, 'catkin_skip_building_tests': False, 'cmake_args': None, 'cmake_clean_cache': False, 'cmake_clean_first': False, 'cmake_force_configure': False, 'cmake_target': None, 'cmake_target_skip_unavailable': False, 'install_base': '/home/pan/Documents/Freelance/work01_ws/install/robot_slam', 'merge_install': False, 'path': '/home/pan/Documents/Freelance/work01_ws/src/robot_slam', 'symlink_install': True, 'test_result_base': None}
[0.440s] Level 5:colcon.colcon_core.verb:set package 'robot_simulation' build argument 'cmake_args' from command line to 'None'
[0.440s] Level 5:colcon.colcon_core.verb:set package 'robot_simulation' build argument 'cmake_target' from command line to 'None'
[0.440s] Level 5:colcon.colcon_core.verb:set package 'robot_simulation' build argument 'cmake_target_skip_unavailable' from command line to 'False'
[0.440s] Level 5:colcon.colcon_core.verb:set package 'robot_simulation' build argument 'cmake_clean_cache' from command line to 'False'
[0.440s] Level 5:colcon.colcon_core.verb:set package 'robot_simulation' build argument 'cmake_clean_first' from command line to 'False'
[0.440s] Level 5:colcon.colcon_core.verb:set package 'robot_simulation' build argument 'cmake_force_configure' from command line to 'False'
[0.440s] Level 5:colcon.colcon_core.verb:set package 'robot_simulation' build argument 'ament_cmake_args' from command line to 'None'
[0.440s] Level 5:colcon.colcon_core.verb:set package 'robot_simulation' build argument 'catkin_cmake_args' from command line to 'None'
[0.440s] Level 5:colcon.colcon_core.verb:set package 'robot_simulation' build argument 'catkin_skip_building_tests' from command line to 'False'
[0.440s] DEBUG:colcon.colcon_core.verb:Building package 'robot_simulation' with the following arguments: {'ament_cmake_args': None, 'build_base': '/home/pan/Documents/Freelance/work01_ws/build/robot_simulation', 'catkin_cmake_args': None, 'catkin_skip_building_tests': False, 'cmake_args': None, 'cmake_clean_cache': False, 'cmake_clean_first': False, 'cmake_force_configure': False, 'cmake_target': None, 'cmake_target_skip_unavailable': False, 'install_base': '/home/pan/Documents/Freelance/work01_ws/install/robot_simulation', 'merge_install': False, 'path': '/home/pan/Documents/Freelance/work01_ws/src/robot_simulation', 'symlink_install': True, 'test_result_base': None}
[0.440s] INFO:colcon.colcon_core.executor:Executing jobs using 'parallel' executor
[0.443s] DEBUG:colcon.colcon_parallel_executor.executor.parallel:run_until_complete
[0.444s] INFO:colcon.colcon_ros.task.ament_cmake.build:Building ROS package in '/home/pan/Documents/Freelance/work01_ws/src/robot_description' with build type 'ament_cmake'
[0.444s] INFO:colcon.colcon_cmake.task.cmake.build:Building CMake package in '/home/pan/Documents/Freelance/work01_ws/src/robot_description'
[0.447s] INFO:colcon.colcon_core.plugin_system:Skipping extension 'colcon_core.shell.bat': Not used on non-Windows systems
[0.447s] INFO:colcon.colcon_core.shell:Skip shell extension 'powershell' for command environment: Not usable outside of PowerShell
[0.448s] DEBUG:colcon.colcon_core.shell:Skip shell extension 'dsv' for command environment
[0.454s] INFO:colcon.colcon_ros.task.ament_cmake.build:Building ROS package in '/home/pan/Documents/Freelance/work01_ws/src/robot_navigation' with build type 'ament_cmake'
[0.454s] INFO:colcon.colcon_cmake.task.cmake.build:Building CMake package in '/home/pan/Documents/Freelance/work01_ws/src/robot_navigation'
[0.456s] INFO:colcon.colcon_core.shell:Skip shell extension 'powershell' for command environment: Not usable outside of PowerShell
[0.457s] DEBUG:colcon.colcon_core.shell:Skip shell extension 'dsv' for command environment
[0.461s] INFO:colcon.colcon_ros.task.ament_cmake.build:Building ROS package in '/home/pan/Documents/Freelance/work01_ws/src/robot_slam' with build type 'ament_cmake'
[0.461s] INFO:colcon.colcon_cmake.task.cmake.build:Building CMake package in '/home/pan/Documents/Freelance/work01_ws/src/robot_slam'
[0.462s] INFO:colcon.colcon_core.shell:Skip shell extension 'powershell' for command environment: Not usable outside of PowerShell
[0.462s] DEBUG:colcon.colcon_core.shell:Skip shell extension 'dsv' for command environment
[0.474s] DEBUG:colcon.colcon_core.event_handler.log_command:Invoking command in '/home/pan/Documents/Freelance/work01_ws/build/robot_description': CMAKE_PREFIX_PATH=${CMAKE_PREFIX_PATH}:/opt/ros/humble /usr/bin/cmake --build /home/pan/Documents/Freelance/work01_ws/build/robot_description -- -j12 -l12
[0.478s] DEBUG:colcon.colcon_core.event_handler.log_command:Invoking command in '/home/pan/Documents/Freelance/work01_ws/build/robot_navigation': CMAKE_PREFIX_PATH=${CMAKE_PREFIX_PATH}:/opt/ros/humble /usr/bin/cmake --build /home/pan/Documents/Freelance/work01_ws/build/robot_navigation -- -j12 -l12
[0.482s] DEBUG:colcon.colcon_core.event_handler.log_command:Invoking command in '/home/pan/Documents/Freelance/work01_ws/build/robot_slam': CMAKE_PREFIX_PATH=${CMAKE_PREFIX_PATH}:/opt/ros/humble /usr/bin/cmake --build /home/pan/Documents/Freelance/work01_ws/build/robot_slam -- -j12 -l12
[0.520s] DEBUG:colcon.colcon_core.event_handler.log_command:Invoked command in '/home/pan/Documents/Freelance/work01_ws/build/robot_navigation' returned '0': CMAKE_PREFIX_PATH=${CMAKE_PREFIX_PATH}:/opt/ros/humble /usr/bin/cmake --build /home/pan/Documents/Freelance/work01_ws/build/robot_navigation -- -j12 -l12
[0.523s] DEBUG:colcon.colcon_core.event_handler.log_command:Invoked command in '/home/pan/Documents/Freelance/work01_ws/build/robot_description' returned '0': CMAKE_PREFIX_PATH=${CMAKE_PREFIX_PATH}:/opt/ros/humble /usr/bin/cmake --build /home/pan/Documents/Freelance/work01_ws/build/robot_description -- -j12 -l12
[0.531s] DEBUG:colcon.colcon_core.event_handler.log_command:Invoked command in '/home/pan/Documents/Freelance/work01_ws/build/robot_slam' returned '0': CMAKE_PREFIX_PATH=${CMAKE_PREFIX_PATH}:/opt/ros/humble /usr/bin/cmake --build /home/pan/Documents/Freelance/work01_ws/build/robot_slam -- -j12 -l12
[0.556s] DEBUG:colcon.colcon_core.event_handler.log_command:Invoking command in '/home/pan/Documents/Freelance/work01_ws/build/robot_navigation': CMAKE_PREFIX_PATH=${CMAKE_PREFIX_PATH}:/opt/ros/humble /usr/bin/cmake --install /home/pan/Documents/Freelance/work01_ws/build/robot_navigation
[0.559s] DEBUG:colcon.colcon_core.event_handler.log_command:Invoking command in '/home/pan/Documents/Freelance/work01_ws/build/robot_description': CMAKE_PREFIX_PATH=${CMAKE_PREFIX_PATH}:/opt/ros/humble /usr/bin/cmake --install /home/pan/Documents/Freelance/work01_ws/build/robot_description
[0.560s] DEBUG:colcon.colcon_core.event_handler.log_command:Invoking command in '/home/pan/Documents/Freelance/work01_ws/build/robot_slam': CMAKE_PREFIX_PATH=${CMAKE_PREFIX_PATH}:/opt/ros/humble /usr/bin/cmake --install /home/pan/Documents/Freelance/work01_ws/build/robot_slam
[0.590s] Level 1:colcon.colcon_core.environment:create_environment_scripts_only(robot_description)
[0.591s] DEBUG:colcon.colcon_core.event_handler.log_command:Invoked command in '/home/pan/Documents/Freelance/work01_ws/build/robot_description' returned '0': CMAKE_PREFIX_PATH=${CMAKE_PREFIX_PATH}:/opt/ros/humble /usr/bin/cmake --install /home/pan/Documents/Freelance/work01_ws/build/robot_description
[0.599s] Level 1:colcon.colcon_core.environment:checking '/home/pan/Documents/Freelance/work01_ws/install/robot_description' for CMake module files
[0.599s] Level 1:colcon.colcon_core.environment:checking '/home/pan/Documents/Freelance/work01_ws/install/robot_description' for CMake config files
[0.599s] Level 1:colcon.colcon_core.shell:create_environment_hook('robot_description', 'cmake_prefix_path')
[0.601s] INFO:colcon.colcon_core.shell:Creating environment hook '/home/pan/Documents/Freelance/work01_ws/install/robot_description/share/robot_description/hook/cmake_prefix_path.ps1'
[0.602s] INFO:colcon.colcon_core.shell:Creating environment descriptor '/home/pan/Documents/Freelance/work01_ws/install/robot_description/share/robot_description/hook/cmake_prefix_path.dsv'
[0.603s] INFO:colcon.colcon_core.shell:Creating environment hook '/home/pan/Documents/Freelance/work01_ws/install/robot_description/share/robot_description/hook/cmake_prefix_path.sh'
[0.604s] Level 1:colcon.colcon_core.environment:checking '/home/pan/Documents/Freelance/work01_ws/install/robot_description/bin'
[0.604s] Level 1:colcon.colcon_core.environment:checking '/home/pan/Documents/Freelance/work01_ws/install/robot_description/lib/pkgconfig/robot_description.pc'
[0.604s] Level 1:colcon.colcon_core.environment:checking '/home/pan/Documents/Freelance/work01_ws/install/robot_description/lib/python3.10/site-packages'
[0.604s] Level 1:colcon.colcon_core.environment:checking '/home/pan/Documents/Freelance/work01_ws/install/robot_description/bin'
[0.606s] INFO:colcon.colcon_core.shell:Creating package script '/home/pan/Documents/Freelance/work01_ws/install/robot_description/share/robot_description/package.ps1'
[0.607s] INFO:colcon.colcon_core.shell:Creating package descriptor '/home/pan/Documents/Freelance/work01_ws/install/robot_description/share/robot_description/package.dsv'
[0.608s] INFO:colcon.colcon_core.shell:Creating package script '/home/pan/Documents/Freelance/work01_ws/install/robot_description/share/robot_description/package.sh'
[0.608s] INFO:colcon.colcon_core.shell:Creating package script '/home/pan/Documents/Freelance/work01_ws/install/robot_description/share/robot_description/package.bash'
[0.609s] INFO:colcon.colcon_core.shell:Creating package script '/home/pan/Documents/Freelance/work01_ws/install/robot_description/share/robot_description/package.zsh'
[0.609s] Level 1:colcon.colcon_core.environment:create_file_with_runtime_dependencies(/home/pan/Documents/Freelance/work01_ws/install/robot_description/share/colcon-core/packages/robot_description)
[0.612s] Level 1:colcon.colcon_core.environment:create_environment_scripts_only(robot_slam)
[0.614s] Level 1:colcon.colcon_core.environment:checking '/home/pan/Documents/Freelance/work01_ws/install/robot_slam' for CMake module files
[0.614s] DEBUG:colcon.colcon_core.event_handler.log_command:Invoked command in '/home/pan/Documents/Freelance/work01_ws/build/robot_slam' returned '0': CMAKE_PREFIX_PATH=${CMAKE_PREFIX_PATH}:/opt/ros/humble /usr/bin/cmake --install /home/pan/Documents/Freelance/work01_ws/build/robot_slam
[0.615s] Level 1:colcon.colcon_core.environment:checking '/home/pan/Documents/Freelance/work01_ws/install/robot_slam' for CMake config files
[0.615s] Level 1:colcon.colcon_core.shell:create_environment_hook('robot_slam', 'cmake_prefix_path')
[0.616s] INFO:colcon.colcon_core.shell:Creating environment hook '/home/pan/Documents/Freelance/work01_ws/install/robot_slam/share/robot_slam/hook/cmake_prefix_path.ps1'
[0.617s] INFO:colcon.colcon_core.shell:Creating environment descriptor '/home/pan/Documents/Freelance/work01_ws/install/robot_slam/share/robot_slam/hook/cmake_prefix_path.dsv'
[0.619s] INFO:colcon.colcon_core.shell:Creating environment hook '/home/pan/Documents/Freelance/work01_ws/install/robot_slam/share/robot_slam/hook/cmake_prefix_path.sh'
[0.621s] Level 1:colcon.colcon_core.environment:checking '/home/pan/Documents/Freelance/work01_ws/install/robot_slam/bin'
[0.621s] Level 1:colcon.colcon_core.environment:checking '/home/pan/Documents/Freelance/work01_ws/install/robot_slam/lib/pkgconfig/robot_slam.pc'
[0.621s] Level 1:colcon.colcon_core.environment:checking '/home/pan/Documents/Freelance/work01_ws/install/robot_slam/lib/python3.10/site-packages'
[0.621s] Level 1:colcon.colcon_core.environment:checking '/home/pan/Documents/Freelance/work01_ws/install/robot_slam/bin'
[0.622s] INFO:colcon.colcon_core.shell:Creating package script '/home/pan/Documents/Freelance/work01_ws/install/robot_slam/share/robot_slam/package.ps1'
[0.623s] INFO:colcon.colcon_core.shell:Creating package descriptor '/home/pan/Documents/Freelance/work01_ws/install/robot_slam/share/robot_slam/package.dsv'
[0.623s] INFO:colcon.colcon_core.shell:Creating package script '/home/pan/Documents/Freelance/work01_ws/install/robot_slam/share/robot_slam/package.sh'
[0.623s] INFO:colcon.colcon_core.shell:Creating package script '/home/pan/Documents/Freelance/work01_ws/install/robot_slam/share/robot_slam/package.bash'
[0.624s] INFO:colcon.colcon_core.shell:Creating package script '/home/pan/Documents/Freelance/work01_ws/install/robot_slam/share/robot_slam/package.zsh'
[0.624s] Level 1:colcon.colcon_core.environment:create_file_with_runtime_dependencies(/home/pan/Documents/Freelance/work01_ws/install/robot_slam/share/colcon-core/packages/robot_slam)
[0.625s] Level 1:colcon.colcon_core.environment:create_environment_scripts_only(robot_navigation)
[0.627s] Level 1:colcon.colcon_core.environment:checking '/home/pan/Documents/Freelance/work01_ws/install/robot_navigation' for CMake module files
[0.628s] DEBUG:colcon.colcon_core.event_handler.log_command:Invoked command in '/home/pan/Documents/Freelance/work01_ws/build/robot_navigation' returned '0': CMAKE_PREFIX_PATH=${CMAKE_PREFIX_PATH}:/opt/ros/humble /usr/bin/cmake --install /home/pan/Documents/Freelance/work01_ws/build/robot_navigation
[0.628s] Level 1:colcon.colcon_core.environment:checking '/home/pan/Documents/Freelance/work01_ws/install/robot_navigation' for CMake config files
[0.629s] Level 1:colcon.colcon_core.shell:create_environment_hook('robot_navigation', 'cmake_prefix_path')
[0.630s] INFO:colcon.colcon_core.shell:Creating environment hook '/home/pan/Documents/Freelance/work01_ws/install/robot_navigation/share/robot_navigation/hook/cmake_prefix_path.ps1'
[0.630s] INFO:colcon.colcon_core.shell:Creating environment descriptor '/home/pan/Documents/Freelance/work01_ws/install/robot_navigation/share/robot_navigation/hook/cmake_prefix_path.dsv'
[0.631s] INFO:colcon.colcon_core.shell:Creating environment hook '/home/pan/Documents/Freelance/work01_ws/install/robot_navigation/share/robot_navigation/hook/cmake_prefix_path.sh'
[0.631s] Level 1:colcon.colcon_core.environment:checking '/home/pan/Documents/Freelance/work01_ws/install/robot_navigation/bin'
[0.631s] Level 1:colcon.colcon_core.environment:checking '/home/pan/Documents/Freelance/work01_ws/install/robot_navigation/lib/pkgconfig/robot_navigation.pc'
[0.632s] Level 1:colcon.colcon_core.environment:checking '/home/pan/Documents/Freelance/work01_ws/install/robot_navigation/lib/python3.10/site-packages'
[0.632s] Level 1:colcon.colcon_core.environment:checking '/home/pan/Documents/Freelance/work01_ws/install/robot_navigation/bin'
[0.633s] INFO:colcon.colcon_core.shell:Creating package script '/home/pan/Documents/Freelance/work01_ws/install/robot_navigation/share/robot_navigation/package.ps1'
[0.634s] INFO:colcon.colcon_core.shell:Creating package descriptor '/home/pan/Documents/Freelance/work01_ws/install/robot_navigation/share/robot_navigation/package.dsv'
[0.635s] INFO:colcon.colcon_core.shell:Creating package script '/home/pan/Documents/Freelance/work01_ws/install/robot_navigation/share/robot_navigation/package.sh'
[0.636s] INFO:colcon.colcon_core.shell:Creating package script '/home/pan/Documents/Freelance/work01_ws/install/robot_navigation/share/robot_navigation/package.bash'
[0.636s] INFO:colcon.colcon_core.shell:Creating package script '/home/pan/Documents/Freelance/work01_ws/install/robot_navigation/share/robot_navigation/package.zsh'
[0.637s] Level 1:colcon.colcon_core.environment:create_file_with_runtime_dependencies(/home/pan/Documents/Freelance/work01_ws/install/robot_navigation/share/colcon-core/packages/robot_navigation)
[0.640s] Level 1:colcon.colcon_core.environment:create_environment_scripts_only(robot_description)
[0.641s] Level 1:colcon.colcon_core.environment:checking '/home/pan/Documents/Freelance/work01_ws/install/robot_description' for CMake module files
[0.642s] Level 1:colcon.colcon_core.environment:checking '/home/pan/Documents/Freelance/work01_ws/install/robot_description' for CMake config files
[0.642s] Level 1:colcon.colcon_core.shell:create_environment_hook('robot_description', 'cmake_prefix_path')
[0.645s] INFO:colcon.colcon_core.shell:Creating environment hook '/home/pan/Documents/Freelance/work01_ws/install/robot_description/share/robot_description/hook/cmake_prefix_path.ps1'
[0.646s] INFO:colcon.colcon_core.shell:Creating environment descriptor '/home/pan/Documents/Freelance/work01_ws/install/robot_description/share/robot_description/hook/cmake_prefix_path.dsv'
[0.646s] INFO:colcon.colcon_core.shell:Creating environment hook '/home/pan/Documents/Freelance/work01_ws/install/robot_description/share/robot_description/hook/cmake_prefix_path.sh'
[0.647s] Level 1:colcon.colcon_core.environment:checking '/home/pan/Documents/Freelance/work01_ws/install/robot_description/bin'
[0.647s] Level 1:colcon.colcon_core.environment:checking '/home/pan/Documents/Freelance/work01_ws/install/robot_description/lib/pkgconfig/robot_description.pc'
[0.648s] Level 1:colcon.colcon_core.environment:checking '/home/pan/Documents/Freelance/work01_ws/install/robot_description/lib/python3.10/site-packages'
[0.648s] Level 1:colcon.colcon_core.environment:checking '/home/pan/Documents/Freelance/work01_ws/install/robot_description/bin'
[0.650s] INFO:colcon.colcon_core.shell:Creating package script '/home/pan/Documents/Freelance/work01_ws/install/robot_description/share/robot_description/package.ps1'
[0.651s] INFO:colcon.colcon_core.shell:Creating package descriptor '/home/pan/Documents/Freelance/work01_ws/install/robot_description/share/robot_description/package.dsv'
[0.652s] INFO:colcon.colcon_core.shell:Creating package script '/home/pan/Documents/Freelance/work01_ws/install/robot_description/share/robot_description/package.sh'
[0.652s] INFO:colcon.colcon_core.shell:Creating package script '/home/pan/Documents/Freelance/work01_ws/install/robot_description/share/robot_description/package.bash'
[0.652s] INFO:colcon.colcon_core.shell:Creating package script '/home/pan/Documents/Freelance/work01_ws/install/robot_description/share/robot_description/package.zsh'
[0.653s] Level 1:colcon.colcon_core.environment:create_file_with_runtime_dependencies(/home/pan/Documents/Freelance/work01_ws/install/robot_description/share/colcon-core/packages/robot_description)
[0.654s] INFO:colcon.colcon_ros.task.ament_cmake.build:Building ROS package in '/home/pan/Documents/Freelance/work01_ws/src/robot_simulation' with build type 'ament_cmake'
[0.654s] INFO:colcon.colcon_cmake.task.cmake.build:Building CMake package in '/home/pan/Documents/Freelance/work01_ws/src/robot_simulation'
[0.655s] INFO:colcon.colcon_core.shell:Skip shell extension 'powershell' for command environment: Not usable outside of PowerShell
[0.655s] DEBUG:colcon.colcon_core.shell:Skip shell extension 'dsv' for command environment
[0.662s] Level 1:colcon.colcon_core.environment:create_environment_scripts_only(robot_slam)
[0.664s] Level 1:colcon.colcon_core.environment:checking '/home/pan/Documents/Freelance/work01_ws/install/robot_slam' for CMake module files
[0.665s] Level 1:colcon.colcon_core.environment:checking '/home/pan/Documents/Freelance/work01_ws/install/robot_slam' for CMake config files
[0.665s] Level 1:colcon.colcon_core.shell:create_environment_hook('robot_slam', 'cmake_prefix_path')
[0.666s] INFO:colcon.colcon_core.shell:Creating environment hook '/home/pan/Documents/Freelance/work01_ws/install/robot_slam/share/robot_slam/hook/cmake_prefix_path.ps1'
[0.666s] INFO:colcon.colcon_core.shell:Creating environment descriptor '/home/pan/Documents/Freelance/work01_ws/install/robot_slam/share/robot_slam/hook/cmake_prefix_path.dsv'
[0.667s] INFO:colcon.colcon_core.shell:Creating environment hook '/home/pan/Documents/Freelance/work01_ws/install/robot_slam/share/robot_slam/hook/cmake_prefix_path.sh'
[0.667s] Level 1:colcon.colcon_core.environment:checking '/home/pan/Documents/Freelance/work01_ws/install/robot_slam/bin'
[0.667s] Level 1:colcon.colcon_core.environment:checking '/home/pan/Documents/Freelance/work01_ws/install/robot_slam/lib/pkgconfig/robot_slam.pc'
[0.668s] Level 1:colcon.colcon_core.environment:checking '/home/pan/Documents/Freelance/work01_ws/install/robot_slam/lib/python3.10/site-packages'
[0.668s] Level 1:colcon.colcon_core.environment:checking '/home/pan/Documents/Freelance/work01_ws/install/robot_slam/bin'
[0.669s] INFO:colcon.colcon_core.shell:Creating package script '/home/pan/Documents/Freelance/work01_ws/install/robot_slam/share/robot_slam/package.ps1'
[0.669s] INFO:colcon.colcon_core.shell:Creating package descriptor '/home/pan/Documents/Freelance/work01_ws/install/robot_slam/share/robot_slam/package.dsv'
[0.670s] INFO:colcon.colcon_core.shell:Creating package script '/home/pan/Documents/Freelance/work01_ws/install/robot_slam/share/robot_slam/package.sh'
[0.670s] INFO:colcon.colcon_core.shell:Creating package script '/home/pan/Documents/Freelance/work01_ws/install/robot_slam/share/robot_slam/package.bash'
[0.670s] INFO:colcon.colcon_core.shell:Creating package script '/home/pan/Documents/Freelance/work01_ws/install/robot_slam/share/robot_slam/package.zsh'
[0.670s] Level 1:colcon.colcon_core.environment:create_file_with_runtime_dependencies(/home/pan/Documents/Freelance/work01_ws/install/robot_slam/share/colcon-core/packages/robot_slam)
[0.672s] Level 1:colcon.colcon_core.environment:create_environment_scripts_only(robot_navigation)
[0.675s] Level 1:colcon.colcon_core.environment:checking '/home/pan/Documents/Freelance/work01_ws/install/robot_navigation' for CMake module files
[0.677s] Level 1:colcon.colcon_core.environment:checking '/home/pan/Documents/Freelance/work01_ws/install/robot_navigation' for CMake config files
[0.678s] Level 1:colcon.colcon_core.shell:create_environment_hook('robot_navigation', 'cmake_prefix_path')
[0.679s] INFO:colcon.colcon_core.shell:Creating environment hook '/home/pan/Documents/Freelance/work01_ws/install/robot_navigation/share/robot_navigation/hook/cmake_prefix_path.ps1'
[0.680s] INFO:colcon.colcon_core.shell:Creating environment descriptor '/home/pan/Documents/Freelance/work01_ws/install/robot_navigation/share/robot_navigation/hook/cmake_prefix_path.dsv'
[0.680s] INFO:colcon.colcon_core.shell:Creating environment hook '/home/pan/Documents/Freelance/work01_ws/install/robot_navigation/share/robot_navigation/hook/cmake_prefix_path.sh'
[0.680s] Level 1:colcon.colcon_core.environment:checking '/home/pan/Documents/Freelance/work01_ws/install/robot_navigation/bin'
[0.681s] Level 1:colcon.colcon_core.environment:checking '/home/pan/Documents/Freelance/work01_ws/install/robot_navigation/lib/pkgconfig/robot_navigation.pc'
[0.681s] Level 1:colcon.colcon_core.environment:checking '/home/pan/Documents/Freelance/work01_ws/install/robot_navigation/lib/python3.10/site-packages'
[0.681s] Level 1:colcon.colcon_core.environment:checking '/home/pan/Documents/Freelance/work01_ws/install/robot_navigation/bin'
[0.683s] INFO:colcon.colcon_core.shell:Creating package script '/home/pan/Documents/Freelance/work01_ws/install/robot_navigation/share/robot_navigation/package.ps1'
[0.683s] INFO:colcon.colcon_core.shell:Creating package descriptor '/home/pan/Documents/Freelance/work01_ws/install/robot_navigation/share/robot_navigation/package.dsv'
[0.685s] INFO:colcon.colcon_core.shell:Creating package script '/home/pan/Documents/Freelance/work01_ws/install/robot_navigation/share/robot_navigation/package.sh'
[0.687s] INFO:colcon.colcon_core.shell:Creating package script '/home/pan/Documents/Freelance/work01_ws/install/robot_navigation/share/robot_navigation/package.bash'
[0.687s] INFO:colcon.colcon_core.shell:Creating package script '/home/pan/Documents/Freelance/work01_ws/install/robot_navigation/share/robot_navigation/package.zsh'
[0.687s] Level 1:colcon.colcon_core.environment:create_file_with_runtime_dependencies(/home/pan/Documents/Freelance/work01_ws/install/robot_navigation/share/colcon-core/packages/robot_navigation)
[0.692s] DEBUG:colcon.colcon_core.event_handler.log_command:Invoking command in '/home/pan/Documents/Freelance/work01_ws/build/robot_simulation': CMAKE_PREFIX_PATH=/home/pan/Documents/Freelance/work01_ws/install/robot_description:/home/pan/Documents/Freelance/work01_ws/install/robot_slam:/home/pan/Documents/Freelance/work01_ws/install/robot_simulation:/home/pan/Documents/Freelance/work01_ws/install/robot_navigation:/opt/ros/humble /usr/bin/cmake --build /home/pan/Documents/Freelance/work01_ws/build/robot_simulation -- -j12 -l12
[0.738s] DEBUG:colcon.colcon_core.event_handler.log_command:Invoked command in '/home/pan/Documents/Freelance/work01_ws/build/robot_simulation' returned '0': CMAKE_PREFIX_PATH=/home/pan/Documents/Freelance/work01_ws/install/robot_description:/home/pan/Documents/Freelance/work01_ws/install/robot_slam:/home/pan/Documents/Freelance/work01_ws/install/robot_simulation:/home/pan/Documents/Freelance/work01_ws/install/robot_navigation:/opt/ros/humble /usr/bin/cmake --build /home/pan/Documents/Freelance/work01_ws/build/robot_simulation -- -j12 -l12
[0.765s] DEBUG:colcon.colcon_core.event_handler.log_command:Invoking command in '/home/pan/Documents/Freelance/work01_ws/build/robot_simulation': CMAKE_PREFIX_PATH=/home/pan/Documents/Freelance/work01_ws/install/robot_description:/home/pan/Documents/Freelance/work01_ws/install/robot_slam:/home/pan/Documents/Freelance/work01_ws/install/robot_simulation:/home/pan/Documents/Freelance/work01_ws/install/robot_navigation:/opt/ros/humble /usr/bin/cmake --install /home/pan/Documents/Freelance/work01_ws/build/robot_simulation
[0.790s] Level 1:colcon.colcon_core.environment:create_environment_scripts_only(robot_simulation)
[0.792s] Level 1:colcon.colcon_core.environment:checking '/home/pan/Documents/Freelance/work01_ws/install/robot_simulation' for CMake module files
[0.793s] DEBUG:colcon.colcon_core.event_handler.log_command:Invoked command in '/home/pan/Documents/Freelance/work01_ws/build/robot_simulation' returned '0': CMAKE_PREFIX_PATH=/home/pan/Documents/Freelance/work01_ws/install/robot_description:/home/pan/Documents/Freelance/work01_ws/install/robot_slam:/home/pan/Documents/Freelance/work01_ws/install/robot_simulation:/home/pan/Documents/Freelance/work01_ws/install/robot_navigation:/opt/ros/humble /usr/bin/cmake --install /home/pan/Documents/Freelance/work01_ws/build/robot_simulation
[0.793s] Level 1:colcon.colcon_core.environment:checking '/home/pan/Documents/Freelance/work01_ws/install/robot_simulation' for CMake config files
[0.794s] Level 1:colcon.colcon_core.shell:create_environment_hook('robot_simulation', 'cmake_prefix_path')
[0.795s] INFO:colcon.colcon_core.shell:Creating environment hook '/home/pan/Documents/Freelance/work01_ws/install/robot_simulation/share/robot_simulation/hook/cmake_prefix_path.ps1'
[0.795s] INFO:colcon.colcon_core.shell:Creating environment descriptor '/home/pan/Documents/Freelance/work01_ws/install/robot_simulation/share/robot_simulation/hook/cmake_prefix_path.dsv'
[0.795s] INFO:colcon.colcon_core.shell:Creating environment hook '/home/pan/Documents/Freelance/work01_ws/install/robot_simulation/share/robot_simulation/hook/cmake_prefix_path.sh'
[0.796s] Level 1:colcon.colcon_core.environment:checking '/home/pan/Documents/Freelance/work01_ws/install/robot_simulation/bin'
[0.796s] Level 1:colcon.colcon_core.environment:checking '/home/pan/Documents/Freelance/work01_ws/install/robot_simulation/lib/pkgconfig/robot_simulation.pc'
[0.796s] Level 1:colcon.colcon_core.environment:checking '/home/pan/Documents/Freelance/work01_ws/install/robot_simulation/lib/python3.10/site-packages'
[0.796s] Level 1:colcon.colcon_core.environment:checking '/home/pan/Documents/Freelance/work01_ws/install/robot_simulation/bin'
[0.797s] INFO:colcon.colcon_core.shell:Creating package script '/home/pan/Documents/Freelance/work01_ws/install/robot_simulation/share/robot_simulation/package.ps1'
[0.798s] INFO:colcon.colcon_core.shell:Creating package descriptor '/home/pan/Documents/Freelance/work01_ws/install/robot_simulation/share/robot_simulation/package.dsv'
[0.798s] INFO:colcon.colcon_core.shell:Creating package script '/home/pan/Documents/Freelance/work01_ws/install/robot_simulation/share/robot_simulation/package.sh'
[0.798s] INFO:colcon.colcon_core.shell:Creating package script '/home/pan/Documents/Freelance/work01_ws/install/robot_simulation/share/robot_simulation/package.bash'
[0.798s] INFO:colcon.colcon_core.shell:Creating package script '/home/pan/Documents/Freelance/work01_ws/install/robot_simulation/share/robot_simulation/package.zsh'
[0.799s] Level 1:colcon.colcon_core.environment:create_file_with_runtime_dependencies(/home/pan/Documents/Freelance/work01_ws/install/robot_simulation/share/colcon-core/packages/robot_simulation)
[0.828s] Level 1:colcon.colcon_core.environment:create_environment_scripts_only(robot_simulation)
[0.829s] Level 1:colcon.colcon_core.environment:checking '/home/pan/Documents/Freelance/work01_ws/install/robot_simulation' for CMake module files
[0.830s] Level 1:colcon.colcon_core.environment:checking '/home/pan/Documents/Freelance/work01_ws/install/robot_simulation' for CMake config files
[0.830s] Level 1:colcon.colcon_core.shell:create_environment_hook('robot_simulation', 'cmake_prefix_path')
[0.831s] INFO:colcon.colcon_core.shell:Creating environment hook '/home/pan/Documents/Freelance/work01_ws/install/robot_simulation/share/robot_simulation/hook/cmake_prefix_path.ps1'
[0.831s] INFO:colcon.colcon_core.shell:Creating environment descriptor '/home/pan/Documents/Freelance/work01_ws/install/robot_simulation/share/robot_simulation/hook/cmake_prefix_path.dsv'
[0.831s] INFO:colcon.colcon_core.shell:Creating environment hook '/home/pan/Documents/Freelance/work01_ws/install/robot_simulation/share/robot_simulation/hook/cmake_prefix_path.sh'
[0.832s] Level 1:colcon.colcon_core.environment:checking '/home/pan/Documents/Freelance/work01_ws/install/robot_simulation/bin'
[0.832s] Level 1:colcon.colcon_core.environment:checking '/home/pan/Documents/Freelance/work01_ws/install/robot_simulation/lib/pkgconfig/robot_simulation.pc'
[0.832s] Level 1:colcon.colcon_core.environment:checking '/home/pan/Documents/Freelance/work01_ws/install/robot_simulation/lib/python3.10/site-packages'
[0.832s] Level 1:colcon.colcon_core.environment:checking '/home/pan/Documents/Freelance/work01_ws/install/robot_simulation/bin'
[0.834s] INFO:colcon.colcon_core.shell:Creating package script '/home/pan/Documents/Freelance/work01_ws/install/robot_simulation/share/robot_simulation/package.ps1'
[0.835s] INFO:colcon.colcon_core.shell:Creating package descriptor '/home/pan/Documents/Freelance/work01_ws/install/robot_simulation/share/robot_simulation/package.dsv'
[0.836s] INFO:colcon.colcon_core.shell:Creating package script '/home/pan/Documents/Freelance/work01_ws/install/robot_simulation/share/robot_simulation/package.sh'
[0.836s] INFO:colcon.colcon_core.shell:Creating package script '/home/pan/Documents/Freelance/work01_ws/install/robot_simulation/share/robot_simulation/package.bash'
[0.837s] INFO:colcon.colcon_core.shell:Creating package script '/home/pan/Documents/Freelance/work01_ws/install/robot_simulation/share/robot_simulation/package.zsh'
[0.837s] Level 1:colcon.colcon_core.environment:create_file_with_runtime_dependencies(/home/pan/Documents/Freelance/work01_ws/install/robot_simulation/share/colcon-core/packages/robot_simulation)
[0.838s] DEBUG:colcon.colcon_parallel_executor.executor.parallel:closing loop
[0.838s] DEBUG:colcon.colcon_parallel_executor.executor.parallel:loop closed
[0.838s] DEBUG:colcon.colcon_parallel_executor.executor.parallel:run_until_complete finished with '0'
[0.838s] DEBUG:colcon.colcon_core.event_reactor:joining thread
[0.846s] INFO:colcon.colcon_core.plugin_system:Skipping extension 'colcon_notification.desktop_notification.terminal_notifier': Not used on non-Darwin systems
[0.846s] INFO:colcon.colcon_core.plugin_system:Skipping extension 'colcon_notification.desktop_notification.win32': Not used on non-Windows systems
[0.846s] INFO:colcon.colcon_notification.desktop_notification:Sending desktop notification using 'notify2'
[0.859s] DEBUG:colcon.colcon_core.event_reactor:joined thread
[0.861s] INFO:colcon.colcon_core.shell:Creating prefix script '/home/pan/Documents/Freelance/work01_ws/install/local_setup.ps1'
[0.862s] INFO:colcon.colcon_core.shell:Creating prefix util module '/home/pan/Documents/Freelance/work01_ws/install/_local_setup_util_ps1.py'
[0.864s] INFO:colcon.colcon_core.shell:Creating prefix chain script '/home/pan/Documents/Freelance/work01_ws/install/setup.ps1'
[0.868s] INFO:colcon.colcon_core.shell:Creating prefix script '/home/pan/Documents/Freelance/work01_ws/install/local_setup.sh'
[0.871s] INFO:colcon.colcon_core.shell:Creating prefix util module '/home/pan/Documents/Freelance/work01_ws/install/_local_setup_util_sh.py'
[0.874s] INFO:colcon.colcon_core.shell:Creating prefix chain script '/home/pan/Documents/Freelance/work01_ws/install/setup.sh'
[0.879s] INFO:colcon.colcon_core.shell:Creating prefix script '/home/pan/Documents/Freelance/work01_ws/install/local_setup.bash'
[0.882s] INFO:colcon.colcon_core.shell:Creating prefix chain script '/home/pan/Documents/Freelance/work01_ws/install/setup.bash'
[0.886s] INFO:colcon.colcon_core.shell:Creating prefix script '/home/pan/Documents/Freelance/work01_ws/install/local_setup.zsh'
[0.887s] INFO:colcon.colcon_core.shell:Creating prefix chain script '/home/pan/Documents/Freelance/work01_ws/install/setup.zsh'
