[0.334s] DEBUG:colcon:Command line arguments: ['/usr/bin/colcon', 'build', '--symlink-install']
[0.334s] DEBUG:colcon:Parsed command line arguments: Namespace(log_base=None, log_level=None, verb_name='build', build_base='build', install_base='install', merge_install=False, symlink_install=True, test_result_base=None, continue_on_error=False, executor='parallel', parallel_workers=12, event_handlers=None, ignore_user_meta=False, metas=['./colcon.meta'], base_paths=['.'], packages_ignore=None, packages_ignore_regex=None, paths=None, packages_up_to=None, packages_up_to_regex=None, packages_above=None, packages_above_and_dependencies=None, packages_above_depth=None, packages_select_by_dep=None, packages_skip_by_dep=None, packages_skip_up_to=None, packages_select_build_failed=False, packages_skip_build_finished=False, packages_select_test_failures=False, packages_skip_test_passed=False, packages_select=None, packages_skip=None, packages_select_regex=None, packages_skip_regex=None, packages_start=None, packages_end=None, allow_overriding=[], cmake_args=None, cmake_target=None, cmake_target_skip_unavailable=False, cmake_clean_cache=False, cmake_clean_first=False, cmake_force_configure=False, ament_cmake_args=None, catkin_cmake_args=None, catkin_skip_building_tests=False, verb_parser=<colcon_defaults.argument_parser.defaults.DefaultArgumentsDecorator object at 0x7f67458d9a50>, verb_extension=<colcon_core.verb.build.BuildVerb object at 0x7f6745fcf970>, main=<bound method BuildVerb.main of <colcon_core.verb.build.BuildVerb object at 0x7f6745fcf970>>)
[0.422s] Level 1:colcon.colcon_core.package_discovery:discover_packages(colcon_meta) check parameters
[0.422s] Level 1:colcon.colcon_core.package_discovery:discover_packages(recursive) check parameters
[0.422s] Level 1:colcon.colcon_core.package_discovery:discover_packages(ignore) check parameters
[0.422s] Level 1:colcon.colcon_core.package_discovery:discover_packages(path) check parameters
[0.422s] Level 1:colcon.colcon_core.package_discovery:discover_packages(colcon_meta) discover
[0.422s] Level 1:colcon.colcon_core.package_discovery:discover_packages(recursive) discover
[0.422s] INFO:colcon.colcon_core.package_discovery:Crawling recursively for packages in '/home/pan/Documents/Freelance/work01_ws'
[0.422s] Level 1:colcon.colcon_core.package_identification:_identify(.) by extensions ['ignore', 'ignore_ament_install']
[0.422s] Level 1:colcon.colcon_core.package_identification:_identify(.) by extension 'ignore'
[0.423s] Level 1:colcon.colcon_core.package_identification:_identify(.) by extension 'ignore_ament_install'
[0.423s] Level 1:colcon.colcon_core.package_identification:_identify(.) by extensions ['colcon_pkg']
[0.423s] Level 1:colcon.colcon_core.package_identification:_identify(.) by extension 'colcon_pkg'
[0.423s] Level 1:colcon.colcon_core.package_identification:_identify(.) by extensions ['colcon_meta']
[0.423s] Level 1:colcon.colcon_core.package_identification:_identify(.) by extension 'colcon_meta'
[0.423s] Level 1:colcon.colcon_core.package_identification:_identify(.) by extensions ['ros']
[0.423s] Level 1:colcon.colcon_core.package_identification:_identify(.) by extension 'ros'
[0.439s] Level 1:colcon.colcon_core.package_identification:_identify(.) by extensions ['cmake', 'python']
[0.439s] Level 1:colcon.colcon_core.package_identification:_identify(.) by extension 'cmake'
[0.439s] Level 1:colcon.colcon_core.package_identification:_identify(.) by extension 'python'
[0.439s] Level 1:colcon.colcon_core.package_identification:_identify(.) by extensions ['python_setup_py']
[0.439s] Level 1:colcon.colcon_core.package_identification:_identify(.) by extension 'python_setup_py'
[0.440s] Level 1:colcon.colcon_core.package_identification:_identify(build) by extensions ['ignore', 'ignore_ament_install']
[0.440s] Level 1:colcon.colcon_core.package_identification:_identify(build) by extension 'ignore'
[0.440s] Level 1:colcon.colcon_core.package_identification:_identify(build) ignored
[0.440s] Level 1:colcon.colcon_core.package_identification:_identify(install) by extensions ['ignore', 'ignore_ament_install']
[0.440s] Level 1:colcon.colcon_core.package_identification:_identify(install) by extension 'ignore'
[0.440s] Level 1:colcon.colcon_core.package_identification:_identify(install) ignored
[0.440s] Level 1:colcon.colcon_core.package_identification:_identify(log) by extensions ['ignore', 'ignore_ament_install']
[0.440s] Level 1:colcon.colcon_core.package_identification:_identify(log) by extension 'ignore'
[0.440s] Level 1:colcon.colcon_core.package_identification:_identify(log) ignored
[0.440s] Level 1:colcon.colcon_core.package_identification:_identify(src) by extensions ['ignore', 'ignore_ament_install']
[0.440s] Level 1:colcon.colcon_core.package_identification:_identify(src) by extension 'ignore'
[0.440s] Level 1:colcon.colcon_core.package_identification:_identify(src) by extension 'ignore_ament_install'
[0.440s] Level 1:colcon.colcon_core.package_identification:_identify(src) by extensions ['colcon_pkg']
[0.440s] Level 1:colcon.colcon_core.package_identification:_identify(src) by extension 'colcon_pkg'
[0.440s] Level 1:colcon.colcon_core.package_identification:_identify(src) by extensions ['colcon_meta']
[0.441s] Level 1:colcon.colcon_core.package_identification:_identify(src) by extension 'colcon_meta'
[0.441s] Level 1:colcon.colcon_core.package_identification:_identify(src) by extensions ['ros']
[0.441s] Level 1:colcon.colcon_core.package_identification:_identify(src) by extension 'ros'
[0.441s] Level 1:colcon.colcon_core.package_identification:_identify(src) by extensions ['cmake', 'python']
[0.441s] Level 1:colcon.colcon_core.package_identification:_identify(src) by extension 'cmake'
[0.441s] Level 1:colcon.colcon_core.package_identification:_identify(src) by extension 'python'
[0.441s] Level 1:colcon.colcon_core.package_identification:_identify(src) by extensions ['python_setup_py']
[0.441s] Level 1:colcon.colcon_core.package_identification:_identify(src) by extension 'python_setup_py'
[0.441s] Level 1:colcon.colcon_core.package_identification:_identify(src/robot_description) by extensions ['ignore', 'ignore_ament_install']
[0.441s] Level 1:colcon.colcon_core.package_identification:_identify(src/robot_description) by extension 'ignore'
[0.441s] Level 1:colcon.colcon_core.package_identification:_identify(src/robot_description) by extension 'ignore_ament_install'
[0.441s] Level 1:colcon.colcon_core.package_identification:_identify(src/robot_description) by extensions ['colcon_pkg']
[0.441s] Level 1:colcon.colcon_core.package_identification:_identify(src/robot_description) by extension 'colcon_pkg'
[0.441s] Level 1:colcon.colcon_core.package_identification:_identify(src/robot_description) by extensions ['colcon_meta']
[0.441s] Level 1:colcon.colcon_core.package_identification:_identify(src/robot_description) by extension 'colcon_meta'
[0.441s] Level 1:colcon.colcon_core.package_identification:_identify(src/robot_description) by extensions ['ros']
[0.441s] Level 1:colcon.colcon_core.package_identification:_identify(src/robot_description) by extension 'ros'
[0.446s] DEBUG:colcon.colcon_core.package_identification:Package 'src/robot_description' with type 'ros.ament_cmake' and name 'robot_description'
[0.446s] Level 1:colcon.colcon_core.package_identification:_identify(src/robot_navigation) by extensions ['ignore', 'ignore_ament_install']
[0.447s] Level 1:colcon.colcon_core.package_identification:_identify(src/robot_navigation) by extension 'ignore'
[0.447s] Level 1:colcon.colcon_core.package_identification:_identify(src/robot_navigation) by extension 'ignore_ament_install'
[0.447s] Level 1:colcon.colcon_core.package_identification:_identify(src/robot_navigation) by extensions ['colcon_pkg']
[0.447s] Level 1:colcon.colcon_core.package_identification:_identify(src/robot_navigation) by extension 'colcon_pkg'
[0.447s] Level 1:colcon.colcon_core.package_identification:_identify(src/robot_navigation) by extensions ['colcon_meta']
[0.447s] Level 1:colcon.colcon_core.package_identification:_identify(src/robot_navigation) by extension 'colcon_meta'
[0.447s] Level 1:colcon.colcon_core.package_identification:_identify(src/robot_navigation) by extensions ['ros']
[0.447s] Level 1:colcon.colcon_core.package_identification:_identify(src/robot_navigation) by extension 'ros'
[0.448s] DEBUG:colcon.colcon_core.package_identification:Package 'src/robot_navigation' with type 'ros.ament_cmake' and name 'robot_navigation'
[0.448s] Level 1:colcon.colcon_core.package_identification:_identify(src/robot_simulation) by extensions ['ignore', 'ignore_ament_install']
[0.448s] Level 1:colcon.colcon_core.package_identification:_identify(src/robot_simulation) by extension 'ignore'
[0.448s] Level 1:colcon.colcon_core.package_identification:_identify(src/robot_simulation) by extension 'ignore_ament_install'
[0.448s] Level 1:colcon.colcon_core.package_identification:_identify(src/robot_simulation) by extensions ['colcon_pkg']
[0.448s] Level 1:colcon.colcon_core.package_identification:_identify(src/robot_simulation) by extension 'colcon_pkg'
[0.448s] Level 1:colcon.colcon_core.package_identification:_identify(src/robot_simulation) by extensions ['colcon_meta']
[0.448s] Level 1:colcon.colcon_core.package_identification:_identify(src/robot_simulation) by extension 'colcon_meta'
[0.448s] Level 1:colcon.colcon_core.package_identification:_identify(src/robot_simulation) by extensions ['ros']
[0.448s] Level 1:colcon.colcon_core.package_identification:_identify(src/robot_simulation) by extension 'ros'
[0.449s] DEBUG:colcon.colcon_core.package_identification:Package 'src/robot_simulation' with type 'ros.ament_cmake' and name 'robot_simulation'
[0.450s] Level 1:colcon.colcon_core.package_identification:_identify(src/robot_slam) by extensions ['ignore', 'ignore_ament_install']
[0.450s] Level 1:colcon.colcon_core.package_identification:_identify(src/robot_slam) by extension 'ignore'
[0.450s] Level 1:colcon.colcon_core.package_identification:_identify(src/robot_slam) by extension 'ignore_ament_install'
[0.450s] Level 1:colcon.colcon_core.package_identification:_identify(src/robot_slam) by extensions ['colcon_pkg']
[0.450s] Level 1:colcon.colcon_core.package_identification:_identify(src/robot_slam) by extension 'colcon_pkg'
[0.450s] Level 1:colcon.colcon_core.package_identification:_identify(src/robot_slam) by extensions ['colcon_meta']
[0.450s] Level 1:colcon.colcon_core.package_identification:_identify(src/robot_slam) by extension 'colcon_meta'
[0.450s] Level 1:colcon.colcon_core.package_identification:_identify(src/robot_slam) by extensions ['ros']
[0.450s] Level 1:colcon.colcon_core.package_identification:_identify(src/robot_slam) by extension 'ros'
[0.451s] DEBUG:colcon.colcon_core.package_identification:Package 'src/robot_slam' with type 'ros.ament_cmake' and name 'robot_slam'
[0.451s] Level 1:colcon.colcon_core.package_discovery:discover_packages(recursive) using defaults
[0.451s] Level 1:colcon.colcon_core.package_discovery:discover_packages(ignore) discover
[0.451s] Level 1:colcon.colcon_core.package_discovery:discover_packages(ignore) using defaults
[0.451s] Level 1:colcon.colcon_core.package_discovery:discover_packages(path) discover
[0.451s] Level 1:colcon.colcon_core.package_discovery:discover_packages(path) using defaults
[0.485s] Level 1:colcon.colcon_core.package_discovery:discover_packages(prefix_path) check parameters
[0.485s] Level 1:colcon.colcon_core.package_discovery:discover_packages(prefix_path) discover
[0.489s] DEBUG:colcon.colcon_installed_package_information.package_discovery:Found 3 installed packages in /home/pan/Documents/Freelance/work01_ws/install
[0.491s] DEBUG:colcon.colcon_installed_package_information.package_discovery:Found 359 installed packages in /opt/ros/humble
[0.492s] Level 1:colcon.colcon_core.package_discovery:discover_packages(prefix_path) using defaults
[0.561s] Level 5:colcon.colcon_core.verb:set package 'robot_description' build argument 'cmake_args' from command line to 'None'
[0.561s] Level 5:colcon.colcon_core.verb:set package 'robot_description' build argument 'cmake_target' from command line to 'None'
[0.562s] Level 5:colcon.colcon_core.verb:set package 'robot_description' build argument 'cmake_target_skip_unavailable' from command line to 'False'
[0.562s] Level 5:colcon.colcon_core.verb:set package 'robot_description' build argument 'cmake_clean_cache' from command line to 'False'
[0.562s] Level 5:colcon.colcon_core.verb:set package 'robot_description' build argument 'cmake_clean_first' from command line to 'False'
[0.562s] Level 5:colcon.colcon_core.verb:set package 'robot_description' build argument 'cmake_force_configure' from command line to 'False'
[0.562s] Level 5:colcon.colcon_core.verb:set package 'robot_description' build argument 'ament_cmake_args' from command line to 'None'
[0.562s] Level 5:colcon.colcon_core.verb:set package 'robot_description' build argument 'catkin_cmake_args' from command line to 'None'
[0.562s] Level 5:colcon.colcon_core.verb:set package 'robot_description' build argument 'catkin_skip_building_tests' from command line to 'False'
[0.562s] DEBUG:colcon.colcon_core.verb:Building package 'robot_description' with the following arguments: {'ament_cmake_args': None, 'build_base': '/home/pan/Documents/Freelance/work01_ws/build/robot_description', 'catkin_cmake_args': None, 'catkin_skip_building_tests': False, 'cmake_args': None, 'cmake_clean_cache': False, 'cmake_clean_first': False, 'cmake_force_configure': False, 'cmake_target': None, 'cmake_target_skip_unavailable': False, 'install_base': '/home/pan/Documents/Freelance/work01_ws/install/robot_description', 'merge_install': False, 'path': '/home/pan/Documents/Freelance/work01_ws/src/robot_description', 'symlink_install': True, 'test_result_base': None}
[0.563s] Level 5:colcon.colcon_core.verb:set package 'robot_navigation' build argument 'cmake_args' from command line to 'None'
[0.563s] Level 5:colcon.colcon_core.verb:set package 'robot_navigation' build argument 'cmake_target' from command line to 'None'
[0.563s] Level 5:colcon.colcon_core.verb:set package 'robot_navigation' build argument 'cmake_target_skip_unavailable' from command line to 'False'
[0.563s] Level 5:colcon.colcon_core.verb:set package 'robot_navigation' build argument 'cmake_clean_cache' from command line to 'False'
[0.563s] Level 5:colcon.colcon_core.verb:set package 'robot_navigation' build argument 'cmake_clean_first' from command line to 'False'
[0.563s] Level 5:colcon.colcon_core.verb:set package 'robot_navigation' build argument 'cmake_force_configure' from command line to 'False'
[0.563s] Level 5:colcon.colcon_core.verb:set package 'robot_navigation' build argument 'ament_cmake_args' from command line to 'None'
[0.563s] Level 5:colcon.colcon_core.verb:set package 'robot_navigation' build argument 'catkin_cmake_args' from command line to 'None'
[0.563s] Level 5:colcon.colcon_core.verb:set package 'robot_navigation' build argument 'catkin_skip_building_tests' from command line to 'False'
[0.563s] DEBUG:colcon.colcon_core.verb:Building package 'robot_navigation' with the following arguments: {'ament_cmake_args': None, 'build_base': '/home/pan/Documents/Freelance/work01_ws/build/robot_navigation', 'catkin_cmake_args': None, 'catkin_skip_building_tests': False, 'cmake_args': None, 'cmake_clean_cache': False, 'cmake_clean_first': False, 'cmake_force_configure': False, 'cmake_target': None, 'cmake_target_skip_unavailable': False, 'install_base': '/home/pan/Documents/Freelance/work01_ws/install/robot_navigation', 'merge_install': False, 'path': '/home/pan/Documents/Freelance/work01_ws/src/robot_navigation', 'symlink_install': True, 'test_result_base': None}
[0.563s] Level 5:colcon.colcon_core.verb:set package 'robot_slam' build argument 'cmake_args' from command line to 'None'
[0.564s] Level 5:colcon.colcon_core.verb:set package 'robot_slam' build argument 'cmake_target' from command line to 'None'
[0.564s] Level 5:colcon.colcon_core.verb:set package 'robot_slam' build argument 'cmake_target_skip_unavailable' from command line to 'False'
[0.564s] Level 5:colcon.colcon_core.verb:set package 'robot_slam' build argument 'cmake_clean_cache' from command line to 'False'
[0.564s] Level 5:colcon.colcon_core.verb:set package 'robot_slam' build argument 'cmake_clean_first' from command line to 'False'
[0.564s] Level 5:colcon.colcon_core.verb:set package 'robot_slam' build argument 'cmake_force_configure' from command line to 'False'
[0.564s] Level 5:colcon.colcon_core.verb:set package 'robot_slam' build argument 'ament_cmake_args' from command line to 'None'
[0.564s] Level 5:colcon.colcon_core.verb:set package 'robot_slam' build argument 'catkin_cmake_args' from command line to 'None'
[0.564s] Level 5:colcon.colcon_core.verb:set package 'robot_slam' build argument 'catkin_skip_building_tests' from command line to 'False'
[0.564s] DEBUG:colcon.colcon_core.verb:Building package 'robot_slam' with the following arguments: {'ament_cmake_args': None, 'build_base': '/home/pan/Documents/Freelance/work01_ws/build/robot_slam', 'catkin_cmake_args': None, 'catkin_skip_building_tests': False, 'cmake_args': None, 'cmake_clean_cache': False, 'cmake_clean_first': False, 'cmake_force_configure': False, 'cmake_target': None, 'cmake_target_skip_unavailable': False, 'install_base': '/home/pan/Documents/Freelance/work01_ws/install/robot_slam', 'merge_install': False, 'path': '/home/pan/Documents/Freelance/work01_ws/src/robot_slam', 'symlink_install': True, 'test_result_base': None}
[0.564s] Level 5:colcon.colcon_core.verb:set package 'robot_simulation' build argument 'cmake_args' from command line to 'None'
[0.564s] Level 5:colcon.colcon_core.verb:set package 'robot_simulation' build argument 'cmake_target' from command line to 'None'
[0.564s] Level 5:colcon.colcon_core.verb:set package 'robot_simulation' build argument 'cmake_target_skip_unavailable' from command line to 'False'
[0.564s] Level 5:colcon.colcon_core.verb:set package 'robot_simulation' build argument 'cmake_clean_cache' from command line to 'False'
[0.564s] Level 5:colcon.colcon_core.verb:set package 'robot_simulation' build argument 'cmake_clean_first' from command line to 'False'
[0.564s] Level 5:colcon.colcon_core.verb:set package 'robot_simulation' build argument 'cmake_force_configure' from command line to 'False'
[0.565s] Level 5:colcon.colcon_core.verb:set package 'robot_simulation' build argument 'ament_cmake_args' from command line to 'None'
[0.565s] Level 5:colcon.colcon_core.verb:set package 'robot_simulation' build argument 'catkin_cmake_args' from command line to 'None'
[0.565s] Level 5:colcon.colcon_core.verb:set package 'robot_simulation' build argument 'catkin_skip_building_tests' from command line to 'False'
[0.565s] DEBUG:colcon.colcon_core.verb:Building package 'robot_simulation' with the following arguments: {'ament_cmake_args': None, 'build_base': '/home/pan/Documents/Freelance/work01_ws/build/robot_simulation', 'catkin_cmake_args': None, 'catkin_skip_building_tests': False, 'cmake_args': None, 'cmake_clean_cache': False, 'cmake_clean_first': False, 'cmake_force_configure': False, 'cmake_target': None, 'cmake_target_skip_unavailable': False, 'install_base': '/home/pan/Documents/Freelance/work01_ws/install/robot_simulation', 'merge_install': False, 'path': '/home/pan/Documents/Freelance/work01_ws/src/robot_simulation', 'symlink_install': True, 'test_result_base': None}
[0.565s] INFO:colcon.colcon_core.executor:Executing jobs using 'parallel' executor
[0.568s] DEBUG:colcon.colcon_parallel_executor.executor.parallel:run_until_complete
[0.569s] INFO:colcon.colcon_ros.task.ament_cmake.build:Building ROS package in '/home/pan/Documents/Freelance/work01_ws/src/robot_description' with build type 'ament_cmake'
[0.569s] INFO:colcon.colcon_cmake.task.cmake.build:Building CMake package in '/home/pan/Documents/Freelance/work01_ws/src/robot_description'
[0.575s] INFO:colcon.colcon_core.plugin_system:Skipping extension 'colcon_core.shell.bat': Not used on non-Windows systems
[0.575s] INFO:colcon.colcon_core.shell:Skip shell extension 'powershell' for command environment: Not usable outside of PowerShell
[0.575s] DEBUG:colcon.colcon_core.shell:Skip shell extension 'dsv' for command environment
[0.583s] INFO:colcon.colcon_ros.task.ament_cmake.build:Building ROS package in '/home/pan/Documents/Freelance/work01_ws/src/robot_navigation' with build type 'ament_cmake'
[0.583s] INFO:colcon.colcon_cmake.task.cmake.build:Building CMake package in '/home/pan/Documents/Freelance/work01_ws/src/robot_navigation'
[0.584s] INFO:colcon.colcon_core.shell:Skip shell extension 'powershell' for command environment: Not usable outside of PowerShell
[0.584s] DEBUG:colcon.colcon_core.shell:Skip shell extension 'dsv' for command environment
[0.591s] INFO:colcon.colcon_ros.task.ament_cmake.build:Building ROS package in '/home/pan/Documents/Freelance/work01_ws/src/robot_slam' with build type 'ament_cmake'
[0.592s] INFO:colcon.colcon_cmake.task.cmake.build:Building CMake package in '/home/pan/Documents/Freelance/work01_ws/src/robot_slam'
[0.594s] INFO:colcon.colcon_core.shell:Skip shell extension 'powershell' for command environment: Not usable outside of PowerShell
[0.594s] DEBUG:colcon.colcon_core.shell:Skip shell extension 'dsv' for command environment
[0.616s] DEBUG:colcon.colcon_core.event_handler.log_command:Invoking command in '/home/pan/Documents/Freelance/work01_ws/build/robot_description': CMAKE_PREFIX_PATH=${CMAKE_PREFIX_PATH}:/opt/ros/humble /usr/bin/cmake --build /home/pan/Documents/Freelance/work01_ws/build/robot_description -- -j12 -l12
[0.623s] DEBUG:colcon.colcon_core.event_handler.log_command:Invoking command in '/home/pan/Documents/Freelance/work01_ws/build/robot_navigation': CMAKE_PREFIX_PATH=${CMAKE_PREFIX_PATH}:/opt/ros/humble /usr/bin/cmake /home/pan/Documents/Freelance/work01_ws/src/robot_navigation -DAMENT_CMAKE_SYMLINK_INSTALL=1 -DCMAKE_INSTALL_PREFIX=/home/pan/Documents/Freelance/work01_ws/install/robot_navigation
[0.637s] DEBUG:colcon.colcon_core.event_handler.log_command:Invoking command in '/home/pan/Documents/Freelance/work01_ws/build/robot_slam': CMAKE_PREFIX_PATH=${CMAKE_PREFIX_PATH}:/opt/ros/humble /usr/bin/cmake --build /home/pan/Documents/Freelance/work01_ws/build/robot_slam -- -j12 -l12
[0.729s] DEBUG:colcon.colcon_core.event_handler.log_command:Invoked command in '/home/pan/Documents/Freelance/work01_ws/build/robot_description' returned '0': CMAKE_PREFIX_PATH=${CMAKE_PREFIX_PATH}:/opt/ros/humble /usr/bin/cmake --build /home/pan/Documents/Freelance/work01_ws/build/robot_description -- -j12 -l12
[0.752s] DEBUG:colcon.colcon_core.event_handler.log_command:Invoked command in '/home/pan/Documents/Freelance/work01_ws/build/robot_slam' returned '0': CMAKE_PREFIX_PATH=${CMAKE_PREFIX_PATH}:/opt/ros/humble /usr/bin/cmake --build /home/pan/Documents/Freelance/work01_ws/build/robot_slam -- -j12 -l12
[0.818s] DEBUG:colcon.colcon_core.event_handler.log_command:Invoking command in '/home/pan/Documents/Freelance/work01_ws/build/robot_description': CMAKE_PREFIX_PATH=${CMAKE_PREFIX_PATH}:/opt/ros/humble /usr/bin/cmake --install /home/pan/Documents/Freelance/work01_ws/build/robot_description
[0.829s] DEBUG:colcon.colcon_core.event_handler.log_command:Invoking command in '/home/pan/Documents/Freelance/work01_ws/build/robot_slam': CMAKE_PREFIX_PATH=${CMAKE_PREFIX_PATH}:/opt/ros/humble /usr/bin/cmake --install /home/pan/Documents/Freelance/work01_ws/build/robot_slam
[0.871s] Level 1:colcon.colcon_core.environment:create_environment_scripts_only(robot_description)
[0.874s] DEBUG:colcon.colcon_core.event_handler.log_command:Invoked command in '/home/pan/Documents/Freelance/work01_ws/build/robot_description' returned '0': CMAKE_PREFIX_PATH=${CMAKE_PREFIX_PATH}:/opt/ros/humble /usr/bin/cmake --install /home/pan/Documents/Freelance/work01_ws/build/robot_description
[0.885s] Level 1:colcon.colcon_core.environment:checking '/home/pan/Documents/Freelance/work01_ws/install/robot_description' for CMake module files
[0.886s] Level 1:colcon.colcon_core.environment:checking '/home/pan/Documents/Freelance/work01_ws/install/robot_description' for CMake config files
[0.886s] Level 1:colcon.colcon_core.shell:create_environment_hook('robot_description', 'cmake_prefix_path')
[0.888s] INFO:colcon.colcon_core.shell:Creating environment hook '/home/pan/Documents/Freelance/work01_ws/install/robot_description/share/robot_description/hook/cmake_prefix_path.ps1'
[0.890s] INFO:colcon.colcon_core.shell:Creating environment descriptor '/home/pan/Documents/Freelance/work01_ws/install/robot_description/share/robot_description/hook/cmake_prefix_path.dsv'
[0.891s] INFO:colcon.colcon_core.shell:Creating environment hook '/home/pan/Documents/Freelance/work01_ws/install/robot_description/share/robot_description/hook/cmake_prefix_path.sh'
[0.892s] Level 1:colcon.colcon_core.environment:checking '/home/pan/Documents/Freelance/work01_ws/install/robot_description/bin'
[0.892s] Level 1:colcon.colcon_core.environment:checking '/home/pan/Documents/Freelance/work01_ws/install/robot_description/lib/pkgconfig/robot_description.pc'
[0.892s] Level 1:colcon.colcon_core.environment:checking '/home/pan/Documents/Freelance/work01_ws/install/robot_description/lib/python3.10/site-packages'
[0.893s] Level 1:colcon.colcon_core.environment:checking '/home/pan/Documents/Freelance/work01_ws/install/robot_description/bin'
[0.895s] INFO:colcon.colcon_core.shell:Creating package script '/home/pan/Documents/Freelance/work01_ws/install/robot_description/share/robot_description/package.ps1'
[0.897s] INFO:colcon.colcon_core.shell:Creating package descriptor '/home/pan/Documents/Freelance/work01_ws/install/robot_description/share/robot_description/package.dsv'
[0.899s] INFO:colcon.colcon_core.shell:Creating package script '/home/pan/Documents/Freelance/work01_ws/install/robot_description/share/robot_description/package.sh'
[0.900s] INFO:colcon.colcon_core.shell:Creating package script '/home/pan/Documents/Freelance/work01_ws/install/robot_description/share/robot_description/package.bash'
[0.902s] INFO:colcon.colcon_core.shell:Creating package script '/home/pan/Documents/Freelance/work01_ws/install/robot_description/share/robot_description/package.zsh'
[0.903s] Level 1:colcon.colcon_core.environment:create_file_with_runtime_dependencies(/home/pan/Documents/Freelance/work01_ws/install/robot_description/share/colcon-core/packages/robot_description)
[0.908s] Level 1:colcon.colcon_core.environment:create_environment_scripts_only(robot_slam)
[0.911s] Level 1:colcon.colcon_core.environment:checking '/home/pan/Documents/Freelance/work01_ws/install/robot_slam' for CMake module files
[0.913s] DEBUG:colcon.colcon_core.event_handler.log_command:Invoked command in '/home/pan/Documents/Freelance/work01_ws/build/robot_slam' returned '0': CMAKE_PREFIX_PATH=${CMAKE_PREFIX_PATH}:/opt/ros/humble /usr/bin/cmake --install /home/pan/Documents/Freelance/work01_ws/build/robot_slam
[0.914s] Level 1:colcon.colcon_core.environment:checking '/home/pan/Documents/Freelance/work01_ws/install/robot_slam' for CMake config files
[0.916s] Level 1:colcon.colcon_core.shell:create_environment_hook('robot_slam', 'cmake_prefix_path')
[0.919s] INFO:colcon.colcon_core.shell:Creating environment hook '/home/pan/Documents/Freelance/work01_ws/install/robot_slam/share/robot_slam/hook/cmake_prefix_path.ps1'
[0.922s] INFO:colcon.colcon_core.shell:Creating environment descriptor '/home/pan/Documents/Freelance/work01_ws/install/robot_slam/share/robot_slam/hook/cmake_prefix_path.dsv'
[0.922s] INFO:colcon.colcon_core.shell:Creating environment hook '/home/pan/Documents/Freelance/work01_ws/install/robot_slam/share/robot_slam/hook/cmake_prefix_path.sh'
[0.924s] Level 1:colcon.colcon_core.environment:checking '/home/pan/Documents/Freelance/work01_ws/install/robot_slam/bin'
[0.924s] Level 1:colcon.colcon_core.environment:checking '/home/pan/Documents/Freelance/work01_ws/install/robot_slam/lib/pkgconfig/robot_slam.pc'
[0.924s] Level 1:colcon.colcon_core.environment:checking '/home/pan/Documents/Freelance/work01_ws/install/robot_slam/lib/python3.10/site-packages'
[0.925s] Level 1:colcon.colcon_core.environment:checking '/home/pan/Documents/Freelance/work01_ws/install/robot_slam/bin'
[0.927s] INFO:colcon.colcon_core.shell:Creating package script '/home/pan/Documents/Freelance/work01_ws/install/robot_slam/share/robot_slam/package.ps1'
[0.928s] INFO:colcon.colcon_core.shell:Creating package descriptor '/home/pan/Documents/Freelance/work01_ws/install/robot_slam/share/robot_slam/package.dsv'
[0.930s] INFO:colcon.colcon_core.shell:Creating package script '/home/pan/Documents/Freelance/work01_ws/install/robot_slam/share/robot_slam/package.sh'
[0.937s] INFO:colcon.colcon_core.shell:Creating package script '/home/pan/Documents/Freelance/work01_ws/install/robot_slam/share/robot_slam/package.bash'
[0.939s] INFO:colcon.colcon_core.shell:Creating package script '/home/pan/Documents/Freelance/work01_ws/install/robot_slam/share/robot_slam/package.zsh'
[0.941s] Level 1:colcon.colcon_core.environment:create_file_with_runtime_dependencies(/home/pan/Documents/Freelance/work01_ws/install/robot_slam/share/colcon-core/packages/robot_slam)
[0.967s] Level 1:colcon.colcon_core.environment:create_environment_scripts_only(robot_description)
[0.971s] Level 1:colcon.colcon_core.environment:checking '/home/pan/Documents/Freelance/work01_ws/install/robot_description' for CMake module files
[0.972s] Level 1:colcon.colcon_core.environment:checking '/home/pan/Documents/Freelance/work01_ws/install/robot_description' for CMake config files
[0.973s] Level 1:colcon.colcon_core.shell:create_environment_hook('robot_description', 'cmake_prefix_path')
[0.975s] INFO:colcon.colcon_core.shell:Creating environment hook '/home/pan/Documents/Freelance/work01_ws/install/robot_description/share/robot_description/hook/cmake_prefix_path.ps1'
[0.977s] INFO:colcon.colcon_core.shell:Creating environment descriptor '/home/pan/Documents/Freelance/work01_ws/install/robot_description/share/robot_description/hook/cmake_prefix_path.dsv'
[0.978s] INFO:colcon.colcon_core.shell:Creating environment hook '/home/pan/Documents/Freelance/work01_ws/install/robot_description/share/robot_description/hook/cmake_prefix_path.sh'
[0.981s] Level 1:colcon.colcon_core.environment:checking '/home/pan/Documents/Freelance/work01_ws/install/robot_description/bin'
[0.981s] Level 1:colcon.colcon_core.environment:checking '/home/pan/Documents/Freelance/work01_ws/install/robot_description/lib/pkgconfig/robot_description.pc'
[0.982s] Level 1:colcon.colcon_core.environment:checking '/home/pan/Documents/Freelance/work01_ws/install/robot_description/lib/python3.10/site-packages'
[0.982s] Level 1:colcon.colcon_core.environment:checking '/home/pan/Documents/Freelance/work01_ws/install/robot_description/bin'
[0.987s] INFO:colcon.colcon_core.shell:Creating package script '/home/pan/Documents/Freelance/work01_ws/install/robot_description/share/robot_description/package.ps1'
[0.990s] INFO:colcon.colcon_core.shell:Creating package descriptor '/home/pan/Documents/Freelance/work01_ws/install/robot_description/share/robot_description/package.dsv'
[0.992s] INFO:colcon.colcon_core.shell:Creating package script '/home/pan/Documents/Freelance/work01_ws/install/robot_description/share/robot_description/package.sh'
[0.994s] INFO:colcon.colcon_core.shell:Creating package script '/home/pan/Documents/Freelance/work01_ws/install/robot_description/share/robot_description/package.bash'
[0.996s] INFO:colcon.colcon_core.shell:Creating package script '/home/pan/Documents/Freelance/work01_ws/install/robot_description/share/robot_description/package.zsh'
[0.998s] Level 1:colcon.colcon_core.environment:create_file_with_runtime_dependencies(/home/pan/Documents/Freelance/work01_ws/install/robot_description/share/colcon-core/packages/robot_description)
[1.001s] INFO:colcon.colcon_ros.task.ament_cmake.build:Building ROS package in '/home/pan/Documents/Freelance/work01_ws/src/robot_simulation' with build type 'ament_cmake'
[1.002s] INFO:colcon.colcon_cmake.task.cmake.build:Building CMake package in '/home/pan/Documents/Freelance/work01_ws/src/robot_simulation'
[1.005s] INFO:colcon.colcon_core.shell:Skip shell extension 'powershell' for command environment: Not usable outside of PowerShell
[1.005s] DEBUG:colcon.colcon_core.shell:Skip shell extension 'dsv' for command environment
[1.020s] Level 1:colcon.colcon_core.environment:create_environment_scripts_only(robot_slam)
[1.023s] Level 1:colcon.colcon_core.environment:checking '/home/pan/Documents/Freelance/work01_ws/install/robot_slam' for CMake module files
[1.025s] Level 1:colcon.colcon_core.environment:checking '/home/pan/Documents/Freelance/work01_ws/install/robot_slam' for CMake config files
[1.026s] Level 1:colcon.colcon_core.shell:create_environment_hook('robot_slam', 'cmake_prefix_path')
[1.028s] INFO:colcon.colcon_core.shell:Creating environment hook '/home/pan/Documents/Freelance/work01_ws/install/robot_slam/share/robot_slam/hook/cmake_prefix_path.ps1'
[1.030s] INFO:colcon.colcon_core.shell:Creating environment descriptor '/home/pan/Documents/Freelance/work01_ws/install/robot_slam/share/robot_slam/hook/cmake_prefix_path.dsv'
[1.032s] INFO:colcon.colcon_core.shell:Creating environment hook '/home/pan/Documents/Freelance/work01_ws/install/robot_slam/share/robot_slam/hook/cmake_prefix_path.sh'
[1.034s] Level 1:colcon.colcon_core.environment:checking '/home/pan/Documents/Freelance/work01_ws/install/robot_slam/bin'
[1.034s] Level 1:colcon.colcon_core.environment:checking '/home/pan/Documents/Freelance/work01_ws/install/robot_slam/lib/pkgconfig/robot_slam.pc'
[1.035s] Level 1:colcon.colcon_core.environment:checking '/home/pan/Documents/Freelance/work01_ws/install/robot_slam/lib/python3.10/site-packages'
[1.036s] Level 1:colcon.colcon_core.environment:checking '/home/pan/Documents/Freelance/work01_ws/install/robot_slam/bin'
[1.038s] INFO:colcon.colcon_core.shell:Creating package script '/home/pan/Documents/Freelance/work01_ws/install/robot_slam/share/robot_slam/package.ps1'
[1.040s] INFO:colcon.colcon_core.shell:Creating package descriptor '/home/pan/Documents/Freelance/work01_ws/install/robot_slam/share/robot_slam/package.dsv'
[1.042s] INFO:colcon.colcon_core.shell:Creating package script '/home/pan/Documents/Freelance/work01_ws/install/robot_slam/share/robot_slam/package.sh'
[1.044s] INFO:colcon.colcon_core.shell:Creating package script '/home/pan/Documents/Freelance/work01_ws/install/robot_slam/share/robot_slam/package.bash'
[1.046s] INFO:colcon.colcon_core.shell:Creating package script '/home/pan/Documents/Freelance/work01_ws/install/robot_slam/share/robot_slam/package.zsh'
[1.049s] Level 1:colcon.colcon_core.environment:create_file_with_runtime_dependencies(/home/pan/Documents/Freelance/work01_ws/install/robot_slam/share/colcon-core/packages/robot_slam)
[1.067s] DEBUG:colcon.colcon_core.event_handler.log_command:Invoking command in '/home/pan/Documents/Freelance/work01_ws/build/robot_simulation': CMAKE_PREFIX_PATH=/home/pan/Documents/Freelance/work01_ws/install/robot_description:/home/pan/Documents/Freelance/work01_ws/install/robot_slam:/home/pan/Documents/Freelance/work01_ws/install/robot_simulation:/opt/ros/humble /usr/bin/cmake --build /home/pan/Documents/Freelance/work01_ws/build/robot_simulation -- -j12 -l12
[1.173s] DEBUG:colcon.colcon_core.event_handler.log_command:Invoked command in '/home/pan/Documents/Freelance/work01_ws/build/robot_simulation' returned '0': CMAKE_PREFIX_PATH=/home/pan/Documents/Freelance/work01_ws/install/robot_description:/home/pan/Documents/Freelance/work01_ws/install/robot_slam:/home/pan/Documents/Freelance/work01_ws/install/robot_simulation:/opt/ros/humble /usr/bin/cmake --build /home/pan/Documents/Freelance/work01_ws/build/robot_simulation -- -j12 -l12
[1.247s] DEBUG:colcon.colcon_core.event_handler.log_command:Invoking command in '/home/pan/Documents/Freelance/work01_ws/build/robot_simulation': CMAKE_PREFIX_PATH=/home/pan/Documents/Freelance/work01_ws/install/robot_description:/home/pan/Documents/Freelance/work01_ws/install/robot_slam:/home/pan/Documents/Freelance/work01_ws/install/robot_simulation:/opt/ros/humble /usr/bin/cmake --install /home/pan/Documents/Freelance/work01_ws/build/robot_simulation
[1.296s] Level 1:colcon.colcon_core.environment:create_environment_scripts_only(robot_simulation)
[1.302s] Level 1:colcon.colcon_core.environment:checking '/home/pan/Documents/Freelance/work01_ws/install/robot_simulation' for CMake module files
[1.308s] DEBUG:colcon.colcon_core.event_handler.log_command:Invoked command in '/home/pan/Documents/Freelance/work01_ws/build/robot_simulation' returned '0': CMAKE_PREFIX_PATH=/home/pan/Documents/Freelance/work01_ws/install/robot_description:/home/pan/Documents/Freelance/work01_ws/install/robot_slam:/home/pan/Documents/Freelance/work01_ws/install/robot_simulation:/opt/ros/humble /usr/bin/cmake --install /home/pan/Documents/Freelance/work01_ws/build/robot_simulation
[1.310s] Level 1:colcon.colcon_core.environment:checking '/home/pan/Documents/Freelance/work01_ws/install/robot_simulation' for CMake config files
[1.313s] Level 1:colcon.colcon_core.shell:create_environment_hook('robot_simulation', 'cmake_prefix_path')
[1.318s] INFO:colcon.colcon_core.shell:Creating environment hook '/home/pan/Documents/Freelance/work01_ws/install/robot_simulation/share/robot_simulation/hook/cmake_prefix_path.ps1'
[1.320s] INFO:colcon.colcon_core.shell:Creating environment descriptor '/home/pan/Documents/Freelance/work01_ws/install/robot_simulation/share/robot_simulation/hook/cmake_prefix_path.dsv'
[1.321s] INFO:colcon.colcon_core.shell:Creating environment hook '/home/pan/Documents/Freelance/work01_ws/install/robot_simulation/share/robot_simulation/hook/cmake_prefix_path.sh'
[1.323s] Level 1:colcon.colcon_core.environment:checking '/home/pan/Documents/Freelance/work01_ws/install/robot_simulation/bin'
[1.324s] Level 1:colcon.colcon_core.environment:checking '/home/pan/Documents/Freelance/work01_ws/install/robot_simulation/lib/pkgconfig/robot_simulation.pc'
[1.324s] Level 1:colcon.colcon_core.environment:checking '/home/pan/Documents/Freelance/work01_ws/install/robot_simulation/lib/python3.10/site-packages'
[1.325s] Level 1:colcon.colcon_core.environment:checking '/home/pan/Documents/Freelance/work01_ws/install/robot_simulation/bin'
[1.327s] INFO:colcon.colcon_core.shell:Creating package script '/home/pan/Documents/Freelance/work01_ws/install/robot_simulation/share/robot_simulation/package.ps1'
[1.329s] INFO:colcon.colcon_core.shell:Creating package descriptor '/home/pan/Documents/Freelance/work01_ws/install/robot_simulation/share/robot_simulation/package.dsv'
[1.330s] INFO:colcon.colcon_core.shell:Creating package script '/home/pan/Documents/Freelance/work01_ws/install/robot_simulation/share/robot_simulation/package.sh'
[1.333s] INFO:colcon.colcon_core.shell:Creating package script '/home/pan/Documents/Freelance/work01_ws/install/robot_simulation/share/robot_simulation/package.bash'
[1.335s] INFO:colcon.colcon_core.shell:Creating package script '/home/pan/Documents/Freelance/work01_ws/install/robot_simulation/share/robot_simulation/package.zsh'
[1.337s] Level 1:colcon.colcon_core.environment:create_file_with_runtime_dependencies(/home/pan/Documents/Freelance/work01_ws/install/robot_simulation/share/colcon-core/packages/robot_simulation)
[1.412s] Level 1:colcon.colcon_core.environment:create_environment_scripts_only(robot_simulation)
[1.414s] Level 1:colcon.colcon_core.environment:checking '/home/pan/Documents/Freelance/work01_ws/install/robot_simulation' for CMake module files
[1.415s] Level 1:colcon.colcon_core.environment:checking '/home/pan/Documents/Freelance/work01_ws/install/robot_simulation' for CMake config files
[1.415s] Level 1:colcon.colcon_core.shell:create_environment_hook('robot_simulation', 'cmake_prefix_path')
[1.417s] INFO:colcon.colcon_core.shell:Creating environment hook '/home/pan/Documents/Freelance/work01_ws/install/robot_simulation/share/robot_simulation/hook/cmake_prefix_path.ps1'
[1.420s] INFO:colcon.colcon_core.shell:Creating environment descriptor '/home/pan/Documents/Freelance/work01_ws/install/robot_simulation/share/robot_simulation/hook/cmake_prefix_path.dsv'
[1.422s] INFO:colcon.colcon_core.shell:Creating environment hook '/home/pan/Documents/Freelance/work01_ws/install/robot_simulation/share/robot_simulation/hook/cmake_prefix_path.sh'
[1.423s] Level 1:colcon.colcon_core.environment:checking '/home/pan/Documents/Freelance/work01_ws/install/robot_simulation/bin'
[1.423s] Level 1:colcon.colcon_core.environment:checking '/home/pan/Documents/Freelance/work01_ws/install/robot_simulation/lib/pkgconfig/robot_simulation.pc'
[1.424s] Level 1:colcon.colcon_core.environment:checking '/home/pan/Documents/Freelance/work01_ws/install/robot_simulation/lib/python3.10/site-packages'
[1.424s] Level 1:colcon.colcon_core.environment:checking '/home/pan/Documents/Freelance/work01_ws/install/robot_simulation/bin'
[1.428s] INFO:colcon.colcon_core.shell:Creating package script '/home/pan/Documents/Freelance/work01_ws/install/robot_simulation/share/robot_simulation/package.ps1'
[1.431s] INFO:colcon.colcon_core.shell:Creating package descriptor '/home/pan/Documents/Freelance/work01_ws/install/robot_simulation/share/robot_simulation/package.dsv'
[1.433s] INFO:colcon.colcon_core.shell:Creating package script '/home/pan/Documents/Freelance/work01_ws/install/robot_simulation/share/robot_simulation/package.sh'
[1.435s] INFO:colcon.colcon_core.shell:Creating package script '/home/pan/Documents/Freelance/work01_ws/install/robot_simulation/share/robot_simulation/package.bash'
[1.437s] INFO:colcon.colcon_core.shell:Creating package script '/home/pan/Documents/Freelance/work01_ws/install/robot_simulation/share/robot_simulation/package.zsh'
[1.440s] Level 1:colcon.colcon_core.environment:create_file_with_runtime_dependencies(/home/pan/Documents/Freelance/work01_ws/install/robot_simulation/share/colcon-core/packages/robot_simulation)
[2.108s] DEBUG:colcon.colcon_core.event_handler.log_command:Invoked command in '/home/pan/Documents/Freelance/work01_ws/build/robot_navigation' returned '0': CMAKE_PREFIX_PATH=${CMAKE_PREFIX_PATH}:/opt/ros/humble /usr/bin/cmake /home/pan/Documents/Freelance/work01_ws/src/robot_navigation -DAMENT_CMAKE_SYMLINK_INSTALL=1 -DCMAKE_INSTALL_PREFIX=/home/pan/Documents/Freelance/work01_ws/install/robot_navigation
[2.113s] DEBUG:colcon.colcon_core.event_handler.log_command:Invoking command in '/home/pan/Documents/Freelance/work01_ws/build/robot_navigation': CMAKE_PREFIX_PATH=${CMAKE_PREFIX_PATH}:/opt/ros/humble /usr/bin/cmake --build /home/pan/Documents/Freelance/work01_ws/build/robot_navigation -- -j12 -l12
[2.188s] DEBUG:colcon.colcon_core.event_handler.log_command:Invoked command in '/home/pan/Documents/Freelance/work01_ws/build/robot_navigation' returned '0': CMAKE_PREFIX_PATH=${CMAKE_PREFIX_PATH}:/opt/ros/humble /usr/bin/cmake --build /home/pan/Documents/Freelance/work01_ws/build/robot_navigation -- -j12 -l12
[2.236s] DEBUG:colcon.colcon_core.event_handler.log_command:Invoking command in '/home/pan/Documents/Freelance/work01_ws/build/robot_navigation': CMAKE_PREFIX_PATH=${CMAKE_PREFIX_PATH}:/opt/ros/humble /usr/bin/cmake --install /home/pan/Documents/Freelance/work01_ws/build/robot_navigation
[2.586s] Level 1:colcon.colcon_core.environment:create_environment_scripts_only(robot_navigation)
[2.589s] Level 1:colcon.colcon_core.environment:checking '/home/pan/Documents/Freelance/work01_ws/install/robot_navigation' for CMake module files
[2.590s] DEBUG:colcon.colcon_core.event_handler.log_command:Invoked command in '/home/pan/Documents/Freelance/work01_ws/build/robot_navigation' returned '0': CMAKE_PREFIX_PATH=${CMAKE_PREFIX_PATH}:/opt/ros/humble /usr/bin/cmake --install /home/pan/Documents/Freelance/work01_ws/build/robot_navigation
[2.590s] Level 1:colcon.colcon_core.environment:checking '/home/pan/Documents/Freelance/work01_ws/install/robot_navigation' for CMake config files
[2.590s] Level 1:colcon.colcon_core.shell:create_environment_hook('robot_navigation', 'cmake_prefix_path')
[2.592s] INFO:colcon.colcon_core.shell:Creating environment hook '/home/pan/Documents/Freelance/work01_ws/install/robot_navigation/share/robot_navigation/hook/cmake_prefix_path.ps1'
[2.592s] INFO:colcon.colcon_core.shell:Creating environment descriptor '/home/pan/Documents/Freelance/work01_ws/install/robot_navigation/share/robot_navigation/hook/cmake_prefix_path.dsv'
[2.592s] INFO:colcon.colcon_core.shell:Creating environment hook '/home/pan/Documents/Freelance/work01_ws/install/robot_navigation/share/robot_navigation/hook/cmake_prefix_path.sh'
[2.593s] Level 1:colcon.colcon_core.environment:checking '/home/pan/Documents/Freelance/work01_ws/install/robot_navigation/bin'
[2.593s] Level 1:colcon.colcon_core.environment:checking '/home/pan/Documents/Freelance/work01_ws/install/robot_navigation/lib/pkgconfig/robot_navigation.pc'
[2.593s] Level 1:colcon.colcon_core.environment:checking '/home/pan/Documents/Freelance/work01_ws/install/robot_navigation/lib/python3.10/site-packages'
[2.593s] Level 1:colcon.colcon_core.environment:checking '/home/pan/Documents/Freelance/work01_ws/install/robot_navigation/bin'
[2.595s] INFO:colcon.colcon_core.shell:Creating package script '/home/pan/Documents/Freelance/work01_ws/install/robot_navigation/share/robot_navigation/package.ps1'
[2.596s] INFO:colcon.colcon_core.shell:Creating package descriptor '/home/pan/Documents/Freelance/work01_ws/install/robot_navigation/share/robot_navigation/package.dsv'
[2.597s] INFO:colcon.colcon_core.shell:Creating package script '/home/pan/Documents/Freelance/work01_ws/install/robot_navigation/share/robot_navigation/package.sh'
[2.597s] INFO:colcon.colcon_core.shell:Creating package script '/home/pan/Documents/Freelance/work01_ws/install/robot_navigation/share/robot_navigation/package.bash'
[2.597s] INFO:colcon.colcon_core.shell:Creating package script '/home/pan/Documents/Freelance/work01_ws/install/robot_navigation/share/robot_navigation/package.zsh'
[2.598s] Level 1:colcon.colcon_core.environment:create_file_with_runtime_dependencies(/home/pan/Documents/Freelance/work01_ws/install/robot_navigation/share/colcon-core/packages/robot_navigation)
[2.640s] Level 1:colcon.colcon_core.environment:create_environment_scripts_only(robot_navigation)
[2.642s] Level 1:colcon.colcon_core.environment:checking '/home/pan/Documents/Freelance/work01_ws/install/robot_navigation' for CMake module files
[2.642s] Level 1:colcon.colcon_core.environment:checking '/home/pan/Documents/Freelance/work01_ws/install/robot_navigation' for CMake config files
[2.643s] Level 1:colcon.colcon_core.shell:create_environment_hook('robot_navigation', 'cmake_prefix_path')
[2.645s] INFO:colcon.colcon_core.shell:Creating environment hook '/home/pan/Documents/Freelance/work01_ws/install/robot_navigation/share/robot_navigation/hook/cmake_prefix_path.ps1'
[2.647s] INFO:colcon.colcon_core.shell:Creating environment descriptor '/home/pan/Documents/Freelance/work01_ws/install/robot_navigation/share/robot_navigation/hook/cmake_prefix_path.dsv'
[2.648s] INFO:colcon.colcon_core.shell:Creating environment hook '/home/pan/Documents/Freelance/work01_ws/install/robot_navigation/share/robot_navigation/hook/cmake_prefix_path.sh'
[2.650s] Level 1:colcon.colcon_core.environment:checking '/home/pan/Documents/Freelance/work01_ws/install/robot_navigation/bin'
[2.650s] Level 1:colcon.colcon_core.environment:checking '/home/pan/Documents/Freelance/work01_ws/install/robot_navigation/lib/pkgconfig/robot_navigation.pc'
[2.650s] Level 1:colcon.colcon_core.environment:checking '/home/pan/Documents/Freelance/work01_ws/install/robot_navigation/lib/python3.10/site-packages'
[2.651s] Level 1:colcon.colcon_core.environment:checking '/home/pan/Documents/Freelance/work01_ws/install/robot_navigation/bin'
[2.652s] INFO:colcon.colcon_core.shell:Creating package script '/home/pan/Documents/Freelance/work01_ws/install/robot_navigation/share/robot_navigation/package.ps1'
[2.654s] INFO:colcon.colcon_core.shell:Creating package descriptor '/home/pan/Documents/Freelance/work01_ws/install/robot_navigation/share/robot_navigation/package.dsv'
[2.654s] INFO:colcon.colcon_core.shell:Creating package script '/home/pan/Documents/Freelance/work01_ws/install/robot_navigation/share/robot_navigation/package.sh'
[2.655s] INFO:colcon.colcon_core.shell:Creating package script '/home/pan/Documents/Freelance/work01_ws/install/robot_navigation/share/robot_navigation/package.bash'
[2.656s] INFO:colcon.colcon_core.shell:Creating package script '/home/pan/Documents/Freelance/work01_ws/install/robot_navigation/share/robot_navigation/package.zsh'
[2.656s] Level 1:colcon.colcon_core.environment:create_file_with_runtime_dependencies(/home/pan/Documents/Freelance/work01_ws/install/robot_navigation/share/colcon-core/packages/robot_navigation)
[2.657s] DEBUG:colcon.colcon_parallel_executor.executor.parallel:closing loop
[2.658s] DEBUG:colcon.colcon_parallel_executor.executor.parallel:loop closed
[2.658s] DEBUG:colcon.colcon_parallel_executor.executor.parallel:run_until_complete finished with '0'
[2.658s] DEBUG:colcon.colcon_core.event_reactor:joining thread
[2.669s] INFO:colcon.colcon_core.plugin_system:Skipping extension 'colcon_notification.desktop_notification.terminal_notifier': Not used on non-Darwin systems
[2.670s] INFO:colcon.colcon_core.plugin_system:Skipping extension 'colcon_notification.desktop_notification.win32': Not used on non-Windows systems
[2.670s] INFO:colcon.colcon_notification.desktop_notification:Sending desktop notification using 'notify2'
[2.691s] DEBUG:colcon.colcon_core.event_reactor:joined thread
[2.694s] INFO:colcon.colcon_core.shell:Creating prefix script '/home/pan/Documents/Freelance/work01_ws/install/local_setup.ps1'
[2.696s] INFO:colcon.colcon_core.shell:Creating prefix util module '/home/pan/Documents/Freelance/work01_ws/install/_local_setup_util_ps1.py'
[2.698s] INFO:colcon.colcon_core.shell:Creating prefix chain script '/home/pan/Documents/Freelance/work01_ws/install/setup.ps1'
[2.699s] INFO:colcon.colcon_core.shell:Creating prefix script '/home/pan/Documents/Freelance/work01_ws/install/local_setup.sh'
[2.700s] INFO:colcon.colcon_core.shell:Creating prefix util module '/home/pan/Documents/Freelance/work01_ws/install/_local_setup_util_sh.py'
[2.700s] INFO:colcon.colcon_core.shell:Creating prefix chain script '/home/pan/Documents/Freelance/work01_ws/install/setup.sh'
[2.702s] INFO:colcon.colcon_core.shell:Creating prefix script '/home/pan/Documents/Freelance/work01_ws/install/local_setup.bash'
[2.702s] INFO:colcon.colcon_core.shell:Creating prefix chain script '/home/pan/Documents/Freelance/work01_ws/install/setup.bash'
[2.707s] INFO:colcon.colcon_core.shell:Creating prefix script '/home/pan/Documents/Freelance/work01_ws/install/local_setup.zsh'
[2.708s] INFO:colcon.colcon_core.shell:Creating prefix chain script '/home/pan/Documents/Freelance/work01_ws/install/setup.zsh'
