[0.023s] Invoking command in '/home/pan/Documents/Freelance/work01_ws/build/robot_navigation': CMAKE_PREFIX_PATH=${CMAKE_PREFIX_PATH}:/opt/ros/humble /usr/bin/cmake --build /home/pan/Documents/Freelance/work01_ws/build/robot_navigation -- -j12 -l12
[0.066s] Invoked command in '/home/pan/Documents/Freelance/work01_ws/build/robot_navigation' returned '0': CMAKE_PREFIX_PATH=${CMAKE_PREFIX_PATH}:/opt/ros/humble /usr/bin/cmake --build /home/pan/Documents/Freelance/work01_ws/build/robot_navigation -- -j12 -l12
[0.102s] Invoking command in '/home/pan/Documents/Freelance/work01_ws/build/robot_navigation': CMAKE_PREFIX_PATH=${CMAKE_PREFIX_PATH}:/opt/ros/humble /usr/bin/cmake --install /home/pan/Documents/Freelance/work01_ws/build/robot_navigation
[0.110s] -- Install configuration: ""
[0.110s] -- Execute custom install script
[0.111s] -- Up-to-date symlink: /home/pan/Documents/Freelance/work01_ws/install/robot_navigation/share/robot_navigation/launch/localization_launch.py
[0.111s] -- Symlinking: /home/pan/Documents/Freelance/work01_ws/install/robot_navigation/share/robot_navigation/maps/map_1686328902.pgm
[0.124s] -- Symlinking: /home/pan/Documents/Freelance/work01_ws/install/robot_navigation/share/robot_navigation/maps/map_1686328902.yaml
[0.140s] -- Up-to-date symlink: /home/pan/Documents/Freelance/work01_ws/install/robot_navigation/share/robot_navigation/params/nav2_params.yaml
[0.141s] -- Up-to-date symlink: /home/pan/Documents/Freelance/work01_ws/install/robot_navigation/share/ament_index/resource_index/package_run_dependencies/robot_navigation
[0.141s] -- Up-to-date symlink: /home/pan/Documents/Freelance/work01_ws/install/robot_navigation/share/ament_index/resource_index/parent_prefix_path/robot_navigation
[0.141s] -- Up-to-date symlink: /home/pan/Documents/Freelance/work01_ws/install/robot_navigation/share/robot_navigation/environment/ament_prefix_path.sh
[0.141s] -- Up-to-date symlink: /home/pan/Documents/Freelance/work01_ws/install/robot_navigation/share/robot_navigation/environment/ament_prefix_path.dsv
[0.141s] -- Up-to-date symlink: /home/pan/Documents/Freelance/work01_ws/install/robot_navigation/share/robot_navigation/environment/path.sh
[0.142s] -- Up-to-date symlink: /home/pan/Documents/Freelance/work01_ws/install/robot_navigation/share/robot_navigation/environment/path.dsv
[0.142s] -- Up-to-date symlink: /home/pan/Documents/Freelance/work01_ws/install/robot_navigation/share/robot_navigation/local_setup.bash
[0.142s] -- Up-to-date symlink: /home/pan/Documents/Freelance/work01_ws/install/robot_navigation/share/robot_navigation/local_setup.sh
[0.142s] -- Up-to-date symlink: /home/pan/Documents/Freelance/work01_ws/install/robot_navigation/share/robot_navigation/local_setup.zsh
[0.142s] -- Up-to-date symlink: /home/pan/Documents/Freelance/work01_ws/install/robot_navigation/share/robot_navigation/local_setup.dsv
[0.142s] -- Symlinking: /home/pan/Documents/Freelance/work01_ws/install/robot_navigation/share/robot_navigation/package.dsv
[0.153s] -- Up-to-date symlink: /home/pan/Documents/Freelance/work01_ws/install/robot_navigation/share/ament_index/resource_index/packages/robot_navigation
[0.153s] -- Up-to-date symlink: /home/pan/Documents/Freelance/work01_ws/install/robot_navigation/share/robot_navigation/cmake/robot_navigationConfig.cmake
[0.153s] -- Up-to-date symlink: /home/pan/Documents/Freelance/work01_ws/install/robot_navigation/share/robot_navigation/cmake/robot_navigationConfig-version.cmake
[0.153s] -- Up-to-date symlink: /home/pan/Documents/Freelance/work01_ws/install/robot_navigation/share/robot_navigation/package.xml
[0.174s] Invoked command in '/home/pan/Documents/Freelance/work01_ws/build/robot_navigation' returned '0': CMAKE_PREFIX_PATH=${CMAKE_PREFIX_PATH}:/opt/ros/humble /usr/bin/cmake --install /home/pan/Documents/Freelance/work01_ws/build/robot_navigation
