[0.024s] Invoking command in '/home/pan/Documents/Freelance/work01_ws/build/robot_description': /usr/bin/cmake --build /home/pan/Documents/Freelance/work01_ws/build/robot_description -- -j12 -l12
[0.098s] Invoked command in '/home/pan/Documents/Freelance/work01_ws/build/robot_description' returned '0': /usr/bin/cmake --build /home/pan/Documents/Freelance/work01_ws/build/robot_description -- -j12 -l12
[0.151s] Invoking command in '/home/pan/Documents/Freelance/work01_ws/build/robot_description': /usr/bin/cmake --install /home/pan/Documents/Freelance/work01_ws/build/robot_description
[0.164s] -- Install configuration: ""
[0.164s] -- Execute custom install script
[0.164s] -- Up-to-date symlink: /home/pan/Documents/Freelance/work01_ws/install/robot_description/share/robot_description/launch/robot_state_publisher.launch.py
[0.164s] -- Up-to-date symlink: /home/pan/Documents/Freelance/work01_ws/install/robot_description/share/robot_description/launch/robot_with_empty_world.launch.py
[0.165s] -- Up-to-date symlink: /home/pan/Documents/Freelance/work01_ws/install/robot_description/share/robot_description/urdf/robot.urdf
[0.165s] -- Up-to-date symlink: /home/pan/Documents/Freelance/work01_ws/install/robot_description/share/ament_index/resource_index/package_run_dependencies/robot_description
[0.165s] -- Up-to-date symlink: /home/pan/Documents/Freelance/work01_ws/install/robot_description/share/ament_index/resource_index/parent_prefix_path/robot_description
[0.165s] -- Up-to-date symlink: /home/pan/Documents/Freelance/work01_ws/install/robot_description/share/robot_description/environment/ament_prefix_path.sh
[0.165s] -- Up-to-date symlink: /home/pan/Documents/Freelance/work01_ws/install/robot_description/share/robot_description/environment/ament_prefix_path.dsv
[0.165s] -- Up-to-date symlink: /home/pan/Documents/Freelance/work01_ws/install/robot_description/share/robot_description/environment/path.sh
[0.165s] -- Up-to-date symlink: /home/pan/Documents/Freelance/work01_ws/install/robot_description/share/robot_description/environment/path.dsv
[0.165s] -- Up-to-date symlink: /home/pan/Documents/Freelance/work01_ws/install/robot_description/share/robot_description/local_setup.bash
[0.166s] -- Up-to-date symlink: /home/pan/Documents/Freelance/work01_ws/install/robot_description/share/robot_description/local_setup.sh
[0.166s] -- Up-to-date symlink: /home/pan/Documents/Freelance/work01_ws/install/robot_description/share/robot_description/local_setup.zsh
[0.166s] -- Up-to-date symlink: /home/pan/Documents/Freelance/work01_ws/install/robot_description/share/robot_description/local_setup.dsv
[0.166s] -- Symlinking: /home/pan/Documents/Freelance/work01_ws/install/robot_description/share/robot_description/package.dsv
[0.181s] -- Up-to-date symlink: /home/pan/Documents/Freelance/work01_ws/install/robot_description/share/ament_index/resource_index/packages/robot_description
[0.181s] -- Up-to-date symlink: /home/pan/Documents/Freelance/work01_ws/install/robot_description/share/robot_description/cmake/robot_descriptionConfig.cmake
[0.181s] -- Up-to-date symlink: /home/pan/Documents/Freelance/work01_ws/install/robot_description/share/robot_description/cmake/robot_descriptionConfig-version.cmake
[0.181s] -- Up-to-date symlink: /home/pan/Documents/Freelance/work01_ws/install/robot_description/share/robot_description/package.xml
[0.184s] Invoked command in '/home/pan/Documents/Freelance/work01_ws/build/robot_description' returned '0': /usr/bin/cmake --install /home/pan/Documents/Freelance/work01_ws/build/robot_description
