[0.495s] DEBUG:colcon:Command line arguments: ['/usr/bin/colcon', 'build', '--symlink-install']
[0.495s] DEBUG:colcon:Parsed command line arguments: Namespace(log_base=None, log_level=None, verb_name='build', build_base='build', install_base='install', merge_install=False, symlink_install=True, test_result_base=None, continue_on_error=False, executor='parallel', parallel_workers=12, event_handlers=None, ignore_user_meta=False, metas=['./colcon.meta'], base_paths=['.'], packages_ignore=None, packages_ignore_regex=None, paths=None, packages_up_to=None, packages_up_to_regex=None, packages_above=None, packages_above_and_dependencies=None, packages_above_depth=None, packages_select_by_dep=None, packages_skip_by_dep=None, packages_skip_up_to=None, packages_select_build_failed=False, packages_skip_build_finished=False, packages_select_test_failures=False, packages_skip_test_passed=False, packages_select=None, packages_skip=None, packages_select_regex=None, packages_skip_regex=None, packages_start=None, packages_end=None, allow_overriding=[], cmake_args=None, cmake_target=None, cmake_target_skip_unavailable=False, cmake_clean_cache=False, cmake_clean_first=False, cmake_force_configure=False, ament_cmake_args=None, catkin_cmake_args=None, catkin_skip_building_tests=False, verb_parser=<colcon_defaults.argument_parser.defaults.DefaultArgumentsDecorator object at 0x7f62923edc30>, verb_extension=<colcon_core.verb.build.BuildVerb object at 0x7f629230bc70>, main=<bound method BuildVerb.main of <colcon_core.verb.build.BuildVerb object at 0x7f629230bc70>>)
[0.606s] Level 1:colcon.colcon_core.package_discovery:discover_packages(colcon_meta) check parameters
[0.606s] Level 1:colcon.colcon_core.package_discovery:discover_packages(recursive) check parameters
[0.606s] Level 1:colcon.colcon_core.package_discovery:discover_packages(ignore) check parameters
[0.606s] Level 1:colcon.colcon_core.package_discovery:discover_packages(path) check parameters
[0.606s] Level 1:colcon.colcon_core.package_discovery:discover_packages(colcon_meta) discover
[0.606s] Level 1:colcon.colcon_core.package_discovery:discover_packages(recursive) discover
[0.606s] INFO:colcon.colcon_core.package_discovery:Crawling recursively for packages in '/home/pan/Documents/Freelance/work01_ws'
[0.606s] Level 1:colcon.colcon_core.package_identification:_identify(.) by extensions ['ignore', 'ignore_ament_install']
[0.607s] Level 1:colcon.colcon_core.package_identification:_identify(.) by extension 'ignore'
[0.607s] Level 1:colcon.colcon_core.package_identification:_identify(.) by extension 'ignore_ament_install'
[0.607s] Level 1:colcon.colcon_core.package_identification:_identify(.) by extensions ['colcon_pkg']
[0.607s] Level 1:colcon.colcon_core.package_identification:_identify(.) by extension 'colcon_pkg'
[0.607s] Level 1:colcon.colcon_core.package_identification:_identify(.) by extensions ['colcon_meta']
[0.607s] Level 1:colcon.colcon_core.package_identification:_identify(.) by extension 'colcon_meta'
[0.607s] Level 1:colcon.colcon_core.package_identification:_identify(.) by extensions ['ros']
[0.607s] Level 1:colcon.colcon_core.package_identification:_identify(.) by extension 'ros'
[0.624s] Level 1:colcon.colcon_core.package_identification:_identify(.) by extensions ['cmake', 'python']
[0.624s] Level 1:colcon.colcon_core.package_identification:_identify(.) by extension 'cmake'
[0.624s] Level 1:colcon.colcon_core.package_identification:_identify(.) by extension 'python'
[0.624s] Level 1:colcon.colcon_core.package_identification:_identify(.) by extensions ['python_setup_py']
[0.624s] Level 1:colcon.colcon_core.package_identification:_identify(.) by extension 'python_setup_py'
[0.625s] Level 1:colcon.colcon_core.package_identification:_identify(build) by extensions ['ignore', 'ignore_ament_install']
[0.625s] Level 1:colcon.colcon_core.package_identification:_identify(build) by extension 'ignore'
[0.625s] Level 1:colcon.colcon_core.package_identification:_identify(build) ignored
[0.625s] Level 1:colcon.colcon_core.package_identification:_identify(install) by extensions ['ignore', 'ignore_ament_install']
[0.625s] Level 1:colcon.colcon_core.package_identification:_identify(install) by extension 'ignore'
[0.625s] Level 1:colcon.colcon_core.package_identification:_identify(install) ignored
[0.625s] Level 1:colcon.colcon_core.package_identification:_identify(log) by extensions ['ignore', 'ignore_ament_install']
[0.625s] Level 1:colcon.colcon_core.package_identification:_identify(log) by extension 'ignore'
[0.625s] Level 1:colcon.colcon_core.package_identification:_identify(log) ignored
[0.626s] Level 1:colcon.colcon_core.package_identification:_identify(src) by extensions ['ignore', 'ignore_ament_install']
[0.626s] Level 1:colcon.colcon_core.package_identification:_identify(src) by extension 'ignore'
[0.626s] Level 1:colcon.colcon_core.package_identification:_identify(src) by extension 'ignore_ament_install'
[0.626s] Level 1:colcon.colcon_core.package_identification:_identify(src) by extensions ['colcon_pkg']
[0.626s] Level 1:colcon.colcon_core.package_identification:_identify(src) by extension 'colcon_pkg'
[0.626s] Level 1:colcon.colcon_core.package_identification:_identify(src) by extensions ['colcon_meta']
[0.626s] Level 1:colcon.colcon_core.package_identification:_identify(src) by extension 'colcon_meta'
[0.626s] Level 1:colcon.colcon_core.package_identification:_identify(src) by extensions ['ros']
[0.626s] Level 1:colcon.colcon_core.package_identification:_identify(src) by extension 'ros'
[0.626s] Level 1:colcon.colcon_core.package_identification:_identify(src) by extensions ['cmake', 'python']
[0.626s] Level 1:colcon.colcon_core.package_identification:_identify(src) by extension 'cmake'
[0.626s] Level 1:colcon.colcon_core.package_identification:_identify(src) by extension 'python'
[0.626s] Level 1:colcon.colcon_core.package_identification:_identify(src) by extensions ['python_setup_py']
[0.626s] Level 1:colcon.colcon_core.package_identification:_identify(src) by extension 'python_setup_py'
[0.626s] Level 1:colcon.colcon_core.package_identification:_identify(src/robot_description) by extensions ['ignore', 'ignore_ament_install']
[0.627s] Level 1:colcon.colcon_core.package_identification:_identify(src/robot_description) by extension 'ignore'
[0.627s] Level 1:colcon.colcon_core.package_identification:_identify(src/robot_description) by extension 'ignore_ament_install'
[0.627s] Level 1:colcon.colcon_core.package_identification:_identify(src/robot_description) by extensions ['colcon_pkg']
[0.627s] Level 1:colcon.colcon_core.package_identification:_identify(src/robot_description) by extension 'colcon_pkg'
[0.627s] Level 1:colcon.colcon_core.package_identification:_identify(src/robot_description) by extensions ['colcon_meta']
[0.627s] Level 1:colcon.colcon_core.package_identification:_identify(src/robot_description) by extension 'colcon_meta'
[0.627s] Level 1:colcon.colcon_core.package_identification:_identify(src/robot_description) by extensions ['ros']
[0.627s] Level 1:colcon.colcon_core.package_identification:_identify(src/robot_description) by extension 'ros'
[0.632s] DEBUG:colcon.colcon_core.package_identification:Package 'src/robot_description' with type 'ros.ament_cmake' and name 'robot_description'
[0.632s] Level 1:colcon.colcon_core.package_identification:_identify(src/robot_navigation) by extensions ['ignore', 'ignore_ament_install']
[0.632s] Level 1:colcon.colcon_core.package_identification:_identify(src/robot_navigation) by extension 'ignore'
[0.632s] Level 1:colcon.colcon_core.package_identification:_identify(src/robot_navigation) by extension 'ignore_ament_install'
[0.632s] Level 1:colcon.colcon_core.package_identification:_identify(src/robot_navigation) by extensions ['colcon_pkg']
[0.633s] Level 1:colcon.colcon_core.package_identification:_identify(src/robot_navigation) by extension 'colcon_pkg'
[0.633s] Level 1:colcon.colcon_core.package_identification:_identify(src/robot_navigation) by extensions ['colcon_meta']
[0.633s] Level 1:colcon.colcon_core.package_identification:_identify(src/robot_navigation) by extension 'colcon_meta'
[0.633s] Level 1:colcon.colcon_core.package_identification:_identify(src/robot_navigation) by extensions ['ros']
[0.633s] Level 1:colcon.colcon_core.package_identification:_identify(src/robot_navigation) by extension 'ros'
[0.634s] DEBUG:colcon.colcon_core.package_identification:Package 'src/robot_navigation' with type 'ros.ament_cmake' and name 'robot_navigation'
[0.635s] Level 1:colcon.colcon_core.package_identification:_identify(src/robot_simulation) by extensions ['ignore', 'ignore_ament_install']
[0.635s] Level 1:colcon.colcon_core.package_identification:_identify(src/robot_simulation) by extension 'ignore'
[0.635s] Level 1:colcon.colcon_core.package_identification:_identify(src/robot_simulation) by extension 'ignore_ament_install'
[0.635s] Level 1:colcon.colcon_core.package_identification:_identify(src/robot_simulation) by extensions ['colcon_pkg']
[0.635s] Level 1:colcon.colcon_core.package_identification:_identify(src/robot_simulation) by extension 'colcon_pkg'
[0.635s] Level 1:colcon.colcon_core.package_identification:_identify(src/robot_simulation) by extensions ['colcon_meta']
[0.636s] Level 1:colcon.colcon_core.package_identification:_identify(src/robot_simulation) by extension 'colcon_meta'
[0.636s] Level 1:colcon.colcon_core.package_identification:_identify(src/robot_simulation) by extensions ['ros']
[0.636s] Level 1:colcon.colcon_core.package_identification:_identify(src/robot_simulation) by extension 'ros'
[0.637s] DEBUG:colcon.colcon_core.package_identification:Package 'src/robot_simulation' with type 'ros.ament_cmake' and name 'robot_simulation'
[0.637s] Level 1:colcon.colcon_core.package_identification:_identify(src/robot_slam) by extensions ['ignore', 'ignore_ament_install']
[0.637s] Level 1:colcon.colcon_core.package_identification:_identify(src/robot_slam) by extension 'ignore'
[0.637s] Level 1:colcon.colcon_core.package_identification:_identify(src/robot_slam) by extension 'ignore_ament_install'
[0.637s] Level 1:colcon.colcon_core.package_identification:_identify(src/robot_slam) by extensions ['colcon_pkg']
[0.637s] Level 1:colcon.colcon_core.package_identification:_identify(src/robot_slam) by extension 'colcon_pkg'
[0.637s] Level 1:colcon.colcon_core.package_identification:_identify(src/robot_slam) by extensions ['colcon_meta']
[0.637s] Level 1:colcon.colcon_core.package_identification:_identify(src/robot_slam) by extension 'colcon_meta'
[0.637s] Level 1:colcon.colcon_core.package_identification:_identify(src/robot_slam) by extensions ['ros']
[0.637s] Level 1:colcon.colcon_core.package_identification:_identify(src/robot_slam) by extension 'ros'
[0.638s] DEBUG:colcon.colcon_core.package_identification:Package 'src/robot_slam' with type 'ros.ament_cmake' and name 'robot_slam'
[0.638s] Level 1:colcon.colcon_core.package_discovery:discover_packages(recursive) using defaults
[0.638s] Level 1:colcon.colcon_core.package_discovery:discover_packages(ignore) discover
[0.638s] Level 1:colcon.colcon_core.package_discovery:discover_packages(ignore) using defaults
[0.638s] Level 1:colcon.colcon_core.package_discovery:discover_packages(path) discover
[0.638s] Level 1:colcon.colcon_core.package_discovery:discover_packages(path) using defaults
[0.672s] Level 1:colcon.colcon_core.package_discovery:discover_packages(prefix_path) check parameters
[0.672s] Level 1:colcon.colcon_core.package_discovery:discover_packages(prefix_path) discover
[0.676s] DEBUG:colcon.colcon_installed_package_information.package_discovery:Found 4 installed packages in /home/pan/Documents/Freelance/work01_ws/install
[0.679s] DEBUG:colcon.colcon_installed_package_information.package_discovery:Found 359 installed packages in /opt/ros/humble
[0.681s] Level 1:colcon.colcon_core.package_discovery:discover_packages(prefix_path) using defaults
[0.788s] Level 5:colcon.colcon_core.verb:set package 'robot_description' build argument 'cmake_args' from command line to 'None'
[0.789s] Level 5:colcon.colcon_core.verb:set package 'robot_description' build argument 'cmake_target' from command line to 'None'
[0.789s] Level 5:colcon.colcon_core.verb:set package 'robot_description' build argument 'cmake_target_skip_unavailable' from command line to 'False'
[0.789s] Level 5:colcon.colcon_core.verb:set package 'robot_description' build argument 'cmake_clean_cache' from command line to 'False'
[0.789s] Level 5:colcon.colcon_core.verb:set package 'robot_description' build argument 'cmake_clean_first' from command line to 'False'
[0.789s] Level 5:colcon.colcon_core.verb:set package 'robot_description' build argument 'cmake_force_configure' from command line to 'False'
[0.789s] Level 5:colcon.colcon_core.verb:set package 'robot_description' build argument 'ament_cmake_args' from command line to 'None'
[0.789s] Level 5:colcon.colcon_core.verb:set package 'robot_description' build argument 'catkin_cmake_args' from command line to 'None'
[0.789s] Level 5:colcon.colcon_core.verb:set package 'robot_description' build argument 'catkin_skip_building_tests' from command line to 'False'
[0.789s] DEBUG:colcon.colcon_core.verb:Building package 'robot_description' with the following arguments: {'ament_cmake_args': None, 'build_base': '/home/pan/Documents/Freelance/work01_ws/build/robot_description', 'catkin_cmake_args': None, 'catkin_skip_building_tests': False, 'cmake_args': None, 'cmake_clean_cache': False, 'cmake_clean_first': False, 'cmake_force_configure': False, 'cmake_target': None, 'cmake_target_skip_unavailable': False, 'install_base': '/home/pan/Documents/Freelance/work01_ws/install/robot_description', 'merge_install': False, 'path': '/home/pan/Documents/Freelance/work01_ws/src/robot_description', 'symlink_install': True, 'test_result_base': None}
[0.790s] Level 5:colcon.colcon_core.verb:set package 'robot_navigation' build argument 'cmake_args' from command line to 'None'
[0.790s] Level 5:colcon.colcon_core.verb:set package 'robot_navigation' build argument 'cmake_target' from command line to 'None'
[0.790s] Level 5:colcon.colcon_core.verb:set package 'robot_navigation' build argument 'cmake_target_skip_unavailable' from command line to 'False'
[0.790s] Level 5:colcon.colcon_core.verb:set package 'robot_navigation' build argument 'cmake_clean_cache' from command line to 'False'
[0.790s] Level 5:colcon.colcon_core.verb:set package 'robot_navigation' build argument 'cmake_clean_first' from command line to 'False'
[0.790s] Level 5:colcon.colcon_core.verb:set package 'robot_navigation' build argument 'cmake_force_configure' from command line to 'False'
[0.790s] Level 5:colcon.colcon_core.verb:set package 'robot_navigation' build argument 'ament_cmake_args' from command line to 'None'
[0.790s] Level 5:colcon.colcon_core.verb:set package 'robot_navigation' build argument 'catkin_cmake_args' from command line to 'None'
[0.790s] Level 5:colcon.colcon_core.verb:set package 'robot_navigation' build argument 'catkin_skip_building_tests' from command line to 'False'
[0.790s] DEBUG:colcon.colcon_core.verb:Building package 'robot_navigation' with the following arguments: {'ament_cmake_args': None, 'build_base': '/home/pan/Documents/Freelance/work01_ws/build/robot_navigation', 'catkin_cmake_args': None, 'catkin_skip_building_tests': False, 'cmake_args': None, 'cmake_clean_cache': False, 'cmake_clean_first': False, 'cmake_force_configure': False, 'cmake_target': None, 'cmake_target_skip_unavailable': False, 'install_base': '/home/pan/Documents/Freelance/work01_ws/install/robot_navigation', 'merge_install': False, 'path': '/home/pan/Documents/Freelance/work01_ws/src/robot_navigation', 'symlink_install': True, 'test_result_base': None}
[0.790s] Level 5:colcon.colcon_core.verb:set package 'robot_slam' build argument 'cmake_args' from command line to 'None'
[0.790s] Level 5:colcon.colcon_core.verb:set package 'robot_slam' build argument 'cmake_target' from command line to 'None'
[0.790s] Level 5:colcon.colcon_core.verb:set package 'robot_slam' build argument 'cmake_target_skip_unavailable' from command line to 'False'
[0.790s] Level 5:colcon.colcon_core.verb:set package 'robot_slam' build argument 'cmake_clean_cache' from command line to 'False'
[0.790s] Level 5:colcon.colcon_core.verb:set package 'robot_slam' build argument 'cmake_clean_first' from command line to 'False'
[0.790s] Level 5:colcon.colcon_core.verb:set package 'robot_slam' build argument 'cmake_force_configure' from command line to 'False'
[0.790s] Level 5:colcon.colcon_core.verb:set package 'robot_slam' build argument 'ament_cmake_args' from command line to 'None'
[0.790s] Level 5:colcon.colcon_core.verb:set package 'robot_slam' build argument 'catkin_cmake_args' from command line to 'None'
[0.790s] Level 5:colcon.colcon_core.verb:set package 'robot_slam' build argument 'catkin_skip_building_tests' from command line to 'False'
[0.791s] DEBUG:colcon.colcon_core.verb:Building package 'robot_slam' with the following arguments: {'ament_cmake_args': None, 'build_base': '/home/pan/Documents/Freelance/work01_ws/build/robot_slam', 'catkin_cmake_args': None, 'catkin_skip_building_tests': False, 'cmake_args': None, 'cmake_clean_cache': False, 'cmake_clean_first': False, 'cmake_force_configure': False, 'cmake_target': None, 'cmake_target_skip_unavailable': False, 'install_base': '/home/pan/Documents/Freelance/work01_ws/install/robot_slam', 'merge_install': False, 'path': '/home/pan/Documents/Freelance/work01_ws/src/robot_slam', 'symlink_install': True, 'test_result_base': None}
[0.791s] Level 5:colcon.colcon_core.verb:set package 'robot_simulation' build argument 'cmake_args' from command line to 'None'
[0.791s] Level 5:colcon.colcon_core.verb:set package 'robot_simulation' build argument 'cmake_target' from command line to 'None'
[0.791s] Level 5:colcon.colcon_core.verb:set package 'robot_simulation' build argument 'cmake_target_skip_unavailable' from command line to 'False'
[0.791s] Level 5:colcon.colcon_core.verb:set package 'robot_simulation' build argument 'cmake_clean_cache' from command line to 'False'
[0.791s] Level 5:colcon.colcon_core.verb:set package 'robot_simulation' build argument 'cmake_clean_first' from command line to 'False'
[0.791s] Level 5:colcon.colcon_core.verb:set package 'robot_simulation' build argument 'cmake_force_configure' from command line to 'False'
[0.791s] Level 5:colcon.colcon_core.verb:set package 'robot_simulation' build argument 'ament_cmake_args' from command line to 'None'
[0.791s] Level 5:colcon.colcon_core.verb:set package 'robot_simulation' build argument 'catkin_cmake_args' from command line to 'None'
[0.791s] Level 5:colcon.colcon_core.verb:set package 'robot_simulation' build argument 'catkin_skip_building_tests' from command line to 'False'
[0.791s] DEBUG:colcon.colcon_core.verb:Building package 'robot_simulation' with the following arguments: {'ament_cmake_args': None, 'build_base': '/home/pan/Documents/Freelance/work01_ws/build/robot_simulation', 'catkin_cmake_args': None, 'catkin_skip_building_tests': False, 'cmake_args': None, 'cmake_clean_cache': False, 'cmake_clean_first': False, 'cmake_force_configure': False, 'cmake_target': None, 'cmake_target_skip_unavailable': False, 'install_base': '/home/pan/Documents/Freelance/work01_ws/install/robot_simulation', 'merge_install': False, 'path': '/home/pan/Documents/Freelance/work01_ws/src/robot_simulation', 'symlink_install': True, 'test_result_base': None}
[0.792s] INFO:colcon.colcon_core.executor:Executing jobs using 'parallel' executor
[0.796s] DEBUG:colcon.colcon_parallel_executor.executor.parallel:run_until_complete
[0.797s] INFO:colcon.colcon_ros.task.ament_cmake.build:Building ROS package in '/home/pan/Documents/Freelance/work01_ws/src/robot_description' with build type 'ament_cmake'
[0.798s] INFO:colcon.colcon_cmake.task.cmake.build:Building CMake package in '/home/pan/Documents/Freelance/work01_ws/src/robot_description'
[0.804s] INFO:colcon.colcon_core.plugin_system:Skipping extension 'colcon_core.shell.bat': Not used on non-Windows systems
[0.805s] INFO:colcon.colcon_core.shell:Skip shell extension 'powershell' for command environment: Not usable outside of PowerShell
[0.805s] DEBUG:colcon.colcon_core.shell:Skip shell extension 'dsv' for command environment
[0.813s] INFO:colcon.colcon_ros.task.ament_cmake.build:Building ROS package in '/home/pan/Documents/Freelance/work01_ws/src/robot_navigation' with build type 'ament_cmake'
[0.816s] INFO:colcon.colcon_cmake.task.cmake.build:Building CMake package in '/home/pan/Documents/Freelance/work01_ws/src/robot_navigation'
[0.819s] INFO:colcon.colcon_core.shell:Skip shell extension 'powershell' for command environment: Not usable outside of PowerShell
[0.819s] DEBUG:colcon.colcon_core.shell:Skip shell extension 'dsv' for command environment
[0.832s] INFO:colcon.colcon_ros.task.ament_cmake.build:Building ROS package in '/home/pan/Documents/Freelance/work01_ws/src/robot_slam' with build type 'ament_cmake'
[0.833s] INFO:colcon.colcon_cmake.task.cmake.build:Building CMake package in '/home/pan/Documents/Freelance/work01_ws/src/robot_slam'
[0.836s] INFO:colcon.colcon_core.shell:Skip shell extension 'powershell' for command environment: Not usable outside of PowerShell
[0.836s] DEBUG:colcon.colcon_core.shell:Skip shell extension 'dsv' for command environment
[0.855s] DEBUG:colcon.colcon_core.event_handler.log_command:Invoking command in '/home/pan/Documents/Freelance/work01_ws/build/robot_description': CMAKE_PREFIX_PATH=${CMAKE_PREFIX_PATH}:/opt/ros/humble /usr/bin/cmake --build /home/pan/Documents/Freelance/work01_ws/build/robot_description -- -j12 -l12
[0.873s] DEBUG:colcon.colcon_core.event_handler.log_command:Invoking command in '/home/pan/Documents/Freelance/work01_ws/build/robot_navigation': CMAKE_PREFIX_PATH=${CMAKE_PREFIX_PATH}:/opt/ros/humble /usr/bin/cmake --build /home/pan/Documents/Freelance/work01_ws/build/robot_navigation -- -j12 -l12
[0.884s] DEBUG:colcon.colcon_core.event_handler.log_command:Invoking command in '/home/pan/Documents/Freelance/work01_ws/build/robot_slam': CMAKE_PREFIX_PATH=${CMAKE_PREFIX_PATH}:/opt/ros/humble /usr/bin/cmake --build /home/pan/Documents/Freelance/work01_ws/build/robot_slam -- -j12 -l12
[0.997s] DEBUG:colcon.colcon_core.event_handler.log_command:Invoked command in '/home/pan/Documents/Freelance/work01_ws/build/robot_slam' returned '0': CMAKE_PREFIX_PATH=${CMAKE_PREFIX_PATH}:/opt/ros/humble /usr/bin/cmake --build /home/pan/Documents/Freelance/work01_ws/build/robot_slam -- -j12 -l12
[1.015s] DEBUG:colcon.colcon_core.event_handler.log_command:Invoked command in '/home/pan/Documents/Freelance/work01_ws/build/robot_description' returned '0': CMAKE_PREFIX_PATH=${CMAKE_PREFIX_PATH}:/opt/ros/humble /usr/bin/cmake --build /home/pan/Documents/Freelance/work01_ws/build/robot_description -- -j12 -l12
[1.023s] DEBUG:colcon.colcon_core.event_handler.log_command:Invoked command in '/home/pan/Documents/Freelance/work01_ws/build/robot_navigation' returned '0': CMAKE_PREFIX_PATH=${CMAKE_PREFIX_PATH}:/opt/ros/humble /usr/bin/cmake --build /home/pan/Documents/Freelance/work01_ws/build/robot_navigation -- -j12 -l12
[1.100s] DEBUG:colcon.colcon_core.event_handler.log_command:Invoking command in '/home/pan/Documents/Freelance/work01_ws/build/robot_slam': CMAKE_PREFIX_PATH=${CMAKE_PREFIX_PATH}:/opt/ros/humble /usr/bin/cmake --install /home/pan/Documents/Freelance/work01_ws/build/robot_slam
[1.113s] DEBUG:colcon.colcon_core.event_handler.log_command:Invoking command in '/home/pan/Documents/Freelance/work01_ws/build/robot_description': CMAKE_PREFIX_PATH=${CMAKE_PREFIX_PATH}:/opt/ros/humble /usr/bin/cmake --install /home/pan/Documents/Freelance/work01_ws/build/robot_description
[1.124s] DEBUG:colcon.colcon_core.event_handler.log_command:Invoking command in '/home/pan/Documents/Freelance/work01_ws/build/robot_navigation': CMAKE_PREFIX_PATH=${CMAKE_PREFIX_PATH}:/opt/ros/humble /usr/bin/cmake --install /home/pan/Documents/Freelance/work01_ws/build/robot_navigation
[1.189s] Level 1:colcon.colcon_core.environment:create_environment_scripts_only(robot_description)
[1.191s] DEBUG:colcon.colcon_core.event_handler.log_command:Invoked command in '/home/pan/Documents/Freelance/work01_ws/build/robot_description' returned '0': CMAKE_PREFIX_PATH=${CMAKE_PREFIX_PATH}:/opt/ros/humble /usr/bin/cmake --install /home/pan/Documents/Freelance/work01_ws/build/robot_description
[1.220s] Level 1:colcon.colcon_core.environment:checking '/home/pan/Documents/Freelance/work01_ws/install/robot_description' for CMake module files
[1.222s] Level 1:colcon.colcon_core.environment:checking '/home/pan/Documents/Freelance/work01_ws/install/robot_description' for CMake config files
[1.224s] Level 1:colcon.colcon_core.shell:create_environment_hook('robot_description', 'cmake_prefix_path')
[1.227s] INFO:colcon.colcon_core.shell:Creating environment hook '/home/pan/Documents/Freelance/work01_ws/install/robot_description/share/robot_description/hook/cmake_prefix_path.ps1'
[1.231s] INFO:colcon.colcon_core.shell:Creating environment descriptor '/home/pan/Documents/Freelance/work01_ws/install/robot_description/share/robot_description/hook/cmake_prefix_path.dsv'
[1.236s] INFO:colcon.colcon_core.shell:Creating environment hook '/home/pan/Documents/Freelance/work01_ws/install/robot_description/share/robot_description/hook/cmake_prefix_path.sh'
[1.241s] Level 1:colcon.colcon_core.environment:checking '/home/pan/Documents/Freelance/work01_ws/install/robot_description/bin'
[1.242s] Level 1:colcon.colcon_core.environment:checking '/home/pan/Documents/Freelance/work01_ws/install/robot_description/lib/pkgconfig/robot_description.pc'
[1.242s] Level 1:colcon.colcon_core.environment:checking '/home/pan/Documents/Freelance/work01_ws/install/robot_description/lib/python3.10/site-packages'
[1.243s] Level 1:colcon.colcon_core.environment:checking '/home/pan/Documents/Freelance/work01_ws/install/robot_description/bin'
[1.246s] INFO:colcon.colcon_core.shell:Creating package script '/home/pan/Documents/Freelance/work01_ws/install/robot_description/share/robot_description/package.ps1'
[1.248s] INFO:colcon.colcon_core.shell:Creating package descriptor '/home/pan/Documents/Freelance/work01_ws/install/robot_description/share/robot_description/package.dsv'
[1.250s] INFO:colcon.colcon_core.shell:Creating package script '/home/pan/Documents/Freelance/work01_ws/install/robot_description/share/robot_description/package.sh'
[1.253s] INFO:colcon.colcon_core.shell:Creating package script '/home/pan/Documents/Freelance/work01_ws/install/robot_description/share/robot_description/package.bash'
[1.255s] INFO:colcon.colcon_core.shell:Creating package script '/home/pan/Documents/Freelance/work01_ws/install/robot_description/share/robot_description/package.zsh'
[1.257s] Level 1:colcon.colcon_core.environment:create_file_with_runtime_dependencies(/home/pan/Documents/Freelance/work01_ws/install/robot_description/share/colcon-core/packages/robot_description)
[1.263s] Level 1:colcon.colcon_core.environment:create_environment_scripts_only(robot_slam)
[1.267s] Level 1:colcon.colcon_core.environment:checking '/home/pan/Documents/Freelance/work01_ws/install/robot_slam' for CMake module files
[1.269s] DEBUG:colcon.colcon_core.event_handler.log_command:Invoked command in '/home/pan/Documents/Freelance/work01_ws/build/robot_slam' returned '0': CMAKE_PREFIX_PATH=${CMAKE_PREFIX_PATH}:/opt/ros/humble /usr/bin/cmake --install /home/pan/Documents/Freelance/work01_ws/build/robot_slam
[1.270s] Level 1:colcon.colcon_core.environment:checking '/home/pan/Documents/Freelance/work01_ws/install/robot_slam' for CMake config files
[1.272s] Level 1:colcon.colcon_core.shell:create_environment_hook('robot_slam', 'cmake_prefix_path')
[1.276s] INFO:colcon.colcon_core.shell:Creating environment hook '/home/pan/Documents/Freelance/work01_ws/install/robot_slam/share/robot_slam/hook/cmake_prefix_path.ps1'
[1.279s] INFO:colcon.colcon_core.shell:Creating environment descriptor '/home/pan/Documents/Freelance/work01_ws/install/robot_slam/share/robot_slam/hook/cmake_prefix_path.dsv'
[1.283s] INFO:colcon.colcon_core.shell:Creating environment hook '/home/pan/Documents/Freelance/work01_ws/install/robot_slam/share/robot_slam/hook/cmake_prefix_path.sh'
[1.287s] Level 1:colcon.colcon_core.environment:checking '/home/pan/Documents/Freelance/work01_ws/install/robot_slam/bin'
[1.288s] Level 1:colcon.colcon_core.environment:checking '/home/pan/Documents/Freelance/work01_ws/install/robot_slam/lib/pkgconfig/robot_slam.pc'
[1.289s] Level 1:colcon.colcon_core.environment:checking '/home/pan/Documents/Freelance/work01_ws/install/robot_slam/lib/python3.10/site-packages'
[1.290s] Level 1:colcon.colcon_core.environment:checking '/home/pan/Documents/Freelance/work01_ws/install/robot_slam/bin'
[1.294s] INFO:colcon.colcon_core.shell:Creating package script '/home/pan/Documents/Freelance/work01_ws/install/robot_slam/share/robot_slam/package.ps1'
[1.298s] INFO:colcon.colcon_core.shell:Creating package descriptor '/home/pan/Documents/Freelance/work01_ws/install/robot_slam/share/robot_slam/package.dsv'
[1.301s] INFO:colcon.colcon_core.shell:Creating package script '/home/pan/Documents/Freelance/work01_ws/install/robot_slam/share/robot_slam/package.sh'
[1.306s] INFO:colcon.colcon_core.shell:Creating package script '/home/pan/Documents/Freelance/work01_ws/install/robot_slam/share/robot_slam/package.bash'
[1.308s] INFO:colcon.colcon_core.shell:Creating package script '/home/pan/Documents/Freelance/work01_ws/install/robot_slam/share/robot_slam/package.zsh'
[1.310s] Level 1:colcon.colcon_core.environment:create_file_with_runtime_dependencies(/home/pan/Documents/Freelance/work01_ws/install/robot_slam/share/colcon-core/packages/robot_slam)
[1.345s] Level 1:colcon.colcon_core.environment:create_environment_scripts_only(robot_description)
[1.349s] Level 1:colcon.colcon_core.environment:checking '/home/pan/Documents/Freelance/work01_ws/install/robot_description' for CMake module files
[1.351s] Level 1:colcon.colcon_core.environment:checking '/home/pan/Documents/Freelance/work01_ws/install/robot_description' for CMake config files
[1.352s] Level 1:colcon.colcon_core.shell:create_environment_hook('robot_description', 'cmake_prefix_path')
[1.355s] INFO:colcon.colcon_core.shell:Creating environment hook '/home/pan/Documents/Freelance/work01_ws/install/robot_description/share/robot_description/hook/cmake_prefix_path.ps1'
[1.356s] INFO:colcon.colcon_core.shell:Creating environment descriptor '/home/pan/Documents/Freelance/work01_ws/install/robot_description/share/robot_description/hook/cmake_prefix_path.dsv'
[1.358s] INFO:colcon.colcon_core.shell:Creating environment hook '/home/pan/Documents/Freelance/work01_ws/install/robot_description/share/robot_description/hook/cmake_prefix_path.sh'
[1.362s] Level 1:colcon.colcon_core.environment:checking '/home/pan/Documents/Freelance/work01_ws/install/robot_description/bin'
[1.363s] Level 1:colcon.colcon_core.environment:checking '/home/pan/Documents/Freelance/work01_ws/install/robot_description/lib/pkgconfig/robot_description.pc'
[1.363s] Level 1:colcon.colcon_core.environment:checking '/home/pan/Documents/Freelance/work01_ws/install/robot_description/lib/python3.10/site-packages'
[1.364s] Level 1:colcon.colcon_core.environment:checking '/home/pan/Documents/Freelance/work01_ws/install/robot_description/bin'
[1.370s] INFO:colcon.colcon_core.shell:Creating package script '/home/pan/Documents/Freelance/work01_ws/install/robot_description/share/robot_description/package.ps1'
[1.373s] INFO:colcon.colcon_core.shell:Creating package descriptor '/home/pan/Documents/Freelance/work01_ws/install/robot_description/share/robot_description/package.dsv'
[1.375s] INFO:colcon.colcon_core.shell:Creating package script '/home/pan/Documents/Freelance/work01_ws/install/robot_description/share/robot_description/package.sh'
[1.377s] INFO:colcon.colcon_core.shell:Creating package script '/home/pan/Documents/Freelance/work01_ws/install/robot_description/share/robot_description/package.bash'
[1.380s] INFO:colcon.colcon_core.shell:Creating package script '/home/pan/Documents/Freelance/work01_ws/install/robot_description/share/robot_description/package.zsh'
[1.382s] Level 1:colcon.colcon_core.environment:create_file_with_runtime_dependencies(/home/pan/Documents/Freelance/work01_ws/install/robot_description/share/colcon-core/packages/robot_description)
[1.385s] INFO:colcon.colcon_ros.task.ament_cmake.build:Building ROS package in '/home/pan/Documents/Freelance/work01_ws/src/robot_simulation' with build type 'ament_cmake'
[1.385s] INFO:colcon.colcon_cmake.task.cmake.build:Building CMake package in '/home/pan/Documents/Freelance/work01_ws/src/robot_simulation'
[1.389s] INFO:colcon.colcon_core.shell:Skip shell extension 'powershell' for command environment: Not usable outside of PowerShell
[1.389s] DEBUG:colcon.colcon_core.shell:Skip shell extension 'dsv' for command environment
[1.416s] Level 1:colcon.colcon_core.environment:create_environment_scripts_only(robot_slam)
[1.420s] Level 1:colcon.colcon_core.environment:checking '/home/pan/Documents/Freelance/work01_ws/install/robot_slam' for CMake module files
[1.421s] Level 1:colcon.colcon_core.environment:checking '/home/pan/Documents/Freelance/work01_ws/install/robot_slam' for CMake config files
[1.421s] Level 1:colcon.colcon_core.shell:create_environment_hook('robot_slam', 'cmake_prefix_path')
[1.426s] INFO:colcon.colcon_core.shell:Creating environment hook '/home/pan/Documents/Freelance/work01_ws/install/robot_slam/share/robot_slam/hook/cmake_prefix_path.ps1'
[1.432s] INFO:colcon.colcon_core.shell:Creating environment descriptor '/home/pan/Documents/Freelance/work01_ws/install/robot_slam/share/robot_slam/hook/cmake_prefix_path.dsv'
[1.436s] INFO:colcon.colcon_core.shell:Creating environment hook '/home/pan/Documents/Freelance/work01_ws/install/robot_slam/share/robot_slam/hook/cmake_prefix_path.sh'
[1.440s] Level 1:colcon.colcon_core.environment:checking '/home/pan/Documents/Freelance/work01_ws/install/robot_slam/bin'
[1.440s] Level 1:colcon.colcon_core.environment:checking '/home/pan/Documents/Freelance/work01_ws/install/robot_slam/lib/pkgconfig/robot_slam.pc'
[1.441s] Level 1:colcon.colcon_core.environment:checking '/home/pan/Documents/Freelance/work01_ws/install/robot_slam/lib/python3.10/site-packages'
[1.442s] Level 1:colcon.colcon_core.environment:checking '/home/pan/Documents/Freelance/work01_ws/install/robot_slam/bin'
[1.445s] INFO:colcon.colcon_core.shell:Creating package script '/home/pan/Documents/Freelance/work01_ws/install/robot_slam/share/robot_slam/package.ps1'
[1.447s] INFO:colcon.colcon_core.shell:Creating package descriptor '/home/pan/Documents/Freelance/work01_ws/install/robot_slam/share/robot_slam/package.dsv'
[1.449s] INFO:colcon.colcon_core.shell:Creating package script '/home/pan/Documents/Freelance/work01_ws/install/robot_slam/share/robot_slam/package.sh'
[1.450s] INFO:colcon.colcon_core.shell:Creating package script '/home/pan/Documents/Freelance/work01_ws/install/robot_slam/share/robot_slam/package.bash'
[1.451s] INFO:colcon.colcon_core.shell:Creating package script '/home/pan/Documents/Freelance/work01_ws/install/robot_slam/share/robot_slam/package.zsh'
[1.451s] Level 1:colcon.colcon_core.environment:create_file_with_runtime_dependencies(/home/pan/Documents/Freelance/work01_ws/install/robot_slam/share/colcon-core/packages/robot_slam)
[1.477s] DEBUG:colcon.colcon_core.event_handler.log_command:Invoking command in '/home/pan/Documents/Freelance/work01_ws/build/robot_simulation': CMAKE_PREFIX_PATH=/home/pan/Documents/Freelance/work01_ws/install/robot_description:/home/pan/Documents/Freelance/work01_ws/install/robot_slam:/home/pan/Documents/Freelance/work01_ws/install/robot_simulation:/home/pan/Documents/Freelance/work01_ws/install/robot_navigation:/opt/ros/humble /usr/bin/cmake --build /home/pan/Documents/Freelance/work01_ws/build/robot_simulation -- -j12 -l12
[1.622s] DEBUG:colcon.colcon_core.event_handler.log_command:Invoked command in '/home/pan/Documents/Freelance/work01_ws/build/robot_simulation' returned '0': CMAKE_PREFIX_PATH=/home/pan/Documents/Freelance/work01_ws/install/robot_description:/home/pan/Documents/Freelance/work01_ws/install/robot_slam:/home/pan/Documents/Freelance/work01_ws/install/robot_simulation:/home/pan/Documents/Freelance/work01_ws/install/robot_navigation:/opt/ros/humble /usr/bin/cmake --build /home/pan/Documents/Freelance/work01_ws/build/robot_simulation -- -j12 -l12
[1.713s] Level 1:colcon.colcon_core.environment:create_environment_scripts_only(robot_navigation)
[1.716s] Level 1:colcon.colcon_core.environment:checking '/home/pan/Documents/Freelance/work01_ws/install/robot_navigation' for CMake module files
[1.717s] DEBUG:colcon.colcon_core.event_handler.log_command:Invoking command in '/home/pan/Documents/Freelance/work01_ws/build/robot_simulation': CMAKE_PREFIX_PATH=/home/pan/Documents/Freelance/work01_ws/install/robot_description:/home/pan/Documents/Freelance/work01_ws/install/robot_slam:/home/pan/Documents/Freelance/work01_ws/install/robot_simulation:/home/pan/Documents/Freelance/work01_ws/install/robot_navigation:/opt/ros/humble /usr/bin/cmake --install /home/pan/Documents/Freelance/work01_ws/build/robot_simulation
[1.720s] DEBUG:colcon.colcon_core.event_handler.log_command:Invoked command in '/home/pan/Documents/Freelance/work01_ws/build/robot_navigation' returned '0': CMAKE_PREFIX_PATH=${CMAKE_PREFIX_PATH}:/opt/ros/humble /usr/bin/cmake --install /home/pan/Documents/Freelance/work01_ws/build/robot_navigation
[1.722s] Level 1:colcon.colcon_core.environment:checking '/home/pan/Documents/Freelance/work01_ws/install/robot_navigation' for CMake config files
[1.723s] Level 1:colcon.colcon_core.shell:create_environment_hook('robot_navigation', 'cmake_prefix_path')
[1.727s] INFO:colcon.colcon_core.shell:Creating environment hook '/home/pan/Documents/Freelance/work01_ws/install/robot_navigation/share/robot_navigation/hook/cmake_prefix_path.ps1'
[1.730s] INFO:colcon.colcon_core.shell:Creating environment descriptor '/home/pan/Documents/Freelance/work01_ws/install/robot_navigation/share/robot_navigation/hook/cmake_prefix_path.dsv'
[1.736s] INFO:colcon.colcon_core.shell:Creating environment hook '/home/pan/Documents/Freelance/work01_ws/install/robot_navigation/share/robot_navigation/hook/cmake_prefix_path.sh'
[1.739s] Level 1:colcon.colcon_core.environment:checking '/home/pan/Documents/Freelance/work01_ws/install/robot_navigation/bin'
[1.740s] Level 1:colcon.colcon_core.environment:checking '/home/pan/Documents/Freelance/work01_ws/install/robot_navigation/lib/pkgconfig/robot_navigation.pc'
[1.740s] Level 1:colcon.colcon_core.environment:checking '/home/pan/Documents/Freelance/work01_ws/install/robot_navigation/lib/python3.10/site-packages'
[1.740s] Level 1:colcon.colcon_core.environment:checking '/home/pan/Documents/Freelance/work01_ws/install/robot_navigation/bin'
[1.742s] INFO:colcon.colcon_core.shell:Creating package script '/home/pan/Documents/Freelance/work01_ws/install/robot_navigation/share/robot_navigation/package.ps1'
[1.744s] INFO:colcon.colcon_core.shell:Creating package descriptor '/home/pan/Documents/Freelance/work01_ws/install/robot_navigation/share/robot_navigation/package.dsv'
[1.745s] INFO:colcon.colcon_core.shell:Creating package script '/home/pan/Documents/Freelance/work01_ws/install/robot_navigation/share/robot_navigation/package.sh'
[1.745s] INFO:colcon.colcon_core.shell:Creating package script '/home/pan/Documents/Freelance/work01_ws/install/robot_navigation/share/robot_navigation/package.bash'
[1.745s] INFO:colcon.colcon_core.shell:Creating package script '/home/pan/Documents/Freelance/work01_ws/install/robot_navigation/share/robot_navigation/package.zsh'
[1.746s] Level 1:colcon.colcon_core.environment:create_file_with_runtime_dependencies(/home/pan/Documents/Freelance/work01_ws/install/robot_navigation/share/colcon-core/packages/robot_navigation)
[1.765s] Level 1:colcon.colcon_core.environment:create_environment_scripts_only(robot_simulation)
[1.769s] Level 1:colcon.colcon_core.environment:checking '/home/pan/Documents/Freelance/work01_ws/install/robot_simulation' for CMake module files
[1.771s] DEBUG:colcon.colcon_core.event_handler.log_command:Invoked command in '/home/pan/Documents/Freelance/work01_ws/build/robot_simulation' returned '0': CMAKE_PREFIX_PATH=/home/pan/Documents/Freelance/work01_ws/install/robot_description:/home/pan/Documents/Freelance/work01_ws/install/robot_slam:/home/pan/Documents/Freelance/work01_ws/install/robot_simulation:/home/pan/Documents/Freelance/work01_ws/install/robot_navigation:/opt/ros/humble /usr/bin/cmake --install /home/pan/Documents/Freelance/work01_ws/build/robot_simulation
[1.773s] Level 1:colcon.colcon_core.environment:checking '/home/pan/Documents/Freelance/work01_ws/install/robot_simulation' for CMake config files
[1.775s] Level 1:colcon.colcon_core.shell:create_environment_hook('robot_simulation', 'cmake_prefix_path')
[1.778s] INFO:colcon.colcon_core.shell:Creating environment hook '/home/pan/Documents/Freelance/work01_ws/install/robot_simulation/share/robot_simulation/hook/cmake_prefix_path.ps1'
[1.780s] INFO:colcon.colcon_core.shell:Creating environment descriptor '/home/pan/Documents/Freelance/work01_ws/install/robot_simulation/share/robot_simulation/hook/cmake_prefix_path.dsv'
[1.782s] INFO:colcon.colcon_core.shell:Creating environment hook '/home/pan/Documents/Freelance/work01_ws/install/robot_simulation/share/robot_simulation/hook/cmake_prefix_path.sh'
[1.785s] Level 1:colcon.colcon_core.environment:checking '/home/pan/Documents/Freelance/work01_ws/install/robot_simulation/bin'
[1.785s] Level 1:colcon.colcon_core.environment:checking '/home/pan/Documents/Freelance/work01_ws/install/robot_simulation/lib/pkgconfig/robot_simulation.pc'
[1.786s] Level 1:colcon.colcon_core.environment:checking '/home/pan/Documents/Freelance/work01_ws/install/robot_simulation/lib/python3.10/site-packages'
[1.787s] Level 1:colcon.colcon_core.environment:checking '/home/pan/Documents/Freelance/work01_ws/install/robot_simulation/bin'
[1.791s] INFO:colcon.colcon_core.shell:Creating package script '/home/pan/Documents/Freelance/work01_ws/install/robot_simulation/share/robot_simulation/package.ps1'
[1.793s] INFO:colcon.colcon_core.shell:Creating package descriptor '/home/pan/Documents/Freelance/work01_ws/install/robot_simulation/share/robot_simulation/package.dsv'
[1.794s] INFO:colcon.colcon_core.shell:Creating package script '/home/pan/Documents/Freelance/work01_ws/install/robot_simulation/share/robot_simulation/package.sh'
[1.795s] INFO:colcon.colcon_core.shell:Creating package script '/home/pan/Documents/Freelance/work01_ws/install/robot_simulation/share/robot_simulation/package.bash'
[1.795s] INFO:colcon.colcon_core.shell:Creating package script '/home/pan/Documents/Freelance/work01_ws/install/robot_simulation/share/robot_simulation/package.zsh'
[1.796s] Level 1:colcon.colcon_core.environment:create_file_with_runtime_dependencies(/home/pan/Documents/Freelance/work01_ws/install/robot_simulation/share/colcon-core/packages/robot_simulation)
[1.803s] Level 1:colcon.colcon_core.environment:create_environment_scripts_only(robot_navigation)
[1.806s] Level 1:colcon.colcon_core.environment:checking '/home/pan/Documents/Freelance/work01_ws/install/robot_navigation' for CMake module files
[1.808s] Level 1:colcon.colcon_core.environment:checking '/home/pan/Documents/Freelance/work01_ws/install/robot_navigation' for CMake config files
[1.810s] Level 1:colcon.colcon_core.shell:create_environment_hook('robot_navigation', 'cmake_prefix_path')
[1.813s] INFO:colcon.colcon_core.shell:Creating environment hook '/home/pan/Documents/Freelance/work01_ws/install/robot_navigation/share/robot_navigation/hook/cmake_prefix_path.ps1'
[1.815s] INFO:colcon.colcon_core.shell:Creating environment descriptor '/home/pan/Documents/Freelance/work01_ws/install/robot_navigation/share/robot_navigation/hook/cmake_prefix_path.dsv'
[1.817s] INFO:colcon.colcon_core.shell:Creating environment hook '/home/pan/Documents/Freelance/work01_ws/install/robot_navigation/share/robot_navigation/hook/cmake_prefix_path.sh'
[1.821s] Level 1:colcon.colcon_core.environment:checking '/home/pan/Documents/Freelance/work01_ws/install/robot_navigation/bin'
[1.821s] Level 1:colcon.colcon_core.environment:checking '/home/pan/Documents/Freelance/work01_ws/install/robot_navigation/lib/pkgconfig/robot_navigation.pc'
[1.823s] Level 1:colcon.colcon_core.environment:checking '/home/pan/Documents/Freelance/work01_ws/install/robot_navigation/lib/python3.10/site-packages'
[1.824s] Level 1:colcon.colcon_core.environment:checking '/home/pan/Documents/Freelance/work01_ws/install/robot_navigation/bin'
[1.826s] INFO:colcon.colcon_core.shell:Creating package script '/home/pan/Documents/Freelance/work01_ws/install/robot_navigation/share/robot_navigation/package.ps1'
[1.828s] INFO:colcon.colcon_core.shell:Creating package descriptor '/home/pan/Documents/Freelance/work01_ws/install/robot_navigation/share/robot_navigation/package.dsv'
[1.829s] INFO:colcon.colcon_core.shell:Creating package script '/home/pan/Documents/Freelance/work01_ws/install/robot_navigation/share/robot_navigation/package.sh'
[1.829s] INFO:colcon.colcon_core.shell:Creating package script '/home/pan/Documents/Freelance/work01_ws/install/robot_navigation/share/robot_navigation/package.bash'
[1.830s] INFO:colcon.colcon_core.shell:Creating package script '/home/pan/Documents/Freelance/work01_ws/install/robot_navigation/share/robot_navigation/package.zsh'
[1.831s] Level 1:colcon.colcon_core.environment:create_file_with_runtime_dependencies(/home/pan/Documents/Freelance/work01_ws/install/robot_navigation/share/colcon-core/packages/robot_navigation)
[1.866s] Level 1:colcon.colcon_core.environment:create_environment_scripts_only(robot_simulation)
[1.869s] Level 1:colcon.colcon_core.environment:checking '/home/pan/Documents/Freelance/work01_ws/install/robot_simulation' for CMake module files
[1.870s] Level 1:colcon.colcon_core.environment:checking '/home/pan/Documents/Freelance/work01_ws/install/robot_simulation' for CMake config files
[1.870s] Level 1:colcon.colcon_core.shell:create_environment_hook('robot_simulation', 'cmake_prefix_path')
[1.873s] INFO:colcon.colcon_core.shell:Creating environment hook '/home/pan/Documents/Freelance/work01_ws/install/robot_simulation/share/robot_simulation/hook/cmake_prefix_path.ps1'
[1.875s] INFO:colcon.colcon_core.shell:Creating environment descriptor '/home/pan/Documents/Freelance/work01_ws/install/robot_simulation/share/robot_simulation/hook/cmake_prefix_path.dsv'
[1.877s] INFO:colcon.colcon_core.shell:Creating environment hook '/home/pan/Documents/Freelance/work01_ws/install/robot_simulation/share/robot_simulation/hook/cmake_prefix_path.sh'
[1.880s] Level 1:colcon.colcon_core.environment:checking '/home/pan/Documents/Freelance/work01_ws/install/robot_simulation/bin'
[1.880s] Level 1:colcon.colcon_core.environment:checking '/home/pan/Documents/Freelance/work01_ws/install/robot_simulation/lib/pkgconfig/robot_simulation.pc'
[1.880s] Level 1:colcon.colcon_core.environment:checking '/home/pan/Documents/Freelance/work01_ws/install/robot_simulation/lib/python3.10/site-packages'
[1.881s] Level 1:colcon.colcon_core.environment:checking '/home/pan/Documents/Freelance/work01_ws/install/robot_simulation/bin'
[1.884s] INFO:colcon.colcon_core.shell:Creating package script '/home/pan/Documents/Freelance/work01_ws/install/robot_simulation/share/robot_simulation/package.ps1'
[1.888s] INFO:colcon.colcon_core.shell:Creating package descriptor '/home/pan/Documents/Freelance/work01_ws/install/robot_simulation/share/robot_simulation/package.dsv'
[1.890s] INFO:colcon.colcon_core.shell:Creating package script '/home/pan/Documents/Freelance/work01_ws/install/robot_simulation/share/robot_simulation/package.sh'
[1.893s] INFO:colcon.colcon_core.shell:Creating package script '/home/pan/Documents/Freelance/work01_ws/install/robot_simulation/share/robot_simulation/package.bash'
[1.895s] INFO:colcon.colcon_core.shell:Creating package script '/home/pan/Documents/Freelance/work01_ws/install/robot_simulation/share/robot_simulation/package.zsh'
[1.896s] Level 1:colcon.colcon_core.environment:create_file_with_runtime_dependencies(/home/pan/Documents/Freelance/work01_ws/install/robot_simulation/share/colcon-core/packages/robot_simulation)
[1.898s] DEBUG:colcon.colcon_parallel_executor.executor.parallel:closing loop
[1.899s] DEBUG:colcon.colcon_parallel_executor.executor.parallel:loop closed
[1.899s] DEBUG:colcon.colcon_parallel_executor.executor.parallel:run_until_complete finished with '0'
[1.900s] DEBUG:colcon.colcon_core.event_reactor:joining thread
[1.917s] INFO:colcon.colcon_core.plugin_system:Skipping extension 'colcon_notification.desktop_notification.terminal_notifier': Not used on non-Darwin systems
[1.917s] INFO:colcon.colcon_core.plugin_system:Skipping extension 'colcon_notification.desktop_notification.win32': Not used on non-Windows systems
[1.917s] INFO:colcon.colcon_notification.desktop_notification:Sending desktop notification using 'notify2'
[1.977s] DEBUG:colcon.colcon_core.event_reactor:joined thread
[1.980s] INFO:colcon.colcon_core.shell:Creating prefix script '/home/pan/Documents/Freelance/work01_ws/install/local_setup.ps1'
[1.983s] INFO:colcon.colcon_core.shell:Creating prefix util module '/home/pan/Documents/Freelance/work01_ws/install/_local_setup_util_ps1.py'
[1.986s] INFO:colcon.colcon_core.shell:Creating prefix chain script '/home/pan/Documents/Freelance/work01_ws/install/setup.ps1'
[1.990s] INFO:colcon.colcon_core.shell:Creating prefix script '/home/pan/Documents/Freelance/work01_ws/install/local_setup.sh'
[1.992s] INFO:colcon.colcon_core.shell:Creating prefix util module '/home/pan/Documents/Freelance/work01_ws/install/_local_setup_util_sh.py'
[1.994s] INFO:colcon.colcon_core.shell:Creating prefix chain script '/home/pan/Documents/Freelance/work01_ws/install/setup.sh'
[2.000s] INFO:colcon.colcon_core.shell:Creating prefix script '/home/pan/Documents/Freelance/work01_ws/install/local_setup.bash'
[2.000s] INFO:colcon.colcon_core.shell:Creating prefix chain script '/home/pan/Documents/Freelance/work01_ws/install/setup.bash'
[2.004s] INFO:colcon.colcon_core.shell:Creating prefix script '/home/pan/Documents/Freelance/work01_ws/install/local_setup.zsh'
[2.006s] INFO:colcon.colcon_core.shell:Creating prefix chain script '/home/pan/Documents/Freelance/work01_ws/install/setup.zsh'
