[0.022s] Invoking command in '/home/pan/Documents/Freelance/work01_ws/build/robot_description': CMAKE_PREFIX_PATH=${CMAKE_PREFIX_PATH}:/opt/ros/humble /usr/bin/cmake --build /home/pan/Documents/Freelance/work01_ws/build/robot_description -- -j12 -l12
[0.061s] Invoked command in '/home/pan/Documents/Freelance/work01_ws/build/robot_description' returned '0': CMAKE_PREFIX_PATH=${CMAKE_PREFIX_PATH}:/opt/ros/humble /usr/bin/cmake --build /home/pan/Documents/Freelance/work01_ws/build/robot_description -- -j12 -l12
[0.087s] Invoking command in '/home/pan/Documents/Freelance/work01_ws/build/robot_description': CMAKE_PREFIX_PATH=${CMAKE_PREFIX_PATH}:/opt/ros/humble /usr/bin/cmake --install /home/pan/Documents/Freelance/work01_ws/build/robot_description
[0.093s] -- Install configuration: ""
[0.094s] -- Execute custom install script
[0.094s] -- Up-to-date symlink: /home/pan/Documents/Freelance/work01_ws/install/robot_description/share/robot_description/launch/robot_state_publisher.launch.py
[0.094s] -- Up-to-date symlink: /home/pan/Documents/Freelance/work01_ws/install/robot_description/share/robot_description/launch/robot_with_empty_world.launch.py
[0.095s] -- Up-to-date symlink: /home/pan/Documents/Freelance/work01_ws/install/robot_description/share/robot_description/urdf/robot.urdf
[0.095s] -- Up-to-date symlink: /home/pan/Documents/Freelance/work01_ws/install/robot_description/share/ament_index/resource_index/package_run_dependencies/robot_description
[0.095s] -- Up-to-date symlink: /home/pan/Documents/Freelance/work01_ws/install/robot_description/share/ament_index/resource_index/parent_prefix_path/robot_description
[0.095s] -- Up-to-date symlink: /home/pan/Documents/Freelance/work01_ws/install/robot_description/share/robot_description/environment/ament_prefix_path.sh
[0.095s] -- Up-to-date symlink: /home/pan/Documents/Freelance/work01_ws/install/robot_description/share/robot_description/environment/ament_prefix_path.dsv
[0.095s] -- Up-to-date symlink: /home/pan/Documents/Freelance/work01_ws/install/robot_description/share/robot_description/environment/path.sh
[0.095s] -- Up-to-date symlink: /home/pan/Documents/Freelance/work01_ws/install/robot_description/share/robot_description/environment/path.dsv
[0.095s] -- Up-to-date symlink: /home/pan/Documents/Freelance/work01_ws/install/robot_description/share/robot_description/local_setup.bash
[0.096s] -- Up-to-date symlink: /home/pan/Documents/Freelance/work01_ws/install/robot_description/share/robot_description/local_setup.sh
[0.096s] -- Up-to-date symlink: /home/pan/Documents/Freelance/work01_ws/install/robot_description/share/robot_description/local_setup.zsh
[0.096s] -- Up-to-date symlink: /home/pan/Documents/Freelance/work01_ws/install/robot_description/share/robot_description/local_setup.dsv
[0.096s] -- Symlinking: /home/pan/Documents/Freelance/work01_ws/install/robot_description/share/robot_description/package.dsv
[0.106s] -- Up-to-date symlink: /home/pan/Documents/Freelance/work01_ws/install/robot_description/share/ament_index/resource_index/packages/robot_description
[0.106s] -- Up-to-date symlink: /home/pan/Documents/Freelance/work01_ws/install/robot_description/share/robot_description/cmake/robot_descriptionConfig.cmake
[0.107s] -- Up-to-date symlink: /home/pan/Documents/Freelance/work01_ws/install/robot_description/share/robot_description/cmake/robot_descriptionConfig-version.cmake
[0.107s] -- Up-to-date symlink: /home/pan/Documents/Freelance/work01_ws/install/robot_description/share/robot_description/package.xml
[0.112s] Invoked command in '/home/pan/Documents/Freelance/work01_ws/build/robot_description' returned '0': CMAKE_PREFIX_PATH=${CMAKE_PREFIX_PATH}:/opt/ros/humble /usr/bin/cmake --install /home/pan/Documents/Freelance/work01_ws/build/robot_description
